Sun Mar 15 19:48:43 UserDiv from Layout.INI for AutoECO: 60
Sun Mar 15 19:48:43 Loaded file C:\CADENCE\SPB_16.2\TOOLS\LAYOUT_PLUS\DATA\_DEFAULT.TCH
Sun Mar 15 19:48:43 Loaded file C:\Cadence\SPB_16.2\tools\Layout_Plus\library\BCON100T.llb
Sun Mar 15 19:48:43 Loaded file C:\Cadence\SPB_16.2\tools\Layout_Plus\library\BCON156T.llb
Sun Mar 15 19:48:43 Loaded file C:\Cadence\SPB_16.2\tools\Layout_Plus\library\BGA.llb
Sun Mar 15 19:48:43 Loaded file C:\Cadence\SPB_16.2\tools\Layout_Plus\library\CLCC.llb
Sun Mar 15 19:48:43 Loaded file C:\Cadence\SPB_16.2\tools\Layout_Plus\library\DCON050T.llb
Sun Mar 15 19:48:43 Loaded file C:\Cadence\SPB_16.2\tools\Layout_Plus\library\DCON085T.llb
Sun Mar 15 19:48:43 Loaded file C:\Cadence\SPB_16.2\tools\Layout_Plus\library\DIMM050F.llb
Sun Mar 15 19:48:43 Loaded file C:\Cadence\SPB_16.2\tools\Layout_Plus\library\DIMM050T.llb
Sun Mar 15 19:48:43 Loaded file C:\Cadence\SPB_16.2\tools\Layout_Plus\library\DIN.llb
Sun Mar 15 19:48:43 Loaded file C:\Cadence\SPB_16.2\tools\Layout_Plus\library\DIP100B.llb
Sun Mar 15 19:48:43 Loaded file C:\Cadence\SPB_16.2\tools\Layout_Plus\library\DIP100T.llb
Sun Mar 15 19:48:43 Loaded file C:\Cadence\SPB_16.2\tools\Layout_Plus\library\DSUBT.llb
Sun Mar 15 19:48:43 Loaded file C:\Cadence\SPB_16.2\tools\Layout_Plus\library\DSUBT_HD.LLB
Sun Mar 15 19:48:43 Loaded file C:\Cadence\SPB_16.2\tools\Layout_Plus\library\ECON100T.llb
Sun Mar 15 19:48:43 Loaded file C:\Cadence\SPB_16.2\tools\Layout_Plus\library\FBUS.llb
Sun Mar 15 19:48:43 Loaded file C:\Cadence\SPB_16.2\tools\Layout_Plus\library\ISA.llb
Sun Mar 15 19:48:43 Loaded file C:\Cadence\SPB_16.2\tools\Layout_Plus\library\JUMPER.LLB
Sun Mar 15 19:48:43 Loaded file C:\Cadence\SPB_16.2\tools\Layout_Plus\library\LAYOUT.llb
Sun Mar 15 19:48:43 Loaded file C:\Cadence\SPB_16.2\tools\Layout_Plus\library\LCON100T.llb
Sun Mar 15 19:48:43 Loaded file C:\Cadence\SPB_16.2\tools\Layout_Plus\library\PC104.llb
Sun Mar 15 19:48:43 Loaded file C:\Cadence\SPB_16.2\tools\Layout_Plus\library\PCI.llb
Sun Mar 15 19:48:43 Loaded file C:\Cadence\SPB_16.2\tools\Layout_Plus\library\PCON100T.llb
Sun Mar 15 19:48:43 Loaded file C:\Cadence\SPB_16.2\tools\Layout_Plus\library\PCON156T.llb
Sun Mar 15 19:48:43 Loaded file C:\Cadence\SPB_16.2\tools\Layout_Plus\library\PGA.llb
Sun Mar 15 19:48:43 Loaded file C:\Cadence\SPB_16.2\tools\Layout_Plus\library\PLCC.llb
Sun Mar 15 19:48:43 Loaded file C:\Cadence\SPB_16.2\tools\Layout_Plus\library\QUAD.llb
Sun Mar 15 19:48:43 Loaded file C:\Cadence\SPB_16.2\tools\Layout_Plus\library\QUADB.llb
Sun Mar 15 19:48:43 Loaded file C:\Cadence\SPB_16.2\tools\Layout_Plus\library\RELAY.llb
Sun Mar 15 19:48:43 Loaded file C:\Cadence\SPB_16.2\tools\Layout_Plus\library\RF.llb
Sun Mar 15 19:48:43 Loaded file C:\Cadence\SPB_16.2\tools\Layout_Plus\library\SBUS.llb
Sun Mar 15 19:48:43 Loaded file C:\Cadence\SPB_16.2\tools\Layout_Plus\library\SIMM050F.llb
Sun Mar 15 19:48:43 Loaded file C:\Cadence\SPB_16.2\tools\Layout_Plus\library\SIMM050T.llb
Sun Mar 15 19:48:43 Loaded file C:\Cadence\SPB_16.2\tools\Layout_Plus\library\SIMM100F.llb
Sun Mar 15 19:48:43 Loaded file C:\Cadence\SPB_16.2\tools\Layout_Plus\library\SIMM100T.llb
Sun Mar 15 19:48:43 Loaded file C:\Cadence\SPB_16.2\tools\Layout_Plus\library\SIP.llb
Sun Mar 15 19:48:43 Loaded file C:\Cadence\SPB_16.2\tools\Layout_Plus\library\SM.llb
Sun Mar 15 19:48:43 Loaded file C:\Cadence\SPB_16.2\tools\Layout_Plus\library\SOG.llb
Sun Mar 15 19:48:43 Loaded file C:\Cadence\SPB_16.2\tools\Layout_Plus\library\SOJ.llb
Sun Mar 15 19:48:43 Loaded file C:\Cadence\SPB_16.2\tools\Layout_Plus\library\STIFF.llb
Sun Mar 15 19:48:43 Loaded file C:\Cadence\SPB_16.2\tools\Layout_Plus\library\TELE.llb
Sun Mar 15 19:48:43 Loaded file C:\Cadence\SPB_16.2\tools\Layout_Plus\library\TM_AXIAL.llb
Sun Mar 15 19:48:43 Loaded file C:\Cadence\SPB_16.2\tools\Layout_Plus\library\TM_CAP_P.llb
Sun Mar 15 19:48:43 Loaded file C:\Cadence\SPB_16.2\tools\Layout_Plus\library\TM_CYLND.llb
Sun Mar 15 19:48:43 Loaded file C:\Cadence\SPB_16.2\tools\Layout_Plus\library\TM_DIODE.llb
Sun Mar 15 19:48:43 Loaded file C:\Cadence\SPB_16.2\tools\Layout_Plus\library\TM_DISC.llb
Sun Mar 15 19:48:43 Loaded file C:\Cadence\SPB_16.2\tools\Layout_Plus\library\TM_RAD.llb
Sun Mar 15 19:48:43 Loaded file C:\Cadence\SPB_16.2\tools\Layout_Plus\library\TO.llb
Sun Mar 15 19:48:43 Loaded file C:\Cadence\SPB_16.2\tools\Layout_Plus\library\TRAINING.LLB
Sun Mar 15 19:48:43 Loaded file C:\Cadence\SPB_16.2\tools\Layout_Plus\library\VRES.llb
Sun Mar 15 19:48:43 Loaded file C:\Cadence\SPB_16.2\tools\Layout_Plus\library\WCON100T.llb
Sun Mar 15 19:48:43 Loaded file C:\Cadence\SPB_16.2\tools\Layout_Plus\library\XT.llb
Sun Mar 15 19:48:43 Loaded file C:\Cadence\SPB_16.2\tools\Layout_Plus\library\ZIGZAG.llb
Sun Mar 15 19:48:43 Error code 0000.002 (Cannot read FILE-B)
