(---------------------------------------------------------------------)
(                                                                     )
(    NC DRILL Log                                                     )
(                                                                     )
(    Drawing          : ENCODER_ZPULSE_DIRECTION.brd                  )
(    Software Version : 17.2P019                                      )
(    Date/Time        : Mon Aug 29 19:16:03 2016                      )
(                                                                     )
(---------------------------------------------------------------------)



 Processing NC Parameters file 'nc_param.txt' ...

 NC PARAMETERS
 -------------

 FORMAT   		2.5
 MACHINE-OFFSET		x:0.00000	y:0.00000   (mm)
 FEEDRATE		1
 COORDINATES		ABSOLUTE
 OUTPUT-UNITS		METRIC
 TOOL-ORDER		INCREASING
 REPEAT-CODES		YES
 SUPPRESS-LEAD-ZEROES	NO
 SUPPRESS-TRAIL-ZEROES	NO
 SUPPRESS-EQUAL		NO
 TOOL-SELECT		NO
 HEADER			none
 LEADER			12
 CODE			ASCII
 SEPARATE		NO
 SEPARATE-ROUTING	NO
 OPTIMIZE_DRILLING	NO
 ENHANCED_EXCELLON	NO
 SCALE			1.000000



 Drill files being output to directory 'E:/mlabviet/Cadence/Alegro/modules/Encoder Trigger with direction/allegro/gerber' ...



     'ENCODER_ZPULSE_DIRECTION-1-2.drl' created for holes connecting TOP and BOTTOM
     ------------------------------------------------------------------------------

           Num     Size      +/- Tolerance     Plating   Quantity

            1.   0.5000    0.0000/  0.0000      PLATED         23
            2.   1.0000    0.0000/  0.0000      PLATED         22
            3.   3.3000    0.0000/  0.0000      PLATED          2

     ---- Total holes:                                         47

     ---- Total head travel:              1.39 feet (0.42 meters)

