
---------------------------------------------------------------------------
BOARD: E:/MLABVIET/CADENCE/ALEGRO/MODULES/ENCODER TRIGGER WITH DIRECTION/allegro/ENCODER_ZPULSE_DIRECTION.brd ROUTER: 17.2
DATE: Mon Aug 29 02:30:39 2016        HOST: QUANGTHANH-PC
---------------------------------------------------------------------------
Cnt St-ex Router      Att  Inv Miss Com% Drcs Vias   Etch  Cpu exec  Cpu Tot
--------- ------    ----- ---- ---- ---- ---- ---- ------  -------- --------
  Start    ----        63    0    0 100%    0   23    34.0  0:02:33  0:00:00
  1s 1-1  oldrouter    6    0    0 100%    0   23    33.0  0:02:33  0:00:00

---------------------------------------------------------------------------
BOARD: E:/MLABVIET/CADENCE/ALEGRO/MODULES/ENCODER TRIGGER WITH DIRECTION/allegro/ENCODER_ZPULSE_DIRECTION.brd ROUTER: 17.2
DATE: Mon Aug 29 02:30:39 2016        HOST: QUANGTHANH-PC
---------------------------------------------------------------------------
Cnt St-ex Router      Att  Inv Miss Com% Drcs Vias   Etch  Cpu exec  Cpu Tot
--------- ------    ----- ---- ---- ---- ---- ---- ------  -------- --------
  Start    ----        63    0    0 100%    0   23    33.0  0:02:33  0:00:00

---------------------------------------------------------------------------
BOARD: E:/MLABVIET/CADENCE/ALEGRO/MODULES/ENCODER TRIGGER WITH DIRECTION/allegro/ENCODER_ZPULSE_DIRECTION.brd ROUTER: 17.2
DATE: Mon Aug 29 02:30:40 2016        HOST: QUANGTHANH-PC
---------------------------------------------------------------------------
Cnt St-ex Router      Att  Inv Miss Com% Drcs Vias   Etch  Cpu exec  Cpu Tot
--------- ------    ----- ---- ---- ---- ---- ---- ------  -------- --------
  Start    ----        63    0    0 100%    0   23    30.0  0:02:34  0:00:01
