(---------------------------------------------------------------------)
(                                                                     )
(    QUICKPLACE LOG                                                   )
(                                                                     )
(    Drawing          : ESP8266_PL2303_RELAY.brd                      )
(    Software Version : 17.2P028                                      )
(    Date/Time        : Thu Apr 13 01:01:57 2017                      )
(                                                                     )
(---------------------------------------------------------------------)


State: Placing on layer TOP

         Placed symbol:  U3 / PL2303-HX_SSOP28_SSOP28_PL2303- / SSOP28 at (3.4372 88.9032)
         Placed symbol:  U2 / ESP-12F_ESP8266_SMD_ESP8266-12F / ESP8266_SMD at (13.5418 81.9384)
         Placed symbol:  U1 / MINI USB_MINI_USB_MINIUSB / MINI_USB at (37.2722 84.3032)
         Placed symbol:  LS2 / RELAY SPDT_SONGLE_RELAY_5PINS_R / SONGLE_RELAY_5PINS at (51.4754 89.3032)
         Placed symbol:  LS1 / RELAY SPDT_SONGLE_RELAY_5PINS_R / SONGLE_RELAY_5PINS at (67.6786 89.3032)
         Placed symbol:  J2 / DC-JACK_1_DC_JACK_25_DIP_DC-JAC / DC_JACK_25_DIP at (8.2032 112.2532)
         Placed symbol:  Q1 / NPN BEC_1_SOT23_MMBT2222A / SOT23 at (18.7627 109.5032)
         Placed symbol:  J1 / CON3_TERMINALSCREW3PINS5MM_CON3 / TERMINALSCREW3PINS5MM at (27.5659 110.7416)
         Placed symbol:  J3 / CON3_TERMINALSCREW3PINS5MM_CON3 / TERMINALSCREW3PINS5MM at (42.7691 110.7416)
         Placed symbol:  Q2 / NPN BEC_1_SOT23_MMBT2222A / SOT23 at (53.5287 109.5032)
         Placed symbol:  U4 / ASM1117-SOT223_0_SOT223_ASM1117 / SOT223 at (58.7089 110.2173)
         Placed symbol:  C2 / CAPACITOR NON-POL_CAP_SMD_080_1 / CAP_SMD_0805 at (63.8685 106.9416)
         Placed symbol:  C3 / CAPACITOR NON-POL_CAP_SMD_080_1 / CAP_SMD_0805 at (69.5881 106.9416)
         Placed symbol:  C4 / CAPACITOR NON-POL_CAP_SMD_080_1 / CAP_SMD_0805 at (75.3077 106.9416)
         Placed symbol:  C16 / CAP_0_CAP_SMD_0603_1UF / CAP_SMD_0603 at (1.8232 117.4665)
         Placed symbol:  C11 / CAPACITOR NON-POL_CAP_SMD_080_1 / CAP_SMD_0805 at (4.8528 117.7564)
         Placed symbol:  C5 / CAPACITOR NON-POL_CAP_SMD_080_1 / CAP_SMD_0805 at (10.5724 117.7564)
         Placed symbol:  C8 / CAP NP_CAP_SMD_0603_100NF / CAP_SMD_0603 at (15.7056 117.4665)
         Placed symbol:  C9 / CAPACITOR POL_TANTALUM_7343_100 / TANTALUM_7343 at (26.0560 119.2063)
         Placed symbol:  D5 / LED_LED_SMD_0805_TX LED / LED_SMD_0805 at (29.3857 117.7564)
         Placed symbol:  D7 / LED_LED_SMD_0805_TX LED / LED_SMD_0805 at (35.0753 117.7564)
         Placed symbol:  D3 / LED_LED_SMD_0805_RX LED / LED_SMD_0805 at (40.7649 117.7564)
         Placed symbol:  D4 / LED_LED_SMD_0805_POWER LED / LED_SMD_0805 at (46.4545 117.7564)
         Placed symbol:  C7 / CAP NP_CAP_SMD_0603_100NF / CAP_SMD_0603 at (51.5877 117.4665)
         Placed symbol:  D1 / DIODE_0_1N4007_SMD_1N4007 / 1N4007_SMD at (56.3154 118.6544)
         Placed symbol:  C15 / CAP NP_CAP_SMD_0603_100NF / CAP_SMD_0603 at (61.0431 117.4665)
         Placed symbol:  D6 / DIODE_0_1N4007_SMD_1N4007 / 1N4007_SMD at (65.7708 118.6544)
         Placed symbol:  L2 / INDUCTOR_IND_SMD_2_6.8UH4.4A / IND_SMD_2 at (6.1782 125.6594)
         Placed symbol:  D2 / LED_LED_SMD_0805_TX LED / LED_SMD_0805 at (13.5328 122.4594)
         Placed symbol:  C13 / CAP NP_CAP_SMD_0603_100NF / CAP_SMD_0603 at (18.6660 122.1695)
         Placed symbol:  C6 / CAP NP_CAP_SMD_0603_100NF / CAP_SMD_0603 at (21.1092 122.1695)
         Placed symbol:  C14 / CAP NP_CAP_SMD_0603_100NF / CAP_SMD_0603 at (23.5524 122.1695)
         Placed symbol:  R1 / R_RES_SMD_0805_10K / RES_SMD_0805 at (26.5820 122.4594)
         Placed symbol:  R11 / R_RES_SMD_0805_10K / RES_SMD_0805 at (32.3016 122.4594)
         Placed symbol:  R14 / R_RES_SMD_0805_10K / RES_SMD_0805 at (38.0212 122.4594)
         Placed symbol:  R2 / R_RES_SMD_0805_10K / RES_SMD_0805 at (43.7408 122.4594)
         Placed symbol:  R10 / R_RES_SMD_0805_330R / RES_SMD_0805 at (49.4604 122.4594)
         Placed symbol:  R12 / R_RES_SMD_0805_330R / RES_SMD_0805 at (55.1800 122.4594)
         Placed symbol:  R13 / R_RES_SMD_0805_330R / RES_SMD_0805 at (60.8996 122.4594)
         Placed symbol:  R6 / R_RES_SMD_0805_330R / RES_SMD_0805 at (66.6192 122.4594)
         Placed symbol:  R7 / R_RES_SMD_0805_330R / RES_SMD_0805 at (72.3388 122.4594)
         Placed symbol:  R8 / R_RES_SMD_0805_330R / RES_SMD_0805 at (2.4096 130.6626)
         Placed symbol:  R9 / R_RES_SMD_0805_330R / RES_SMD_0805 at (8.1292 130.6626)
         Placed symbol:  R3 / R_RES_SMD_0805_4.7K / RES_SMD_0805 at (13.8488 130.6626)
         Placed symbol:  R4 / R_RES_SMD_0805_1.5K / RES_SMD_0805 at (19.5684 130.6626)
         Placed symbol:  R5 / R_RES_SMD_0805_0R / RES_SMD_0805 at (25.2880 130.6626)
         Placed symbol:  SW1 / SW_PB_SPST_SMD_2PIN_BUTTON_RESE / SMD_2PIN_BUTTON at (34.8776 131.8946)
         Placed symbol:  SW2 / SW_PB_SPST_SMD_2PIN_BUTTON_FLAS / SMD_2PIN_BUTTON at (45.4832 131.8946)
         Placed symbol:  C12 / CAP NP_CAP_SMD_0603_100NF / CAP_SMD_0603 at (51.6324 130.3727)
         Placed symbol:  C10 / CAP NP_CAP_SMD_0603_100NF / CAP_SMD_0603 at (54.0756 130.3727)
         Placed symbol:  L1 / INDUCTOR_RES_SMD_0805_INDUCTOR / RES_SMD_0805 at (57.1052 130.6626)
         Placed symbol:  C1 / CAPACITOR NON-POL_CAP_SMD_0805_ / CAP_SMD_0805 at (62.8248 130.6626)


Placed 52 of 52 applicable (52 total) symbols.

-----------------------------------------------------------------------

