(---------------------------------------------------------------------)
(                                                                     )
(    Glossing                                                         )
(                                                                     )
(    Drawing          : BINSENSORS.brd                                )
(    Software Version : 17.2P028                                      )
(    Date/Time        : Mon Jun 19 23:09:21 2017                      )
(                                                                     )
(---------------------------------------------------------------------)


**WARNING: Disabling dynamic shapes



Pad and T Fillet glossing in progress.
Started on Mon Jun 19 23:09:21 2017

 Round pads:          YES   max size: 2.5400
 Square pads:         YES   max size: 2.5400
 Rectangular pads:    YES   max size: 2.5400
 Oblong pads:         YES   max size: 2.5400
 Octagon pads:        YES   max size: 2.5400
 Pads as shapes:      NO 
 Pins:                YES
 Vias:                YES
 Bond Fingers:        NO 
 Ts:                  YES
 Unused nets:         YES
 Pads Without Drills: YES
 Desired Pin Angle:       90
 Desired Via Angle:       90
 Desired T Angle:         90
 Maximum Pin Angle:       90
 Maximum Via Angle:       90
 Maximum T Angle:         90
 Pin Maximum offset:      0.6350
 Via Maximum offset:      0.6350
 T Maximum offset:        0.6350
 Pin minimum line width:  0.0762
 Via minimum line width:  0.0762
 T minimum line width:    0.0762
 Pin maximum line width:  0.6350
 Via maximum line width:  0.6350
 T maximum line width:    0.6350
 Tapers:                  NO 
 Desired Taper Angle:     60
 Taper Maximum offset:    0.6350
 Allow drc:           NO 
 Dynamic:             NO 
 Curved lines:        NO 

*WARNING: Can't create fillet at pad (14.8000 11.2500) on subclass TOP.
          Removed due to DRC error.

*WARNING: Can't create fillet at pad (49.0000 23.7500) on subclass BOTTOM.
          Computed fillet point lies inside pad boundary; required to be outside.

*WARNING: Can't create fillet at pad (35.1000 7.5500) on subclass BOTTOM.
          Removed due to DRC error.

*WARNING: Can't create fillet at pad (2.3000 11.2500) on subclass TOP.
          Removed due to DRC error.

*WARNING: Can't create fillet at pad (45.5100 13.5700) on subclass BOTTOM.
          Line width greater than the maximum specified in glossing parameters.

*WARNING: Can't create fillet at pad (45.5100 8.4900) on subclass BOTTOM.
          Line width greater than the maximum specified in glossing parameters.

*WARNING: Can't fillet T at (38.4000 10.6400) on subclass BOTTOM.
          The fillet does not fit.

*WARNING: Can't fillet T at (39.1600 10.6400) on subclass BOTTOM.
          The fillet does not fit.

*WARNING: Can't create fillet at pad (42.6400 9.3700) on subclass BOTTOM.
          Computed fillet point lies inside pad boundary; required to be outside.

*WARNING: Can't create fillet at pad (38.4000 10.3500) on subclass BOTTOM.
          Computed fillet point lies inside pad boundary; required to be outside.

*WARNING: Can't fillet T at (11.4000 7.9940) on subclass BOTTOM.
          The fillet does not fit.

*WARNING: Can't fillet T at (17.5500 8.5599) on subclass BOTTOM.
          The fillet does not fit.

*WARNING: Can't create fillet at pad (17.5500 8.7000) on subclass BOTTOM.
          Unable to create fillet, parameters result in fillet entirely within pad.

*WARNING: Can't create fillet at pad (7.1000 26.8500) on subclass TOP.
          Removed due to DRC error.

*WARNING: Can't create fillet at pad (7.1000 27.6000) on subclass TOP.
          Line width exceeds (unrotated) height of destination pad.

*WARNING: Can't create fillet at pad (47.7000 21.0000) on subclass TOP.
          Computed fillet point lies inside pad boundary; required to be outside.

*WARNING: Can't create fillet at pad (52.3000 22.1500) on subclass BOTTOM.
          Removed due to DRC error.

*WARNING: Can't create fillet at pad (2.3000 9.7500) on subclass TOP.
          Removed due to DRC error.




Total number of fillets added: 141

Number of fillets rejected due to DRC errors: 6


Elapsed time:  0 hr 0 min 0 sec ( 0.00 hr)
Actual time of completion: Mon Jun 19 23:09:21 2017


There were 18 errors or warnings reported in logfile.


Glossing complete.
