Mon Jun 19 18:58:01 2017				Page     1


 
Update Symbols/Modules Logfile
	Mon Jun 19 18:58:01 2017

------ Module Refresh Messages ------

SUMMARY:    Updated 0 out of 0 modules

------ End Module Messages     ------



(---------------------------------------------------------------------)
(                                                                     )
(    Refresh Symbol                                                   )
(                                                                     )
(    Drawing          : BINSENSORS.brd                                )
(    Software Version : 17.2P019                                      )
(    Date/Time        : Mon Jun 19 18:58:01 2017                      )
(                                                                     )
(---------------------------------------------------------------------)


Mon Jun 19 18:58:01 2017				Page     1


------ Symbol Refresh Directives ------

Input design  = 'C:/DATA/GIT/CADENCE/MODULES/BINSENSORS/allegro/BINSENSORS.brd'
Output design = ''

Update mechanical symbols              = 'NO'
Update format symbols                  = 'NO'
Update package symbols                 = 'YES'
Update shape/flash symbols             = 'NO'
Update symbol padstacks                = 'NO'
Preserve padstacks replaced on pins    = 'NO'
Reset symbol text and size locations   = 'NO'
Reset Pin Escapes (fanouts)            = 'NO'
Ripup Etch                             = 'NO'
Reset custom drill data                = 'NO'


------ Library Paths ------
PSMPATH =  C:/DATA/git/hardware/Library/CadenceLib/layout/symbol_lib/ 
           . 
           symbols 
           .. 
           ../symbols 
           C:/Cadence/Cadence_SPB_17.2-2016/share/local/pcb/symbols 
           C:/Cadence/Cadence_SPB_17.2-2016/share/pcb/pcb_lib/symbols 
           C:/Cadence/Cadence_SPB_17.2-2016/share/pcb/allegrolib/symbols 

PADPATH =  C:/DATA/git/hardware/Library/CadenceLib/layout/symbol_lib/ 
           . 
           symbols 
           .. 
           ../symbols 
           C:/Cadence/Cadence_SPB_17.2-2016/share/local/pcb/padstacks 
           C:/Cadence/Cadence_SPB_17.2-2016/share/pcb/pcb_lib/symbols 
           C:/Cadence/Cadence_SPB_17.2-2016/share/pcb/allegrolib/symbols 


------ Symbol Refresh Messages ------

'ZM5202'  symbol refreshed successfully.
'SOIC_8'  symbol refreshed successfully.
'J1_7_254'  symbol refreshed successfully.
'AC2DC_CONVERTER'  symbol refreshed successfully.
'CONNECTOR4PINS'  symbol refreshed successfully.
'SOT223'  symbol refreshed successfully.
'CAP_SMD_0603'  symbol refreshed successfully.
'CAP_SMD_0805'  symbol refreshed successfully.
'LED_SMD_0603'  symbol refreshed successfully.
'KF850_2P'  symbol refreshed successfully.
'RES_SMD_0603'  symbol refreshed successfully.
'RES_SMD_0805'  symbol refreshed successfully.
'MYANTENA'  symbol refreshed successfully.


----- Symbol Update Summary ----

Updated symbols: 13 out 13
    Design updated.

