(---------------------------------------------------------------------)
(                                                                     )
(    ARTWORK LOG                                                      )
(                                                                     )
(    Drawing          : RPI_NRF24L01.brd                              )
(    Software Version : 17.2P019                                      )
(    Date/Time        : Fri Mar 17 17:17:09 2017                      )
(                                                                     )
(---------------------------------------------------------------------)


 ---- Photoplot outline rectangle not found; using drawing extents.



Results from parameter file ...
    DEVICE-TYPE           GERBER_RS274X
    OUTPUT-UNITS          MM
    FILM-SIZE             2400000 1600000
    FORMAT                2.5
    ABORT-ON-ERROR        NO
    SCALE                 1
    SUPPRESS-LEAD-ZEROES  YES
    SUPPRESS-TRAIL-ZEROES NO
    SUPPRESS-EQUAL        YES
    UNDEF-APT-CONT        NO



================================================================
     PROCESSING FILM < TOP >
     TO FILE < C:/DATA/GIT/CADENCE/MODULES/RPI_NRF24L01/allegro/TOP.art > ...
================================================================

  FILM PARAMETERS :
  ---------------------------------------------------------
  Undefined line width                0.0000
  Mirror code                         NONE
  Rotate angle                        NONE
  Offset x:                           0.0000
  Offset y:                           0.0000
  Plot negative                       NO
  Suppress unconnected internal pads  NO
  Draw holes only                     NO

    WARNING: Film contains objects with associated DRCs (61).
           In the design editor view this film and enable visibility for the
           associated DRC layer. Verify the DRCs are approved exceptions to your rules.


  APERTURES USED:
  ---------------------------------------------------------
  TYPE       SIZE/NAME                   ROT   MIRROR MODE 
  ---------------------------------------------------------
  CIRCLE     0.30000                                  DARK 
  CIRCLE     1.60000                                  DARK 
  CIRCLE     3.50000                                  DARK 
  SQUARE     1.20000                     0.000 NO     DARK 
  SQUARE     1.59990                     0.000 NO     DARK 
  RECTANGLE  5.50000     x 1.50000       0.000 NO     DARK 
  OBLONG     0.87500     x 0.30000       0.000 NO     DARK 
  OBLONG     0.87500     x 0.30000      90.000 NO     DARK 

     TOP created with warnings


================================================================
     PROCESSING FILM < BOTTOM >
     TO FILE < C:/DATA/GIT/CADENCE/MODULES/RPI_NRF24L01/allegro/BOTTOM.art > ...
================================================================

  FILM PARAMETERS :
  ---------------------------------------------------------
  Undefined line width                0.0000
  Mirror code                         NONE
  Rotate angle                        NONE
  Offset x:                           0.0000
  Offset y:                           0.0000
  Plot negative                       NO
  Suppress unconnected internal pads  NO
  Draw holes only                     NO



  APERTURES USED:
  ---------------------------------------------------------
  TYPE       SIZE/NAME                   ROT   MIRROR MODE 
  ---------------------------------------------------------
  CIRCLE     1.60000                                  DARK 
  CIRCLE     3.50000                                  DARK 
  SQUARE     1.59990                     0.000 NO     DARK 

     BOTTOM created.


================================================================
     PROCESSING FILM < SC_TOP >
     TO FILE < C:/DATA/GIT/CADENCE/MODULES/RPI_NRF24L01/allegro/SC_TOP.art > ...
================================================================

  FILM PARAMETERS :
  ---------------------------------------------------------
  Undefined line width                0.0000
  Mirror code                         NONE
  Rotate angle                        NONE
  Offset x:                           0.0000
  Offset y:                           0.0000
  Plot negative                       NO
  Suppress unconnected internal pads  NO
  Draw holes only                     NO



  APERTURES USED:
  ---------------------------------------------------------
  TYPE       SIZE/NAME                   ROT   MIRROR MODE 
  ---------------------------------------------------------
  CIRCLE     0.10000                                  DARK 
  CIRCLE     0.15000                                  DARK 
  CIRCLE     0.20000                                  DARK 

     SC_TOP created.


================================================================
     PROCESSING FILM < SM_TOP >
     TO FILE < C:/DATA/GIT/CADENCE/MODULES/RPI_NRF24L01/allegro/SM_TOP.art > ...
================================================================

  FILM PARAMETERS :
  ---------------------------------------------------------
  Undefined line width                0.0000
  Mirror code                         NONE
  Rotate angle                        NONE
  Offset x:                           0.0000
  Offset y:                           0.0000
  Plot negative                       NO
  Suppress unconnected internal pads  NO
  Draw holes only                     NO



  APERTURES USED:
  ---------------------------------------------------------
  TYPE       SIZE/NAME                   ROT   MIRROR MODE 
  ---------------------------------------------------------
  CIRCLE     1.90000                                  DARK 
  SQUARE     1.40000                     0.000 NO     DARK 
  SQUARE     2.00000                     0.000 NO     DARK 
  RECTANGLE  5.70000     x 1.70000       0.000 NO     DARK 
  OBLONG     0.87500     x 0.30000       0.000 NO     DARK 
  OBLONG     0.87500     x 0.30000      90.000 NO     DARK 

     SM_TOP created.


================================================================
     PROCESSING FILM < SP_TOP >
     TO FILE < C:/DATA/GIT/CADENCE/MODULES/RPI_NRF24L01/allegro/SP_TOP.art > ...
================================================================

  FILM PARAMETERS :
  ---------------------------------------------------------
  Undefined line width                0.0000
  Mirror code                         NONE
  Rotate angle                        NONE
  Offset x:                           0.0000
  Offset y:                           0.0000
  Plot negative                       NO
  Suppress unconnected internal pads  NO
  Draw holes only                     NO



  APERTURES USED:
  ---------------------------------------------------------
  TYPE       SIZE/NAME                   ROT   MIRROR MODE 
  ---------------------------------------------------------
  SQUARE     1.20000                     0.000 NO     DARK 
  RECTANGLE  5.50000     x 1.50000       0.000 NO     DARK 
  OBLONG     0.87500     x 0.30000       0.000 NO     DARK 
  OBLONG     0.87500     x 0.30000      90.000 NO     DARK 

     SP_TOP created.


================================================================
     PROCESSING FILM < OUTLINE >
     TO FILE < C:/DATA/GIT/CADENCE/MODULES/RPI_NRF24L01/allegro/OUTLINE.art > ...
================================================================

  FILM PARAMETERS :
  ---------------------------------------------------------
  Undefined line width                0.0000
  Mirror code                         NONE
  Rotate angle                        NONE
  Offset x:                           0.0000
  Offset y:                           0.0000
  Plot negative                       NO
  Suppress unconnected internal pads  NO
  Draw holes only                     NO

    WARNING: 0 width line found at (4.9343 3.9384)
           ... ignored.

    WARNING: Multiple 0 width lines; all will be treated the same as the first.
           ... ignored.



  APERTURES USED:
  ---------------------------------------------------------
  TYPE       SIZE/NAME                   ROT   MIRROR MODE 
  ---------------------------------------------------------
  CIRCLE     0.15000                                  DARK 

     OUTLINE created with warnings


================================================================
     PROCESSING FILM < SM_BOT >
     TO FILE < C:/DATA/GIT/CADENCE/MODULES/RPI_NRF24L01/allegro/SM_BOT.art > ...
================================================================

  FILM PARAMETERS :
  ---------------------------------------------------------
  Undefined line width                0.0000
  Mirror code                         NONE
  Rotate angle                        NONE
  Offset x:                           0.0000
  Offset y:                           0.0000
  Plot negative                       NO
  Suppress unconnected internal pads  NO
  Draw holes only                     NO



  APERTURES USED:
  ---------------------------------------------------------
  TYPE       SIZE/NAME                   ROT   MIRROR MODE 
  ---------------------------------------------------------
  CIRCLE     1.90000                                  DARK 
  SQUARE     1.80010                     0.000 NO     DARK 

     SM_BOT created.


------------------------------------------------------
 SUMMARY:
        TOP created with warnings
        BOTTOM created.
        SC_TOP created.
        SM_TOP created.
        SP_TOP created.
        OUTLINE created with warnings
        SM_BOT created.

 ARTWORK had warnings
