
---------------------------------------------------------------------------
BOARD: C:/DATA/GIT/CADENCE/MODULES/RPI_NRF24L01/allegro/RPI_NRF24L01.brd ROUTER: 17.2
DATE: Mon Mar 20 12:06:43 2017        HOST: DESKTOP-TPQV6B2
---------------------------------------------------------------------------
Cnt St-ex Router      Att  Inv Miss Com% Drcs Vias   Etch  Cpu exec  Cpu Tot
--------- ------    ----- ---- ---- ---- ---- ---- ------  -------- --------
  Start    ----        54    1    1  98%   45    0    16.0  0:00:12  0:00:12

---------------------------------------------------------------------------
BOARD: C:/DATA/GIT/CADENCE/MODULES/RPI_NRF24L01/allegro/RPI_NRF24L01.brd ROUTER: 17.2
DATE: Mon Mar 20 12:06:43 2017        HOST: DESKTOP-TPQV6B2
---------------------------------------------------------------------------
Cnt St-ex Router      Att  Inv Miss Com% Drcs Vias   Etch  Cpu exec  Cpu Tot
--------- ------    ----- ---- ---- ---- ---- ---- ------  -------- --------
  Start    ----        54    0    0 100%   45    0    16.0  0:00:12  0:00:12

---------------------------------------------------------------------------
BOARD: C:/DATA/GIT/CADENCE/MODULES/RPI_NRF24L01/allegro/RPI_NRF24L01.brd ROUTER: 17.2
DATE: Mon Mar 20 12:06:44 2017        HOST: DESKTOP-TPQV6B2
---------------------------------------------------------------------------
Cnt St-ex Router      Att  Inv Miss Com% Drcs Vias   Etch  Cpu exec  Cpu Tot
--------- ------    ----- ---- ---- ---- ---- ---- ------  -------- --------
  Start    ----        54    0    0 100%   45    0    16.0  0:00:12  0:00:12
