(---------------------------------------------------------------------)
(                                                                     )
(    ARTWORK LOG                                                      )
(                                                                     )
(    Drawing          : ZWAVE_SWITCH.brd                              )
(    Software Version : 17.2P019                                      )
(    Date/Time        : Sun May 21 20:44:41 2017                      )
(                                                                     )
(---------------------------------------------------------------------)



 ******************************************
 WARNING: DRC OUT OF DATE on this layout.
 ******************************************

 ---- Photoplot outline rectangle not found; using drawing extents.



Results from parameter file ...
    DEVICE-TYPE           GERBER_RS274X
    OUTPUT-UNITS          MM
    FILM-SIZE             2400000 1600000
    FORMAT                2.5
    ABORT-ON-ERROR        NO
    SCALE                 1
    SUPPRESS-LEAD-ZEROES  YES
    SUPPRESS-TRAIL-ZEROES NO
    SUPPRESS-EQUAL        YES
    UNDEF-APT-CONT        NO



================================================================
     PROCESSING FILM < TOP >
     TO FILE < C:/DATA/GIT/CADENCE/MODULES/RPI_DYNAMIXEL/ZWAVE_SWITCH/allegro/TOP.art > ...
================================================================

  FILM PARAMETERS :
  ---------------------------------------------------------
  Undefined line width                0.0000
  Mirror code                         NONE
  Rotate angle                        NONE
  Offset x:                           0.0000
  Offset y:                           0.0000
  Plot negative                       NO
  Suppress unconnected internal pads  NO
  Draw holes only                     NO

    WARNING: Film contains objects with associated DRCs (2).
           In the design editor view this film and enable visibility for the
           associated DRC layer. Verify the DRCs are approved exceptions to your rules.


  APERTURES USED:
  ---------------------------------------------------------
  TYPE       SIZE/NAME                   ROT   MIRROR MODE 
  ---------------------------------------------------------
  CIRCLE     0.30000                                  DARK 
  CIRCLE     0.50000                                  DARK 
  CIRCLE     1.00000                                  DARK 
  CIRCLE     1.59990                                  DARK 
  CIRCLE     3.00000                                  DARK 
  CIRCLE     3.20000                                  DARK 
  CIRCLE     3.50000                                  DARK 
  SQUARE     1.19990                     0.000 NO     DARK 
  SQUARE     1.52400                     0.000 NO     DARK 
  SQUARE     1.59990                     0.000 NO     DARK 
  RECTANGLE  0.80010     x 0.89990      90.000 NO     DARK 
  RECTANGLE  0.95000     x 2.15010      90.000 NO     DARK 
  RECTANGLE  1.10010     x 1.95000       0.000 NO     DARK 
  RECTANGLE  1.40000     x 2.15010       0.000 NO     DARK 
  RECTANGLE  1.95000     x 1.10010       0.000 NO     DARK 
  RECTANGLE  2.10000     x 1.60000      90.000 NO     DARK 
  RECTANGLE  2.15010     x 1.40000       0.000 NO     DARK 
  RECTANGLE  3.24990     x 2.15010      90.000 NO     DARK 

     TOP created with warnings


================================================================
     PROCESSING FILM < BOTTOM >
     TO FILE < C:/DATA/GIT/CADENCE/MODULES/RPI_DYNAMIXEL/ZWAVE_SWITCH/allegro/BOTTOM.art > ...
================================================================

  FILM PARAMETERS :
  ---------------------------------------------------------
  Undefined line width                0.0000
  Mirror code                         NONE
  Rotate angle                        NONE
  Offset x:                           0.0000
  Offset y:                           0.0000
  Plot negative                       NO
  Suppress unconnected internal pads  NO
  Draw holes only                     NO



  APERTURES USED:
  ---------------------------------------------------------
  TYPE       SIZE/NAME                   ROT   MIRROR MODE 
  ---------------------------------------------------------
  CIRCLE     0.30000                                  DARK 
  CIRCLE     0.50000                                  DARK 
  CIRCLE     1.00000                                  DARK 
  CIRCLE     1.59990                                  DARK 
  CIRCLE     3.00000                                  DARK 
  CIRCLE     3.20000                                  DARK 
  CIRCLE     3.50000                                  DARK 
  SQUARE     1.59990                     0.000 NO     DARK 

     BOTTOM created with warnings


================================================================
     PROCESSING FILM < SC_TOP >
     TO FILE < C:/DATA/GIT/CADENCE/MODULES/RPI_DYNAMIXEL/ZWAVE_SWITCH/allegro/SC_TOP.art > ...
================================================================

  FILM PARAMETERS :
  ---------------------------------------------------------
  Undefined line width                0.0000
  Mirror code                         NONE
  Rotate angle                        NONE
  Offset x:                           0.0000
  Offset y:                           0.0000
  Plot negative                       NO
  Suppress unconnected internal pads  NO
  Draw holes only                     NO

    WARNING: rectangle or unfilled shape composed 0 width line found at (-54.3000 -24.1300)
           ... ignored.



  APERTURES USED:
  ---------------------------------------------------------
  TYPE       SIZE/NAME                   ROT   MIRROR MODE 
  ---------------------------------------------------------
  CIRCLE     0.10000                                  DARK 
  CIRCLE     0.15000                                  DARK 
  CIRCLE     0.20000                                  DARK 
  CIRCLE     0.25400                                  DARK 
  CIRCLE     0.50000                                  DARK 

     SC_TOP created with warnings


================================================================
     PROCESSING FILM < SC_BOT >
     TO FILE < C:/DATA/GIT/CADENCE/MODULES/RPI_DYNAMIXEL/ZWAVE_SWITCH/allegro/SC_BOT.art > ...
================================================================

  FILM PARAMETERS :
  ---------------------------------------------------------
  Undefined line width                0.0000
  Mirror code                         NONE
  Rotate angle                        NONE
  Offset x:                           0.0000
  Offset y:                           0.0000
  Plot negative                       NO
  Suppress unconnected internal pads  NO
  Draw holes only                     NO

    WARNING: rectangle or unfilled shape having Multiple 0 width lines; all will be treated the same as the first.
           ... ignored.



  APERTURES USED:
  ---------------------------------------------------------
  TYPE       SIZE/NAME                   ROT   MIRROR MODE 
  ---------------------------------------------------------
  CIRCLE     0.10000                                  DARK 

     SC_BOT created with warnings


================================================================
     PROCESSING FILM < SM_TOP >
     TO FILE < C:/DATA/GIT/CADENCE/MODULES/RPI_DYNAMIXEL/ZWAVE_SWITCH/allegro/SM_TOP.art > ...
================================================================

  FILM PARAMETERS :
  ---------------------------------------------------------
  Undefined line width                0.0000
  Mirror code                         NONE
  Rotate angle                        NONE
  Offset x:                           0.0000
  Offset y:                           0.0000
  Plot negative                       NO
  Suppress unconnected internal pads  NO
  Draw holes only                     NO



  APERTURES USED:
  ---------------------------------------------------------
  TYPE       SIZE/NAME                   ROT   MIRROR MODE 
  ---------------------------------------------------------
  CIRCLE     1.50000                                  DARK 
  CIRCLE     1.89990                                  DARK 
  CIRCLE     3.59990                                  DARK 
  CIRCLE     3.70000                                  DARK 
  SQUARE     1.40000                     0.000 NO     DARK 
  SQUARE     1.65100                     0.000 NO     DARK 
  SQUARE     2.00000                     0.000 NO     DARK 
  RECTANGLE  1.00000     x 1.10010      90.000 NO     DARK 
  RECTANGLE  1.15010     x 2.35000      90.000 NO     DARK 
  RECTANGLE  1.30000     x 2.15010       0.000 NO     DARK 
  RECTANGLE  1.59990     x 2.35000       0.000 NO     DARK 
  RECTANGLE  2.10000     x 1.60000      90.000 NO     DARK 
  RECTANGLE  2.15010     x 1.30000       0.000 NO     DARK 
  RECTANGLE  2.35000     x 1.59990       0.000 NO     DARK 
  RECTANGLE  3.45010     x 2.35000      90.000 NO     DARK 

     SM_TOP created with warnings


================================================================
     PROCESSING FILM < SM_BOT >
     TO FILE < C:/DATA/GIT/CADENCE/MODULES/RPI_DYNAMIXEL/ZWAVE_SWITCH/allegro/SM_BOT.art > ...
================================================================

  FILM PARAMETERS :
  ---------------------------------------------------------
  Undefined line width                0.0000
  Mirror code                         NONE
  Rotate angle                        NONE
  Offset x:                           0.0000
  Offset y:                           0.0000
  Plot negative                       NO
  Suppress unconnected internal pads  NO
  Draw holes only                     NO



  APERTURES USED:
  ---------------------------------------------------------
  TYPE       SIZE/NAME                   ROT   MIRROR MODE 
  ---------------------------------------------------------
  CIRCLE     0.10000                                  DARK 
  CIRCLE     1.50000                                  DARK 
  CIRCLE     1.89990                                  DARK 
  CIRCLE     3.59990                                  DARK 
  CIRCLE     3.70000                                  DARK 
  SQUARE     1.80010                     0.000 NO     DARK 

     SM_BOT created with warnings


================================================================
     PROCESSING FILM < SP_TOP >
     TO FILE < C:/DATA/GIT/CADENCE/MODULES/RPI_DYNAMIXEL/ZWAVE_SWITCH/allegro/SP_TOP.art > ...
================================================================

  FILM PARAMETERS :
  ---------------------------------------------------------
  Undefined line width                0.0000
  Mirror code                         NONE
  Rotate angle                        NONE
  Offset x:                           0.0000
  Offset y:                           0.0000
  Plot negative                       NO
  Suppress unconnected internal pads  NO
  Draw holes only                     NO



  APERTURES USED:
  ---------------------------------------------------------
  TYPE       SIZE/NAME                   ROT   MIRROR MODE 
  ---------------------------------------------------------
  SQUARE     1.19990                     0.000 NO     DARK 
  SQUARE     1.47320                     0.000 NO     DARK 
  RECTANGLE  0.80010     x 0.89990      90.000 NO     DARK 
  RECTANGLE  0.95000     x 2.15010      90.000 NO     DARK 
  RECTANGLE  1.10010     x 1.95000       0.000 NO     DARK 
  RECTANGLE  1.40000     x 2.15010       0.000 NO     DARK 
  RECTANGLE  1.95000     x 1.10010       0.000 NO     DARK 
  RECTANGLE  2.10000     x 1.60000      90.000 NO     DARK 
  RECTANGLE  2.15010     x 1.40000       0.000 NO     DARK 
  RECTANGLE  3.24990     x 2.15010      90.000 NO     DARK 

     SP_TOP created with warnings


================================================================
     PROCESSING FILM < SP_BOT >
     TO FILE < C:/DATA/GIT/CADENCE/MODULES/RPI_DYNAMIXEL/ZWAVE_SWITCH/allegro/SP_BOT.art > ...
================================================================

  FILM PARAMETERS :
  ---------------------------------------------------------
  Undefined line width                0.0000
  Mirror code                         NONE
  Rotate angle                        NONE
  Offset x:                           0.0000
  Offset y:                           0.0000
  Plot negative                       NO
  Suppress unconnected internal pads  NO
  Draw holes only                     NO



  APERTURES USED:  NONE
     SP_BOT created with warnings


================================================================
     PROCESSING FILM < OUTLINE >
     TO FILE < C:/DATA/GIT/CADENCE/MODULES/RPI_DYNAMIXEL/ZWAVE_SWITCH/allegro/OUTLINE.art > ...
================================================================

  FILM PARAMETERS :
  ---------------------------------------------------------
  Undefined line width                0.0000
  Mirror code                         NONE
  Rotate angle                        NONE
  Offset x:                           0.0000
  Offset y:                           0.0000
  Plot negative                       NO
  Suppress unconnected internal pads  NO
  Draw holes only                     NO



  APERTURES USED:
  ---------------------------------------------------------
  TYPE       SIZE/NAME                   ROT   MIRROR MODE 
  ---------------------------------------------------------
  CIRCLE     0.10000                                  DARK 

     OUTLINE created with warnings


------------------------------------------------------
 SUMMARY:
        TOP created with warnings
        BOTTOM created with warnings
        SC_TOP created with warnings
        SC_BOT created with warnings
        SM_TOP created with warnings
        SM_BOT created with warnings
        SP_TOP created with warnings
        SP_BOT created with warnings
        OUTLINE created with warnings

 ARTWORK had warnings
