(---------------------------------------------------------------------)
(                                                                     )
(    Glossing                                                         )
(                                                                     )
(    Drawing          : RPI_NRF24L01MODULE.brd                        )
(    Software Version : 17.2P028                                      )
(    Date/Time        : Wed Mar 22 00:19:21 2017                      )
(                                                                     )
(---------------------------------------------------------------------)





Line entry into Pad glossing in progress.
Started on Wed Mar 22 00:19:21 2017
Bend Distance is 0.3048.

 Circular pads:          YES
 Square pads  :          YES
 Rectangular pads :      YES
 Oblong pads :           YES
 Enter Square Pad :      Side : YES      Corner : YES  
 Enter Rectangular Pad : Long : YES      Short  : YES      Corner : YES  
 Enter Oblong Pad :      Side : YES      Round  : YES      Angle  : 45 OR 90
 Enter Circular Pad :    Angle : 45 OR 90
 Create Odd Segs:   NO
 Corner type  :     45
 Maximum 45 limit is -1.

Glossing attempt unsuccessful. Active pad is at (-8.9100,10.0500).

Glossing attempt unsuccessful. Active pad is at (16.5000,-3.0000).

Glossing attempt unsuccessful. Active pad is at (-25.7000,13.9745).


Finished execution 1


Elapsed time:  0 hr 0 min 0 sec ( 0.00 hr)
Actual time of completion: Wed Mar 22 00:19:21 2017


Line Entry Into Pad Glossings Stats

Number of Glossing Attempts                   : 3
Number of Actual Glossings                    : 0
Number of Glossings Aborted by DRC violations : 0



Line Centering Between Pins glossing in progress.
Started on Wed Mar 22 00:19:21 2017

Minimum Move Size 0.0508.
Line spacing MINIMUM
Pad Tolerance 2.5400.
Corner type 45

*********************************************************************
                         ROUTER-LOG
*********************************************************************

NEW ROUTE on C:/DATA/GIT/CADENCE/MODULES/RPI_NRF24L01MODULE/allegro/RPI_NRF24L01MODULE.brd
Started on   Wed Mar 22 00:19:21 2017

---------------------------------------------------------------------
Statistics at the Start of the Route:
----------------------------

    Board Statistics:
    -----------------
        Components:  Placed 16  Unplaced 0  Total 16
        Nets:  W/Rats 18  No/Rats 0  Total 18
        Pins:  W/Rats 50  No/Rats 0  Unused 26  Unplaced 0  Total 76
        Equivalent ICs (1 pin = 1/14 EIC)  5
        Router Keepin (in) (-1.2579,-0.5728) by (1.2579,0.5728)
        Board area (sq in)  2.9
        Board density (sq in/EIC) 0.531

    Connection Statistics:        W/Rats      No/Rats      Total
    ----------------------        ------      -------      -----
        Connections                 32           0           32
        Already Connected           32           0           32
        Missing Connections          0           0            0
        Connection Completion      100.00%       0.00%      100.00%
        Manh Distance (inches)      21.41
        Etch Length (inches)        25.52        0.00        25.52
        Number of vias		    12           0           12
        Vias per Connection          0.38        0.00         0.38
        Smd pins with attached clines                         9



---------------------------------------------------------------------
General Routing Parameters
--------------------------

    Checkpoint at:  Last step 1:  Last execution 1
    Overwrite router.log
    Auto Save ON
    Dynamic Control OFF
    Direct Path Router OFF
    Component Orientation  HORIZONTAL
    Order Connections Short First
    Max net priority 0
    Corner type: 45
    Side Entry ALLOWED
    DO NOT FORCE to Pin Escape
    Ripup/Cleanup Pin Escapes OFF
    Via Preference OFF


---------------------------------------------------------------------
Layers and Drc Rules
--------------------

    Subclass                          Spacing       Line Width
    Idx Name                Dir   ll    lv    vv    Def   Neck    Via    Max45
    --- ----                ---   --    --    --    ---   ----    ---    ---
     1  TOP                  H 0.5000 0.5000 0.5000  0.5000 0.5000  1.0000 0.6350
        X grids:     0.1500  Offset: 0.0000
        Y grids:     0.1500  Offset: 0.0000
    --- ----                ---   --    --    --    ---   ----    ---    ---
     2  BOTTOM               V 0.5000 0.5000 0.5000  0.5000 0.5000  1.0000 0.6350
        X grids:     0.1500  Offset: 0.0000
        Y grids:     0.1500  Offset: 0.0000

    ATTEMPTS: 0 this step: 0 skips:  
    count_invalid 0 in 0  0:0:0 hours
---------------------------------------------------------------------
Statistics at the End of the Route:
----------------------------


    Connection Statistics:        W/Rats      No/Rats      Total
    ----------------------        ------      -------      -----
        Connections                 32           0           32
        Already Connected           32           0           32
        Missing Connections          0           0            0
        Connection Completion      100.00%       0.00%      100.00%
        Etch Length (inches)        25.52        0.00        25.52
        Number of vias		    12           0           12
        Vias per Connection          0.38        0.00         0.38
        Smd pins with attached clines                         9



    Total cpu time - 0:0:40 hours
    Total elapsed time - -3644:-56:-32 hours
    Invalid Count Time: 0 0:0:0 hours
    Route ended on  Wed Mar 22 00:19:21 2017


Elapsed time:  0 hr 0 min 0 sec ( 0.00 hr)
Actual time of completion: Wed Mar 22 00:19:21 2017



Line Center Between Pins Stats

Number of Glossing Attempts                   : 122
Number of Actual Glossings                    : 0
Number of Glossings Aborted by DRC violations : 0
Number of Glossings Aborted by No-Gloss nets  : 0



Line entry into Pad glossing in progress.
Started on Wed Mar 22 00:19:21 2017
Bend Distance is 0.3048.

 Circular pads:          YES
 Square pads  :          YES
 Rectangular pads :      YES
 Oblong pads :           YES
 Enter Square Pad :      Side : YES      Corner : YES  
 Enter Rectangular Pad : Long : YES      Short  : YES      Corner : YES  
 Enter Oblong Pad :      Side : YES      Round  : YES      Angle  : 45 OR 90
 Enter Circular Pad :    Angle : 45 OR 90
 Create Odd Segs:   NO
 Corner type  :     45
 Maximum 45 limit is -1.

Glossing attempt unsuccessful. Active pad is at (-8.9100,10.0500).

Glossing attempt unsuccessful. Active pad is at (16.5000,-3.0000).

Glossing attempt unsuccessful. Active pad is at (-25.7000,13.9745).


Finished execution 1


Elapsed time:  0 hr 0 min 0 sec ( 0.00 hr)
Actual time of completion: Wed Mar 22 00:19:21 2017


Line Entry Into Pad Glossings Stats

Number of Glossing Attempts                   : 3
Number of Actual Glossings                    : 0
Number of Glossings Aborted by DRC violations : 0




Pad and T Fillet glossing in progress.
Started on Wed Mar 22 00:19:21 2017

 Round pads:          YES   max size: 2.5400
 Square pads:         YES   max size: 2.5400
 Rectangular pads:    YES   max size: 2.5400
 Oblong pads:         YES   max size: 2.5400
 Octagon pads:        YES   max size: 2.5400
 Pads as shapes:      NO 
 Pins:                YES
 Vias:                YES
 Bond Fingers:        NO 
 Ts:                  YES
 Unused nets:         YES
 Pads Without Drills: YES
 Desired Pin Angle:       90
 Desired Via Angle:       90
 Desired T Angle:         90
 Maximum Pin Angle:       90
 Maximum Via Angle:       90
 Maximum T Angle:         90
 Pin Maximum offset:      0.6350
 Via Maximum offset:      0.6350
 T Maximum offset:        0.6350
 Pin minimum line width:  0.0762
 Via minimum line width:  0.0762
 T minimum line width:    0.0762
 Pin maximum line width:  0.6350
 Via maximum line width:  0.6350
 T maximum line width:    0.6350
 Tapers:                  NO 
 Desired Taper Angle:     60
 Taper Maximum offset:    0.6350
 Allow drc:           NO 
 Dynamic:             NO 
 Curved lines:        NO 

*WARNING: Can't create fillet at pad (-10.8000 -3.6000) on subclass TOP.
          Computed fillet point lies inside pad boundary; required to be outside.

*WARNING: Can't create fillet at pad (-13.9500 2.7000) on subclass TOP.
          Computed fillet point lies inside pad boundary; required to be outside.

*WARNING: Can't create fillet at pad (-20.8500 -3.6000) on subclass TOP.
          Computed fillet point lies inside pad boundary; required to be outside.

*WARNING: Can't create fillet at pad (27.1400 -4.9200) on subclass TOP.
          Computed fillet point lies inside pad boundary; required to be outside.

*WARNING: Can't create fillet at pad (-10.8000 -11.4000) on subclass TOP.
          Computed fillet point lies inside pad boundary; required to be outside.

*WARNING: Can't create fillet at pad (-10.8000 -11.4000) on subclass TOP.
          Computed fillet point lies inside pad boundary; required to be outside.

*WARNING: Can't create fillet at pad (-20.8500 -11.4000) on subclass TOP.
          Computed fillet point lies inside pad boundary; required to be outside.

*WARNING: Can't create fillet at pad (21.1500 -10.8000) on subclass TOP.
          Computed fillet point lies inside pad boundary; required to be outside.




Total number of fillets added: 80

Number of fillets rejected due to DRC errors: 0


Elapsed time:  0 hr 0 min 0 sec ( 0.00 hr)
Actual time of completion: Wed Mar 22 00:19:21 2017


There were 8 errors or warnings reported in logfile.


Glossing complete.
