
*********************************************************************
                         ROUTER-LOG
*********************************************************************

NEW ROUTE on E:/mlabviet/Cadence/Alegro/projects/pic1823-rcservo-usb2serial/schematic/allegro/PIC1823-RCSERVO-USB2SERIAL.brd
Started on   Thu Apr 14 00:34:41 2016

---------------------------------------------------------------------
Statistics at the Start of the Route:
----------------------------

    Board Statistics:
    -----------------
        Components:  Placed 22  Unplaced 0  Total 22
        Nets:  W/Rats 24  No/Rats 0  Total 24
        Pins:  W/Rats 83  No/Rats 0  Unused 22  Unplaced 0  Total 105
        Equivalent ICs (1 pin = 1/14 EIC)  7
        Router Keepin (in) (14.2787,5.4787) by (16.4835,6.8961)
        Board area (sq in)  3.1
        Board density (sq in/EIC) 0.417

    Connection Statistics:        W/Rats      No/Rats      Total
    ----------------------        ------      -------      -----
        Connections                 59           0           59
        Already Connected           59           0           59
        Missing Connections          0           0            0
        Connection Completion      100.00%       0.00%      100.00%
        Manh Distance (inches)      27.11
        Etch Length (inches)        41.62        0.00        41.62
        Number of vias		     0           0            0
        Vias per Connection          0.00        0.00         0.00
        Smd pins with attached clines                        52



---------------------------------------------------------------------
General Routing Parameters
--------------------------

    Checkpoint at:  Last step 1:  Last execution 1
    Overwrite router.log
    Auto Save ON
    Dynamic Control OFF
    Direct Path Router OFF
    Component Orientation  HORIZONTAL
    Order Connections Short First
    Max net priority 0
    Corner type: 45
    Side Entry ALLOWED
    DO NOT FORCE to Pin Escape
    Ripup/Cleanup Pin Escapes OFF
    Via Preference OFF


---------------------------------------------------------------------
Layers and Drc Rules
--------------------

    Subclass                          Spacing       Line Width
    Idx Name                Dir   ll    lv    vv    Def   Neck    Via    Max45
    --- ----                ---   --    --    --    ---   ----    ---    ---
     1  TOP                  H 10.000 10.000 5.000  15.000 15.000  24.000 25.000
        X grids:     10.000  Offset: 0.000
        Y grids:     10.000  Offset: 0.000
    --- ----                ---   --    --    --    ---   ----    ---    ---
     2  BOTTOM               V 10.000 10.000 5.000  15.000 15.000  24.000 25.000
        X grids:     10.000  Offset: 0.000
        Y grids:     10.000  Offset: 0.000

    ATTEMPTS: 0 this step: 0 skips:  
    count_invalid 0 in 0  0:0:0 hours
---------------------------------------------------------------------
Statistics at the End of the Route:
----------------------------


    Connection Statistics:        W/Rats      No/Rats      Total
    ----------------------        ------      -------      -----
        Connections                 59           0           59
        Already Connected           59           0           59
        Missing Connections          0           0            0
        Connection Completion      100.00%       0.00%      100.00%
        Etch Length (inches)        41.62        0.00        41.62
        Number of vias		     0           0            0
        Vias per Connection          0.00        0.00         0.00
        Smd pins with attached clines                        52



    Total cpu time - 0:1:59 hours
    Total elapsed time - 77:46:40 hours
    Invalid Count Time: 0 0:0:0 hours
    Route ended on  Thu Apr 14 00:34:41 2016

*********************************************************************
                         ROUTER-LOG
*********************************************************************

NEW ROUTE on E:/mlabviet/Cadence/Alegro/projects/pic1823-rcservo-usb2serial/schematic/allegro/PIC1823-RCSERVO-USB2SERIAL.brd
Started on   Thu Apr 14 00:34:42 2016

---------------------------------------------------------------------
Statistics at the Start of the Route:
----------------------------

    Board Statistics:
    -----------------
        Components:  Placed 22  Unplaced 0  Total 22
        Nets:  W/Rats 24  No/Rats 0  Total 24
        Pins:  W/Rats 83  No/Rats 0  Unused 22  Unplaced 0  Total 105
        Equivalent ICs (1 pin = 1/14 EIC)  7
        Router Keepin (in) (14.2787,5.4787) by (16.4835,6.8961)
        Board area (sq in)  3.1
        Board density (sq in/EIC) 0.417

    Connection Statistics:        W/Rats      No/Rats      Total
    ----------------------        ------      -------      -----
        Connections                 59           0           59
        Already Connected           59           0           59
        Missing Connections          0           0            0
        Connection Completion      100.00%       0.00%      100.00%
        Manh Distance (inches)      27.11
        Etch Length (inches)        37.73        0.00        37.73
        Number of vias		     0           0            0
        Vias per Connection          0.00        0.00         0.00
        Smd pins with attached clines                        52



---------------------------------------------------------------------
General Routing Parameters
--------------------------

    Checkpoint at:  Last step 1:  Last execution 1
    Overwrite router.log
    Auto Save ON
    Dynamic Control OFF
    Direct Path Router OFF
    Component Orientation  HORIZONTAL
    Order Connections Short First
    Max net priority 0
    Corner type: 45
    Side Entry ALLOWED
    DO NOT FORCE to Pin Escape
    Ripup/Cleanup Pin Escapes OFF
    Via Preference OFF


---------------------------------------------------------------------
Layers and Drc Rules
--------------------

    Subclass                          Spacing       Line Width
    Idx Name                Dir   ll    lv    vv    Def   Neck    Via    Max45
    --- ----                ---   --    --    --    ---   ----    ---    ---
     1  TOP                  H 10.000 10.000 5.000  15.000 15.000  24.000 25.000
        X grids:     10.000  Offset: 0.000
        Y grids:     10.000  Offset: 0.000
    --- ----                ---   --    --    --    ---   ----    ---    ---
     2  BOTTOM               V 10.000 10.000 5.000  15.000 15.000  24.000 25.000
        X grids:     10.000  Offset: 0.000
        Y grids:     10.000  Offset: 0.000

    ATTEMPTS: 0 this step: 0 skips:  
    count_invalid 0 in 0  0:0:0 hours
---------------------------------------------------------------------
Statistics at the End of the Route:
----------------------------


    Connection Statistics:        W/Rats      No/Rats      Total
    ----------------------        ------      -------      -----
        Connections                 59           0           59
        Already Connected           59           0           59
        Missing Connections          0           0            0
        Connection Completion      100.00%       0.00%      100.00%
        Etch Length (inches)        37.74        0.00        37.74
        Number of vias		     0           0            0
        Vias per Connection          0.00        0.00         0.00
        Smd pins with attached clines                        52


