
---------------------------------------------------------------------------
BOARD: E:/mlabviet/Cadence/Alegro/projects/pic1823-rcservo-usb2serial/schematic/allegro/PIC1823-RCSERVO-USB2SERIAL.brd ROUTER: 10-0-25 of 10-Nov-94
DATE: Thu Apr 14 22:36:01 2016        HOST: QUANGTHANH-PC
---------------------------------------------------------------------------
Cnt St-ex Router      Att  Inv Miss Com% Drcs Vias   Etch  Cpu exec  Cpu Tot
--------- ------    ----- ---- ---- ---- ---- ---- ------  -------- --------
  Start    ----        56    0    0 100%    0    0    31.0  0:00:11  0:00:00
  1s 1-1  oldrouter    0    0    0 100%    0    0    31.0  0:00:11  0:00:00

---------------------------------------------------------------------------
BOARD: E:/mlabviet/Cadence/Alegro/projects/pic1823-rcservo-usb2serial/schematic/allegro/PIC1823-RCSERVO-USB2SERIAL.brd ROUTER: 10-0-25 of 10-Nov-94
DATE: Thu Apr 14 22:36:02 2016        HOST: QUANGTHANH-PC
---------------------------------------------------------------------------
Cnt St-ex Router      Att  Inv Miss Com% Drcs Vias   Etch  Cpu exec  Cpu Tot
--------- ------    ----- ---- ---- ---- ---- ---- ------  -------- --------
  Start    ----        56    0    0 100%    0    0    31.0  0:00:11  0:00:00

---------------------------------------------------------------------------
BOARD: E:/mlabviet/Cadence/Alegro/projects/pic1823-rcservo-usb2serial/schematic/allegro/PIC1823-RCSERVO-USB2SERIAL.brd ROUTER: 10-0-25 of 10-Nov-94
DATE: Thu Apr 14 22:36:02 2016        HOST: QUANGTHANH-PC
---------------------------------------------------------------------------
Cnt St-ex Router      Att  Inv Miss Com% Drcs Vias   Etch  Cpu exec  Cpu Tot
--------- ------    ----- ---- ---- ---- ---- ---- ------  -------- --------
  Start    ----        56    0    0 100%    0    0    31.0  0:00:11  0:00:00
