
---------------------------------------------------------------------------
BOARD: E:/mlabviet/Cadence/Alegro/projects/pic1823-rcservo-usb2serial/schematic/allegro/PIC1823-RCSERVO-USB2SERIAL.brd ROUTER: 10-0-25 of 10-Nov-94
DATE: Tue Apr 12 02:53:22 2016        HOST: QUANGTHANH-PC
---------------------------------------------------------------------------
Cnt St-ex Router      Att  Inv Miss Com% Drcs Vias   Etch  Cpu exec  Cpu Tot
--------- ------    ----- ---- ---- ---- ---- ---- ------  -------- --------
  Start    ----        59 29314607   15   0%   90    0    34.0  0:01:45  0:00:00
  1s 1-1  oldrouter    0 250697751   15   0%   90    0    34.0  0:01:45  0:00:00

---------------------------------------------------------------------------
BOARD: E:/mlabviet/Cadence/Alegro/projects/pic1823-rcservo-usb2serial/schematic/allegro/PIC1823-RCSERVO-USB2SERIAL.brd ROUTER: 10-0-25 of 10-Nov-94
DATE: Tue Apr 12 02:53:23 2016        HOST: QUANGTHANH-PC
---------------------------------------------------------------------------
Cnt St-ex Router      Att  Inv Miss Com% Drcs Vias   Etch  Cpu exec  Cpu Tot
--------- ------    ----- ---- ---- ---- ---- ---- ------  -------- --------
  Start    ----        59 29314607   15   0%   90    0    34.0  0:01:45  0:00:00

---------------------------------------------------------------------------
BOARD: E:/mlabviet/Cadence/Alegro/projects/pic1823-rcservo-usb2serial/schematic/allegro/PIC1823-RCSERVO-USB2SERIAL.brd ROUTER: 10-0-25 of 10-Nov-94
DATE: Tue Apr 12 02:53:23 2016        HOST: QUANGTHANH-PC
---------------------------------------------------------------------------
Cnt St-ex Router      Att  Inv Miss Com% Drcs Vias   Etch  Cpu exec  Cpu Tot
--------- ------    ----- ---- ---- ---- ---- ---- ------  -------- --------
  Start    ----        59 29314607   15   0%   90    0    34.0  0:01:45  0:00:00
