(---------------------------------------------------------------------)
(                                                                     )
(    Allegro Netrev Import Logic                                      )
(                                                                     )
(    Drawing          : RGB24_TO_LVDS.brd                             )
(    Software Version : 17.2P019                                      )
(    Date/Time        : Wed Nov 01 12:29:56 2017                      )
(                                                                     )
(---------------------------------------------------------------------)


------ Directives ------------

Ripup etch:                  No
Ripup delete first segment:  No
Ripup retain bondwire:       No
Ripup symbols:               Always
Missing symbol has error:    No
DRC update:                  Yes
Schematic directory:         'F:\GIT\CADENCE\MODULES\RGB24_LVDS_LCD\allegro'
Design Directory:            '.'
Old design name:             'F:/git/Cadence/modules/RGB24_LVDS_LCD/allegro/RGB24_TO_LVDS.brd'
New design name:             'RGB24_TO_LVDS.brd'

CmdLine: netrev.exe -y 1 -i F:\GIT\CADENCE\MODULES\RGB24_LVDS_LCD\allegro F:\git\Cadence\modules\RGB24_LVDS_LCD\allegro\RGB24_TO_LVDS.brd F:\GIT\CADENCE\MODULES\RGB24_LVDS_LCD\allegro\RGB24_TO_LVDS.brd

------ Preparing to read pst files ------

Starting to read F:/GIT/CADENCE/MODULES/RGB24_LVDS_LCD/allegro/pstchip.dat 
   Finished reading F:/GIT/CADENCE/MODULES/RGB24_LVDS_LCD/allegro/pstchip.dat (00:00:00.02)
Starting to read F:/GIT/CADENCE/MODULES/RGB24_LVDS_LCD/allegro/pstxprt.dat 
   Finished reading F:/GIT/CADENCE/MODULES/RGB24_LVDS_LCD/allegro/pstxprt.dat (00:00:00.00)
Starting to read F:/GIT/CADENCE/MODULES/RGB24_LVDS_LCD/allegro/pstxnet.dat 
   Finished reading F:/GIT/CADENCE/MODULES/RGB24_LVDS_LCD/allegro/pstxnet.dat (00:00:00.00)

------ Oversights/Warnings/Errors ------


------ Library Paths ------
MODULEPATH =  F:/git/hardware/Library/CadenceLib/layout/symbol_lib 
           . 
           C:/Cadence/SPB_17.2/share/local/pcb/modules 

PSMPATH =  F:/git/hardware/Library/CadenceLib/layout/symbol_lib 
           . 
           symbols 
           .. 
           ../symbols 
           C:/Cadence/SPB_17.2/share/local/pcb/symbols 
           C:/Cadence/SPB_17.2/share/pcb/pcb_lib/symbols 
           C:/Cadence/SPB_17.2/share/pcb/allegrolib/symbols 

PADPATH =  F:/git/hardware/Library/CadenceLib/layout/symbol_lib 
           . 
           symbols 
           .. 
           ../symbols 
           C:/Cadence/SPB_17.2/share/local/pcb/padstacks 
           C:/Cadence/SPB_17.2/share/pcb/pcb_lib/symbols 
           C:/Cadence/SPB_17.2/share/pcb/allegrolib/symbols 


------ Summary Statistics ------


netrev run on Nov 1 12:29:56 2017
   DESIGN NAME : 'RGB24_TO_LVDS'
   PACKAGING ON Mar  2 2016 00:37:24

   COMPILE 'logic'
   CHECK_PIN_NAMES OFF
   CROSS_REFERENCE OFF
   FEEDBACK OFF
   INCREMENTAL OFF
   INTERFACE_TYPE PHYSICAL
   MAX_ERRORS 500
   MERGE_MINIMUM 5
   NET_NAME_CHARS '#%&()*+-./:=>?@[]^_`|'
   NET_NAME_LENGTH 24
   OVERSIGHTS ON
   REPLACE_CHECK OFF
   SINGLE_NODE_NETS ON
   SPLIT_MINIMUM 0
   SUPPRESS   20
   WARNINGS ON

 No error detected
 No oversight detected
 No warning detected

cpu time      0:00:16
elapsed time  0:00:00

