(---------------------------------------------------------------------)
(                                                                     )
(    Glossing                                                         )
(                                                                     )
(    Drawing          : RPI_NRF24L01MODULE_FT232.brd                  )
(    Software Version : 17.2P028                                      )
(    Date/Time        : Wed Apr 05 13:59:03 2017                      )
(                                                                     )
(---------------------------------------------------------------------)


**WARNING: Disabling dynamic shapes



Line entry into Pad glossing in progress.
Started on Wed Apr 05 13:59:03 2017
Bend Distance is 0.3048.

 Circular pads:          YES
 Square pads  :          YES
 Rectangular pads :      YES
 Oblong pads :           YES
 Enter Square Pad :      Side : YES      Corner : YES  
 Enter Rectangular Pad : Long : YES      Short  : YES      Corner : YES  
 Enter Oblong Pad :      Side : YES      Round  : YES      Angle  : 45 OR 90
 Enter Circular Pad :    Angle : 45 OR 90
 Create Odd Segs:   NO
 Corner type  :     45
 Maximum 45 limit is -1.

Glossing attempt unsuccessful. Active pad is at (-25.0000,-7.0000).

Glossing attempt unsuccessful. Active pad is at (-30.0000,-4.5000).

Glossing attempt unsuccessful. Active pad is at (-21.3000,2.3000).

Error getting pad info on pad connected to active pad = -3000099. Active pad is at (-28.8000,7.6000).

Glossing was successful:  VIA at (-28.8000,7.6000) defined by pad  VIA

Glossing was successful:  SYMBOL PIN at (-25.5000,-12.9000) defined by pad  SMD12SQ12

Glossing was successful:  SYMBOL PIN at (-17.7000,-12.9000) defined by pad  SMD12SQ12

Error getting pad info on pad connected to active pad = -3000099. Active pad is at (-17.7000,-12.8000).

Glossing was successful:  VIA at (-17.7000,-12.8000) defined by pad  VIA

Glossing was successful:  VIA at (-17.9000,-8.9000) defined by pad  VIA

Glossing was successful:  SYMBOL PIN at (-14.7000,-6.9000) defined by pad  SMD225REC043

Glossing was successful:  SYMBOL PIN at (-11.8000,-12.9000) defined by pad  SMD12SQ12

Glossing was successful:  SYMBOL PIN at (-2.4000,-10.3000) defined by pad  PAD60SQRT60_MILS

Glossing was successful:  SYMBOL PIN at (-2.4000,-10.3000) defined by pad  PAD60SQRT60_MILS

Glossing attempt unsuccessful. Active pad is at (-6.6000,7.3000).

Glossing attempt unsuccessful. Active pad is at (16.4900,10.0500).

Glossing was successful:  VIA at (16.6000,2.6000) defined by pad  VIA

Glossing attempt unsuccessful. Active pad is at (13.9500,10.0500).

Glossing was successful:  SYMBOL PIN at (21.1500,-8.7000) defined by pad  SMD12SQ12

Glossing was successful:  SYMBOL PIN at (13.0500,-8.7000) defined by pad  SMD12SQ12

Glossing was successful:  SYMBOL PIN at (11.4100,10.0500) defined by pad  PAD16CIR10

Glossing was successful:  SYMBOL PIN at (6.1500,-8.7000) defined by pad  SMD12SQ12

Glossing attempt unsuccessful. Active pad is at (-23.4000,-9.6000).

Glossing was successful:  VIA at (-21.7000,-9.5000) defined by pad  VIA

Glossing was successful:  VIA at (-14.9000,-2.7000) defined by pad  VIA

Error getting pad info on pad connected to active pad = -3000099. Active pad is at (-13.9900,10.0500).

Error getting pad info on pad connected to active pad = -3000099. Active pad is at (-14.0500,-6.9000).

Glossing attempt unsuccessful. Active pad is at (27.1400,-4.9200).

Glossing attempt unsuccessful. Active pad is at (4.7000,-5.0000).

Glossing was successful:  SYMBOL PIN at (0.9000,-5.1000) defined by pad  SMD12SQ12

Glossing attempt unsuccessful. Active pad is at (-20.4500,7.1000).

Glossing was successful:  SYMBOL PIN at (13.0500,-10.8000) defined by pad  SMD12SQ12


Finished execution 1

Glossing attempt unsuccessful. Active pad is at (-25.0000,-7.0000).

Glossing attempt unsuccessful. Active pad is at (-30.0000,-4.5000).

Glossing attempt unsuccessful. Active pad is at (-21.3000,2.3000).

Glossing attempt unsuccessful. Active pad is at (-6.6000,7.3000).

Glossing attempt unsuccessful. Active pad is at (16.4900,10.0500).

Glossing attempt unsuccessful. Active pad is at (13.9500,10.0500).

Glossing attempt unsuccessful. Active pad is at (-23.4000,-9.6000).

Error getting pad info on pad connected to active pad = -3000099. Active pad is at (-13.9900,10.0500).

Error getting pad info on pad connected to active pad = -3000099. Active pad is at (-14.0500,-6.9000).

Glossing attempt unsuccessful. Active pad is at (27.1400,-4.9200).

Glossing attempt unsuccessful. Active pad is at (4.7000,-5.0000).

Glossing attempt unsuccessful. Active pad is at (-20.4500,7.1000).


Finished execution 2


Elapsed time:  0 hr 0 min 0 sec ( 0.00 hr)
Actual time of completion: Wed Apr 05 13:59:03 2017


Line Entry Into Pad Glossings Stats

Number of Glossing Attempts                   : 38
Number of Actual Glossings                    : 18
Number of Glossings Aborted by DRC violations : 0

There were 6 errors reported in logfile


Line Centering Between Pins glossing in progress.
Started on Wed Apr 05 13:59:03 2017

Minimum Move Size 0.0508.
Line spacing MINIMUM
Pad Tolerance 2.5400.
Corner type 45


Elapsed time:  0 hr 0 min 0 sec ( 0.00 hr)
Actual time of completion: Wed Apr 05 13:59:03 2017



Line Center Between Pins Stats

Number of Glossing Attempts                   : 195
Number of Actual Glossings                    : 0
Number of Glossings Aborted by DRC violations : 4
Number of Glossings Aborted by No-Gloss nets  : 0



Line entry into Pad glossing in progress.
Started on Wed Apr 05 13:59:03 2017
Bend Distance is 0.3048.

 Circular pads:          YES
 Square pads  :          YES
 Rectangular pads :      YES
 Oblong pads :           YES
 Enter Square Pad :      Side : YES      Corner : YES  
 Enter Rectangular Pad : Long : YES      Short  : YES      Corner : YES  
 Enter Oblong Pad :      Side : YES      Round  : YES      Angle  : 45 OR 90
 Enter Circular Pad :    Angle : 45 OR 90
 Create Odd Segs:   NO
 Corner type  :     45
 Maximum 45 limit is -1.

Glossing attempt unsuccessful. Active pad is at (-25.0000,-7.0000).

Glossing attempt unsuccessful. Active pad is at (-30.0000,-4.5000).

Glossing attempt unsuccessful. Active pad is at (-21.3000,2.3000).

Glossing attempt unsuccessful. Active pad is at (-6.6000,7.3000).

Glossing attempt unsuccessful. Active pad is at (16.4900,10.0500).

Glossing attempt unsuccessful. Active pad is at (13.9500,10.0500).

Glossing attempt unsuccessful. Active pad is at (-23.4000,-9.6000).

Error getting pad info on pad connected to active pad = -3000099. Active pad is at (-13.9900,10.0500).

Error getting pad info on pad connected to active pad = -3000099. Active pad is at (-14.0500,-6.9000).

Glossing attempt unsuccessful. Active pad is at (27.1400,-4.9200).

Glossing attempt unsuccessful. Active pad is at (4.7000,-5.0000).

Glossing attempt unsuccessful. Active pad is at (-20.4500,7.1000).


Finished execution 1


Elapsed time:  0 hr 0 min 0 sec ( 0.00 hr)
Actual time of completion: Wed Apr 05 13:59:03 2017


Line Entry Into Pad Glossings Stats

Number of Glossing Attempts                   : 10
Number of Actual Glossings                    : 0
Number of Glossings Aborted by DRC violations : 0

There were 2 errors reported in logfile



Pad and T Fillet glossing in progress.
Started on Wed Apr 05 13:59:03 2017

 Round pads:          YES   max size: 2.5400
 Square pads:         YES   max size: 2.5400
 Rectangular pads:    YES   max size: 2.5400
 Oblong pads:         YES   max size: 2.5400
 Octagon pads:        YES   max size: 2.5400
 Pads as shapes:      NO 
 Pins:                YES
 Vias:                YES
 Bond Fingers:        NO 
 Ts:                  YES
 Unused nets:         YES
 Pads Without Drills: YES
 Desired Pin Angle:       90
 Desired Via Angle:       90
 Desired T Angle:         90
 Maximum Pin Angle:       90
 Maximum Via Angle:       90
 Maximum T Angle:         90
 Pin Maximum offset:      0.6350
 Via Maximum offset:      0.6350
 T Maximum offset:        0.6350
 Pin minimum line width:  0.0762
 Via minimum line width:  0.0762
 T minimum line width:    0.0762
 Pin maximum line width:  0.6350
 Via maximum line width:  0.6350
 T maximum line width:    0.6350
 Tapers:                  NO 
 Desired Taper Angle:     60
 Taper Maximum offset:    0.6350
 Allow drc:           NO 
 Dynamic:             NO 
 Curved lines:        NO 

*WARNING: Can't create fillet at pad (-17.9500 -6.9000) on subclass TOP.
          Removed due to DRC error.

*WARNING: Can't create fillet at pad (-17.3000 -6.9000) on subclass TOP.
          Removed due to DRC error.

*WARNING: Can't create fillet at pad (-23.7638 1.5000) on subclass TOP.
          Line width exceeds (unrotated) height of destination pad.

*WARNING: Can't create fillet at pad (-21.3000 2.3000) on subclass TOP.
          Computed fillet point lies inside pad boundary; required to be outside.

*WARNING: Can't create fillet at pad (-9.5000 0.6000) on subclass TOP.
          Line width exceeds (unrotated) width of destination pad.

*WARNING: Can't create fillet at pad (-12.1000 0.6000) on subclass TOP.
          Removed due to DRC error.

*WARNING: Can't create fillet at pad (-21.3000 4.4000) on subclass TOP.
          Computed fillet point lies inside pad boundary; required to be outside.

*WARNING: Can't create fillet at pad (-17.7000 -12.9000) on subclass TOP.
          Unable to create fillet, parameters result in fillet entirely within pad.

*WARNING: Can't create fillet at pad (-17.7000 -12.8000) on subclass TOP.
          Unable to create fillet, parameters result in fillet entirely within pad.

*WARNING: Can't create fillet at pad (-14.7000 -6.9000) on subclass TOP.
          Removed due to DRC error.

*WARNING: Can't create fillet at pad (-12.7500 -6.9000) on subclass TOP.
          Removed due to DRC error.

*WARNING: Can't create fillet at pad (-13.4000 -6.9000) on subclass TOP.
          Removed due to DRC error.

*WARNING: Can't create fillet at pad (-6.6000 7.3000) on subclass TOP.
          Computed fillet point lies inside pad boundary; required to be outside.

*WARNING: Can't create fillet at pad (-6.6000 7.3000) on subclass TOP.
          Computed fillet point lies inside pad boundary; required to be outside.

*WARNING: Can't create fillet at pad (10.3500 -8.7000) on subclass TOP.
          Computed fillet point lies inside pad boundary; required to be outside.

*WARNING: Can't create fillet at pad (3.3000 -8.7000) on subclass TOP.
          Computed fillet point lies inside pad boundary; required to be outside.

*WARNING: Can't create fillet at pad (-23.4000 -9.6000) on subclass TOP.
          Unable to create fillet, parameters result in fillet entirely within pad.

*WARNING: Can't create fillet at pad (-23.7638 -1.7000) on subclass TOP.
          Line width exceeds (unrotated) height of destination pad.

*WARNING: Can't create fillet at pad (-13.4000 0.6000) on subclass TOP.
          Removed due to DRC error.

*WARNING: Can't create fillet at pad (-13.4000 0.6000) on subclass TOP.
          Removed due to DRC error.

*WARNING: Can't create fillet at pad (-14.0500 -6.9000) on subclass TOP.
          Removed due to DRC error.

*WARNING: Can't create fillet at pad (-11.4500 -6.9000) on subclass TOP.
          Removed due to DRC error.

*WARNING: Can't create fillet at pad (-11.4500 -6.9000) on subclass TOP.
          Removed due to DRC error.

*WARNING: Can't create fillet at pad (-10.8000 -6.9000) on subclass TOP.
          Removed due to DRC error.

*WARNING: Can't create fillet at pad (-16.0000 -6.9000) on subclass TOP.
          Removed due to DRC error.

*WARNING: Can't create fillet at pad (-6.6000 -0.2000) on subclass TOP.
          Unable to create fillet, parameters result in fillet entirely within pad.

*WARNING: Can't create fillet at pad (-5.6000 -3.6000) on subclass TOP.
          Computed fillet point lies inside pad boundary; required to be outside.

*WARNING: Can't create fillet at pad (-5.6000 -3.6000) on subclass TOP.
          Computed fillet point lies inside pad boundary; required to be outside.

*WARNING: Can't create fillet at pad (-6.6000 -0.5000) on subclass TOP.
          Unable to create fillet, parameters result in fillet entirely within pad.

*WARNING: Can't create fillet at pad (-20.7000 7.1000) on subclass TOP.
          Unable to create fillet, parameters result in fillet entirely within pad.

*WARNING: Can't create fillet at pad (-20.4500 7.1000) on subclass TOP.
          Unable to create fillet, parameters result in fillet entirely within pad.

*WARNING: Can't create fillet at pad (-11.4500 0.6000) on subclass TOP.
          Removed due to DRC error.

*WARNING: Can't create fillet at pad (-11.4500 0.6000) on subclass TOP.
          Removed due to DRC error.

*WARNING: Can't create fillet at pad (13.0500 -10.8000) on subclass TOP.
          Computed fillet point lies inside pad boundary; required to be outside.

*WARNING: Can't create fillet at pad (13.0500 -10.8000) on subclass TOP.
          Computed fillet point lies inside pad boundary; required to be outside.




Total number of fillets added: 122

Number of fillets rejected due to DRC errors: 15


Elapsed time:  0 hr 0 min 0 sec ( 0.00 hr)
Actual time of completion: Wed Apr 05 13:59:03 2017


There were 35 errors or warnings reported in logfile.


Glossing complete.
