(---------------------------------------------------------------------)
(                                                                     )
(    NC DRILL Log                                                     )
(                                                                     )
(    Drawing          : RPI_NRF24L01MODULE_FT232.brd                  )
(    Software Version : 17.2P019                                      )
(    Date/Time        : Wed Apr 05 14:15:07 2017                      )
(                                                                     )
(---------------------------------------------------------------------)



 Processing NC Parameters file 'nc_param.txt' ...

 NC PARAMETERS
 -------------

 FORMAT   		2.5
 MACHINE-OFFSET		x:0.00000	y:0.00000   (mm)
 FEEDRATE		1
 COORDINATES		ABSOLUTE
 OUTPUT-UNITS		METRIC
 TOOL-ORDER		INCREASING
 REPEAT-CODES		YES
 SUPPRESS-LEAD-ZEROES	NO
 SUPPRESS-TRAIL-ZEROES	NO
 SUPPRESS-EQUAL		NO
 TOOL-SELECT		NO
 HEADER			none
 LEADER			12
 CODE			ASCII
 SEPARATE		NO
 SEPARATE-ROUTING	NO
 OPTIMIZE_DRILLING	NO
 ENHANCED_EXCELLON	NO
 SCALE			1.000000



 Drill files being output to directory 'C:/DATA/git/Cadence/modules/RPI_nRF24L01Module_FT232/production' ...



     'RPI_NRF24L01MODULE-1-2.drl' created for holes connecting TOP and BOTTOM
     ------------------------------------------------------------------------

           Num     Size      +/- Tolerance     Plating   Quantity

            1.   0.5000    0.0000/  0.0000      PLATED         20
            2.   1.0000    0.0000/  0.0000      PLATED         48
            3.   1.0000    0.1000/  0.1000      PLATED          2
            4.   3.3000    0.0000/  0.0000      PLATED          4

     ---- Total holes:                                         74

     ---- Total head travel:              2.13 feet (0.65 meters)

