{ Using PSTWRITER 17.2.0 d001Apr-05-2017 at 12:46:12 }

#1 WARNING(ORCAP-36038): "No_connect" property on Pin "J1.26" ignored for J1: SCHEMATIC1, PAGE1 (215.90, 12.70). Connecting pin to net "NRF_IRQ".
#2 WARNING(ORCAP-36038): "No_connect" property on Pin "J1.29" ignored for J1: SCHEMATIC1, PAGE1 (215.90, 12.70). Connecting pin to net "N83654".
#3 WARNING(ORCAP-36038): "No_connect" property on Pin "J1.31" ignored for J1: SCHEMATIC1, PAGE1 (215.90, 12.70). Connecting pin to net "N83746".
#4 WARNING(ORCAP-36038): "No_connect" property on Pin "J1.33" ignored for J1: SCHEMATIC1, PAGE1 (215.90, 12.70). Connecting pin to net "N83750".
#5 WARNING(ORCAP-36038): "No_connect" property on Pin "J1.15" ignored for J1: SCHEMATIC1, PAGE1 (215.90, 12.70). Connecting pin to net "BUTTON1".
#6 WARNING(ORCAP-36038): "No_connect" property on Pin "J1.13" ignored for J1: SCHEMATIC1, PAGE1 (215.90, 12.70). Connecting pin to net "BUTTON2".
#7 WARNING(ORCAP-36038): "No_connect" property on Pin "J1.11" ignored for J1: SCHEMATIC1, PAGE1 (215.90, 12.70). Connecting pin to net "BUTTON3".
#8 WARNING(ORCAP-36038): "No_connect" property on Pin "U2.9" ignored for U2: SCHEMATIC1, PAGE1 (15.24, 53.34). Connecting pin to net "N87135".
#9 WARNING(ORCAP-36038): "No_connect" property on Pin "U2.6" ignored for U2: SCHEMATIC1, PAGE1 (15.24, 53.34). Connecting pin to net "N87147".
#10 WARNING(ORCAP-36006): Part Name "CAPACITOR NON-POL_CAP_SMD_0805_10UF" is renamed to "CAPACITOR NON-POL_CAP_SMD_0805_".
#11 WARNING(ORCAP-36006): Part Name "CAPACITOR NON-POL_CAP_SMD_0805_4.7NF" is renamed to "CAPACITOR NON-POL_CAP_SMD_080_1".
#12 WARNING(ORCAP-36006): Part Name "SW_PB_SPST_SMD_2PIN_BUTTON_RESET BUTTON" is renamed to "SW_PB_SPST_SMD_2PIN_BUTTON_RESE".
#13 WARNING(ORCAP-36006): Part Name "NRF24L01_MODULE_NRF24L01_MODULE_NRF24L01_MODULE" is renamed to "NRF24L01_MODULE_NRF24L01_MODULE".
INFO(ORCAP-36080): Scanning netlist files ...

Loading... C:\DATA\GIT\CADENCE\MODULES\RPI_NRF24L01MODULE_FT232\allegro/pstchip.dat

Loading... C:\DATA\GIT\CADENCE\MODULES\RPI_NRF24L01MODULE_FT232\allegro/pstchip.dat

Loading... C:\DATA\GIT\CADENCE\MODULES\RPI_NRF24L01MODULE_FT232\allegro/pstxprt.dat

Loading... C:\DATA\GIT\CADENCE\MODULES\RPI_NRF24L01MODULE_FT232\allegro/pstxnet.dat
packaging the design view...