(---------------------------------------------------------------------)
(                                                                     )
(    ARTWORK LOG                                                      )
(                                                                     )
(    Drawing          : RPI_NRF24L01MODULE_FT232.brd                  )
(    Software Version : 17.2P019                                      )
(    Date/Time        : Wed Apr 05 14:08:42 2017                      )
(                                                                     )
(---------------------------------------------------------------------)


 ---- Photoplot outline rectangle not found; using drawing extents.



Results from parameter file ...
    DEVICE-TYPE           GERBER_RS274X
    OUTPUT-UNITS          MM
    FILM-SIZE             2400000 1600000
    FORMAT                2.5
    ABORT-ON-ERROR        NO
    SCALE                 1
    SUPPRESS-LEAD-ZEROES  YES
    SUPPRESS-TRAIL-ZEROES NO
    SUPPRESS-EQUAL        YES
    UNDEF-APT-CONT        NO



================================================================
     PROCESSING FILM < TOP >
     TO FILE < C:/DATA/GIT/CADENCE/MODULES/RPI_NRF24L01MODULE_FT232/allegro/TOP.art > ...
================================================================

  FILM PARAMETERS :
  ---------------------------------------------------------
  Undefined line width                0.0000
  Mirror code                         NONE
  Rotate angle                        NONE
  Offset x:                           0.0000
  Offset y:                           0.0000
  Plot negative                       NO
  Suppress unconnected internal pads  NO
  Draw holes only                     NO

    WARNING: Film contains objects with associated DRCs (26).
           In the design editor view this film and enable visibility for the
           associated DRC layer. Verify the DRCs are approved exceptions to your rules.


  APERTURES USED:
  ---------------------------------------------------------
  TYPE       SIZE/NAME                   ROT   MIRROR MODE 
  ---------------------------------------------------------
  CIRCLE     0.30000                                  DARK 
  CIRCLE     0.50000                                  DARK 
  CIRCLE     1.00000                                  DARK 
  CIRCLE     1.20000                                  DARK 
  CIRCLE     1.60000                                  DARK 
  CIRCLE     3.50000                                  DARK 
  SQUARE     1.20000                     0.000 NO     DARK 
  SQUARE     1.52400                     0.000 NO     DARK 
  SQUARE     1.59990                     0.000 NO     DARK 
  RECTANGLE  0.50000     x 2.50000      90.000 NO     DARK 
  RECTANGLE  2.00000     x 2.50000      90.000 NO     DARK 
  RECTANGLE  2.25000     x 0.43000      90.000 NO     DARK 

     TOP created with warnings


================================================================
     PROCESSING FILM < BOTTOM >
     TO FILE < C:/DATA/GIT/CADENCE/MODULES/RPI_NRF24L01MODULE_FT232/allegro/BOTTOM.art > ...
================================================================

  FILM PARAMETERS :
  ---------------------------------------------------------
  Undefined line width                0.0000
  Mirror code                         NONE
  Rotate angle                        NONE
  Offset x:                           0.0000
  Offset y:                           0.0000
  Plot negative                       NO
  Suppress unconnected internal pads  NO
  Draw holes only                     NO



  APERTURES USED:
  ---------------------------------------------------------
  TYPE       SIZE/NAME                   ROT   MIRROR MODE 
  ---------------------------------------------------------
  CIRCLE     0.30000                                  DARK 
  CIRCLE     0.50000                                  DARK 
  CIRCLE     1.00000                                  DARK 
  CIRCLE     1.20000                                  DARK 
  CIRCLE     1.60000                                  DARK 
  CIRCLE     3.50000                                  DARK 
  SQUARE     1.59990                     0.000 NO     DARK 

     BOTTOM created.


================================================================
     PROCESSING FILM < OUTLINE >
     TO FILE < C:/DATA/GIT/CADENCE/MODULES/RPI_NRF24L01MODULE_FT232/allegro/OUTLINE.art > ...
================================================================

  FILM PARAMETERS :
  ---------------------------------------------------------
  Undefined line width                0.0000
  Mirror code                         NONE
  Rotate angle                        NONE
  Offset x:                           0.0000
  Offset y:                           0.0000
  Plot negative                       NO
  Suppress unconnected internal pads  NO
  Draw holes only                     NO

    WARNING: rectangle or unfilled shape composed 0 width line found at (-29.5616 14.7500)
           ... ignored.

    WARNING: rectangle or unfilled shape having Multiple 0 width lines; all will be treated the same as the first.
           ... ignored.



  APERTURES USED:
  ---------------------------------------------------------
  TYPE       SIZE/NAME                   ROT   MIRROR MODE 
  ---------------------------------------------------------
  CIRCLE     0.20000                                  DARK 

     OUTLINE created with warnings


================================================================
     PROCESSING FILM < SC_TOP >
     TO FILE < C:/DATA/GIT/CADENCE/MODULES/RPI_NRF24L01MODULE_FT232/allegro/SC_TOP.art > ...
================================================================

  FILM PARAMETERS :
  ---------------------------------------------------------
  Undefined line width                0.0000
  Mirror code                         NONE
  Rotate angle                        NONE
  Offset x:                           0.0000
  Offset y:                           0.0000
  Plot negative                       NO
  Suppress unconnected internal pads  NO
  Draw holes only                     NO



  APERTURES USED:
  ---------------------------------------------------------
  TYPE       SIZE/NAME                   ROT   MIRROR MODE 
  ---------------------------------------------------------
  CIRCLE     0.10000                                  DARK 
  CIRCLE     0.10160                                  DARK 
  CIRCLE     0.15000                                  DARK 

     SC_TOP created.


================================================================
     PROCESSING FILM < SC_BOT >
     TO FILE < C:/DATA/GIT/CADENCE/MODULES/RPI_NRF24L01MODULE_FT232/allegro/SC_BOT.art > ...
================================================================

  FILM PARAMETERS :
  ---------------------------------------------------------
  Undefined line width                0.0000
  Mirror code                         NONE
  Rotate angle                        NONE
  Offset x:                           0.0000
  Offset y:                           0.0000
  Plot negative                       NO
  Suppress unconnected internal pads  NO
  Draw holes only                     NO



  APERTURES USED:  NONE
     SC_BOT created.


================================================================
     PROCESSING FILM < SM_TOP >
     TO FILE < C:/DATA/GIT/CADENCE/MODULES/RPI_NRF24L01MODULE_FT232/allegro/SM_TOP.art > ...
================================================================

  FILM PARAMETERS :
  ---------------------------------------------------------
  Undefined line width                0.0000
  Mirror code                         NONE
  Rotate angle                        NONE
  Offset x:                           0.0000
  Offset y:                           0.0000
  Plot negative                       NO
  Suppress unconnected internal pads  NO
  Draw holes only                     NO



  APERTURES USED:
  ---------------------------------------------------------
  TYPE       SIZE/NAME                   ROT   MIRROR MODE 
  ---------------------------------------------------------
  CIRCLE     1.40000                                  DARK 
  CIRCLE     1.50000                                  DARK 
  CIRCLE     1.90000                                  DARK 
  SQUARE     1.40000                     0.000 NO     DARK 
  SQUARE     1.65100                     0.000 NO     DARK 
  SQUARE     2.00000                     0.000 NO     DARK 
  RECTANGLE  0.70000     x 2.70000      90.000 NO     DARK 
  RECTANGLE  2.20000     x 2.70000      90.000 NO     DARK 
  RECTANGLE  2.45000     x 0.63000      90.000 NO     DARK 

     SM_TOP created.


================================================================
     PROCESSING FILM < SM_BOT >
     TO FILE < C:/DATA/GIT/CADENCE/MODULES/RPI_NRF24L01MODULE_FT232/allegro/SM_BOT.art > ...
================================================================

  FILM PARAMETERS :
  ---------------------------------------------------------
  Undefined line width                0.0000
  Mirror code                         NONE
  Rotate angle                        NONE
  Offset x:                           0.0000
  Offset y:                           0.0000
  Plot negative                       NO
  Suppress unconnected internal pads  NO
  Draw holes only                     NO



  APERTURES USED:
  ---------------------------------------------------------
  TYPE       SIZE/NAME                   ROT   MIRROR MODE 
  ---------------------------------------------------------
  CIRCLE     1.50000                                  DARK 
  CIRCLE     1.90000                                  DARK 
  SQUARE     1.80010                     0.000 NO     DARK 

     SM_BOT created.


================================================================
     PROCESSING FILM < SP_TOP >
     TO FILE < C:/DATA/GIT/CADENCE/MODULES/RPI_NRF24L01MODULE_FT232/allegro/SP_TOP.art > ...
================================================================

  FILM PARAMETERS :
  ---------------------------------------------------------
  Undefined line width                0.0000
  Mirror code                         NONE
  Rotate angle                        NONE
  Offset x:                           0.0000
  Offset y:                           0.0000
  Plot negative                       NO
  Suppress unconnected internal pads  NO
  Draw holes only                     NO



  APERTURES USED:
  ---------------------------------------------------------
  TYPE       SIZE/NAME                   ROT   MIRROR MODE 
  ---------------------------------------------------------
  SQUARE     1.20000                     0.000 NO     DARK 
  SQUARE     1.47320                     0.000 NO     DARK 
  RECTANGLE  0.50000     x 2.50000      90.000 NO     DARK 
  RECTANGLE  2.00000     x 2.50000      90.000 NO     DARK 
  RECTANGLE  2.25000     x 0.43000      90.000 NO     DARK 

     SP_TOP created.


------------------------------------------------------
 SUMMARY:
        TOP created with warnings
        BOTTOM created.
        OUTLINE created with warnings
        SC_TOP created.
        SC_BOT created.
        SM_TOP created.
        SM_BOT created.
        SP_TOP created.

 ARTWORK had warnings
