Fri Apr 07 20:29:48 2017				Page     1


 
Update Symbols/Modules Logfile
	Fri Apr 07 20:29:48 2017

------ Module Refresh Messages ------

SUMMARY:    Updated 0 out of 0 modules

------ End Module Messages     ------



(---------------------------------------------------------------------)
(                                                                     )
(    Refresh Symbol                                                   )
(                                                                     )
(    Drawing          : RPI_NRF24L01MODULE_FT232.brd                  )
(    Software Version : 17.2P019                                      )
(    Date/Time        : Fri Apr 07 20:29:48 2017                      )
(                                                                     )
(---------------------------------------------------------------------)


Fri Apr 07 20:29:48 2017				Page     1


------ Symbol Refresh Directives ------

Input design  = 'C:/DATA/git/Cadence/modules/RPI_nRF24L01Module_FT232/allegro/RPI_NRF24L01MODULE_FT232.brd'
Output design = ''

Update mechanical symbols              = 'YES'
Update format symbols                  = 'NO'
Update package symbols                 = 'NO'
Update shape/flash symbols             = 'NO'
Update symbol padstacks                = 'NO'
Preserve padstacks replaced on pins    = 'NO'
Reset symbol text and size locations   = 'NO'
Reset Pin Escapes (fanouts)            = 'NO'
Ripup Etch                             = 'NO'
Reset custom drill data                = 'NO'


------ Library Paths ------
PSMPATH =  C:/DATA/git/hardware/Library/CadenceLib/layout/symbol_lib/ 
           . 
           symbols 
           .. 
           ../symbols 
           C:/Cadence/Cadence_SPB_17.2-2016/share/local/pcb/symbols 
           C:/Cadence/Cadence_SPB_17.2-2016/share/pcb/pcb_lib/symbols 
           C:/Cadence/Cadence_SPB_17.2-2016/share/pcb/allegrolib/symbols 

PADPATH =  C:/DATA/git/hardware/Library/CadenceLib/layout/symbol_lib/ 
           . 
           symbols 
           .. 
           ../symbols 
           C:/Cadence/Cadence_SPB_17.2-2016/share/local/pcb/padstacks 
           C:/Cadence/Cadence_SPB_17.2-2016/share/pcb/pcb_lib/symbols 
           C:/Cadence/Cadence_SPB_17.2-2016/share/pcb/allegrolib/symbols 


------ Symbol Refresh Messages ------

'LOGO_MLAB_60X67'  symbol refreshed successfully.
'HOLE_35CIR33'  symbol refreshed successfully.


----- Symbol Update Summary ----

Updated symbols: 2 out 2
    Design updated.

