{ Using PSTWRITER 17.2.0 d001Aug-03-2016 at 02:39:58 }

#1 WARNING(ORCAP-36005): Net "LED_BUTTON_GROUP.SEGMENT_LEDS.SEGMENT_LEDS5" is renamed to "LED_BUTTON_GROUP.SEGMENT_LEDS.S".
#2 WARNING(ORCAP-36005): Net "LED_BUTTON_GROUP.SEGMENT_LEDS.SEGMENT_LEDS7" is renamed to "LED_BUTTON_GROUP.SEGMENT_LEDS_1".
#3 WARNING(ORCAP-36005): Net "LED_BUTTON_GROUP.SEGMENT_LEDS.SEGMENT_LEDS0" is renamed to "LED_BUTTON_GROUP.SEGMENT_LEDS_2".
#4 WARNING(ORCAP-36005): Net "LED_BUTTON_GROUP.SEGMENT_LEDS.SEGMENT_LEDS4" is renamed to "LED_BUTTON_GROUP.SEGMENT_LEDS_3".
#5 WARNING(ORCAP-36005): Net "LED_BUTTON_GROUP.LEDS_EN.LEDS_EN1" is renamed to "LED_BUTTON_GROUP.LEDS_EN.LEDS_E".
#6 WARNING(ORCAP-36005): Net "LED_BUTTON_GROUP.SEGMENT_LEDS.SEGMENT_LEDS3" is renamed to "LED_BUTTON_GROUP.SEGMENT_LEDS_4".
#7 WARNING(ORCAP-36005): Net "LED_BUTTON_GROUP.SEGMENT_LEDS.SEGMENT_LEDS1" is renamed to "LED_BUTTON_GROUP.SEGMENT_LEDS_5".
#8 WARNING(ORCAP-36005): Net "LED_BUTTON_GROUP.SEGMENT_LEDS.SEGMENT_LEDS6" is renamed to "LED_BUTTON_GROUP.SEGMENT_LEDS_6".
#9 WARNING(ORCAP-36005): Net "LED_BUTTON_GROUP.LEDS_EN.LEDS_EN2" is renamed to "LED_BUTTON_GROUP.LEDS_EN.LEDS_1".
#10 WARNING(ORCAP-36005): Net "LED_BUTTON_GROUP.SEGMENT_LEDS.SEGMENT_LEDS2" is renamed to "LED_BUTTON_GROUP.SEGMENT_LEDS_7".
#11 WARNING(ORCAP-36005): Net "LED_BUTTON_GROUP.LEDS_EN.LEDS_EN0" is renamed to "LED_BUTTON_GROUP.LEDS_EN.LEDS_2".
#12 WARNING(ORCAP-36005): Net "LED_BUTTON_GROPU.SEGMENT_LEDS.SEGMENT_LEDS6" is renamed to "LED_BUTTON_GROPU.SEGMENT_LEDS.S".
#13 WARNING(ORCAP-36005): Net "LED_BUTTON_GROPU.LEDS_EN.LEDS_EN0" is renamed to "LED_BUTTON_GROPU.LEDS_EN.LEDS_E".
#14 WARNING(ORCAP-36005): Net "LED_BUTTON_GROPU.SEGMENT_LEDS.SEGMENT_LEDS3" is renamed to "LED_BUTTON_GROPU.SEGMENT_LEDS_1".
#15 WARNING(ORCAP-36005): Net "LED_BUTTON_GROPU.SEGMENT_LEDS.SEGMENT_LEDS5" is renamed to "LED_BUTTON_GROPU.SEGMENT_LEDS_2".
#16 WARNING(ORCAP-36005): Net "LED_BUTTON_GROPU.SEGMENT_LEDS.SEGMENT_LEDS4" is renamed to "LED_BUTTON_GROPU.SEGMENT_LEDS_3".
#17 WARNING(ORCAP-36005): Net "LED_BUTTON_GROPU.SEGMENT_LEDS.SEGMENT_LEDS2" is renamed to "LED_BUTTON_GROPU.SEGMENT_LEDS_4".
#18 WARNING(ORCAP-36005): Net "LED_BUTTON_GROPU.LEDS_EN.LEDS_EN1" is renamed to "LED_BUTTON_GROPU.LEDS_EN.LEDS_1".
#19 WARNING(ORCAP-36005): Net "LED_BUTTON_GROPU.SEGMENT_LEDS.SEGMENT_LEDS7" is renamed to "LED_BUTTON_GROPU.SEGMENT_LEDS_5".
#20 WARNING(ORCAP-36005): Net "LED_BUTTON_GROPU.SEGMENT_LEDS.SEGMENT_LEDS0" is renamed to "LED_BUTTON_GROPU.SEGMENT_LEDS_6".
#21 WARNING(ORCAP-36005): Net "LED_BUTTON_GROPU.LEDS_EN.LEDS_EN2" is renamed to "LED_BUTTON_GROPU.LEDS_EN.LEDS_2".
#22 WARNING(ORCAP-36005): Net "LED_BUTTON_GROPU.SEGMENT_LEDS.SEGMENT_LEDS1" is renamed to "LED_BUTTON_GROPU.SEGMENT_LEDS_7".
#23 WARNING(ORCAP-36006): Part Name "CAPACITOR NON-POL_CAP_SMD_0805_20PF" is renamed to "CAPACITOR NON-POL_CAP_SMD_0805_".
#24 WARNING(ORCAP-36006): Part Name "CAPACITOR NON-POL_CAP_SMD_0805_100NF" is renamed to "CAPACITOR NON-POL_CAP_SMD_080_1".
#25 WARNING(ORCAP-36006): Part Name "CAPACITOR NON-POL_CAP_SMD_0508_0.1UF" is renamed to "CAPACITOR NON-POL_CAP_SMD_0508_".
#26 WARNING(ORCAP-36006): Part Name "CAPACITOR NON-POL_RES_SMD_0805_0.47UF 250V" is renamed to "CAPACITOR NON-POL_RES_SMD_0805_".
#27 WARNING(ORCAP-36006): Part Name "CAPACITOR NON-POL_CAP_SMD_SIZEF_470UF" is renamed to "CAPACITOR NON-POL_CAP_SMD_SIZEF".
#28 WARNING(ORCAP-36006): Part Name "CAPACITOR NON-POL_RES_SMD_0805_100NF" is renamed to "CAPACITOR NON-POL_RES_SMD_080_1".
#29 WARNING(ORCAP-36006): Part Name "LDS-A32R_1_LED7DOAN_14_22_LDS-HTA512RI" is renamed to "LDS-A32R_1_LED7DOAN_14_22_LDS-H".
#30 WARNING(ORCAP-36006): Part Name "DIODE ZENER_DIODE_ZENNER_SOD80C_5.6V" is renamed to "DIODE ZENER_DIODE_ZENNER_SOD80C".
#31 WARNING(ORCAP-36006): Part Name "DIODE ZENER_DIODE_ZENNER_SOD80C_3.3V" is renamed to "DIODE ZENER_DIODE_ZENNER_SOD8_1".
#32 WARNING(ORCAP-36006): Part Name "OPTO ISOLATOR-A_0_PC817_SMD_OPTO ISOLATOR-A" is renamed to "OPTO ISOLATOR-A_0_PC817_SMD_OPT".
#33 WARNING(ORCAP-36006): Part Name "SW_TC_SPST_6_6_5_SMD_BUTTON_MODE" is renamed to "SW_TC_SPST_6_6_5_SMD_BUTTON_MOD".
#34 WARNING(ORCAP-36006): Part Name "T POINT R_TESTPOINTCIR_ZERO_POINT" is renamed to "T POINT R_TESTPOINTCIR_ZERO_POI".
#35 WARNING(ORCAP-36006): Part Name "STM8S003K3_STM8S003K3_LQFP32_STM8S003K3" is renamed to "STM8S003K3_STM8S003K3_LQFP32_ST".
#36 WARNING(ORCAP-36006): Part Name "74HC138_0_74HC138_SOIC16_74HC138" is renamed to "74HC138_0_74HC138_SOIC16_74HC13".
INFO(ORCAP-36080): Scanning netlist files ...

Loading... E:\MLABVIET\CADENCE\ALEGRO\PROJECTS\BOARDAPTRUNG\allegro/pstchip.dat

Loading... E:\MLABVIET\CADENCE\ALEGRO\PROJECTS\BOARDAPTRUNG\allegro/pstchip.dat

Loading... E:\MLABVIET\CADENCE\ALEGRO\PROJECTS\BOARDAPTRUNG\allegro/pstxprt.dat

Loading... E:\MLABVIET\CADENCE\ALEGRO\PROJECTS\BOARDAPTRUNG\allegro/pstxnet.dat
packaging the design view...