
---------------------------------------------------------------------------
BOARD: E:/mlabviet/Cadence/Alegro/projects/mpu6050_stm8/allegro/MPU6050_STM8.brd ROUTER: 17.2
DATE: Sun Jul 24 22:22:33 2016        HOST: DESKTOP-942VC2H
---------------------------------------------------------------------------
Cnt St-ex Router      Att  Inv Miss Com% Drcs Vias   Etch  Cpu exec  Cpu Tot
--------- ------    ----- ---- ---- ---- ---- ---- ------  -------- --------
  Start    ----        56    0    0 100%    0   27    23.0  0:02:41  0:00:00
  1s 1-1  oldrouter    2    0    0 100%    0   27    23.0  0:02:41  0:00:01

---------------------------------------------------------------------------
BOARD: E:/mlabviet/Cadence/Alegro/projects/mpu6050_stm8/allegro/MPU6050_STM8.brd ROUTER: 17.2
DATE: Sun Jul 24 22:22:34 2016        HOST: DESKTOP-942VC2H
---------------------------------------------------------------------------
Cnt St-ex Router      Att  Inv Miss Com% Drcs Vias   Etch  Cpu exec  Cpu Tot
--------- ------    ----- ---- ---- ---- ---- ---- ------  -------- --------
  Start    ----        56    0    0 100%    0   27    23.0  0:02:43  0:00:01

---------------------------------------------------------------------------
BOARD: E:/mlabviet/Cadence/Alegro/projects/mpu6050_stm8/allegro/MPU6050_STM8.brd ROUTER: 17.2
DATE: Sun Jul 24 22:22:35 2016        HOST: DESKTOP-942VC2H
---------------------------------------------------------------------------
Cnt St-ex Router      Att  Inv Miss Com% Drcs Vias   Etch  Cpu exec  Cpu Tot
--------- ------    ----- ---- ---- ---- ---- ---- ------  -------- --------
  Start    ----        56    0    0 100%    0   27    21.0  0:02:43  0:00:02
