
*********************************************************************
                         ROUTER-LOG
*********************************************************************

NEW ROUTE on E:/mlabviet/Cadence/Alegro/projects/mpu6050_stm8/allegro/MPU6050_STM8.brd
Started on   Sun Jul 24 22:22:33 2016

---------------------------------------------------------------------
Statistics at the Start of the Route:
----------------------------

    Board Statistics:
    -----------------
        Components:  Placed 31  Unplaced 0  Total 31
        Nets:  W/Rats 24  No/Rats 0  Total 24
        Pins:  W/Rats 80  No/Rats 0  Unused 13  Unplaced 0  Total 93
        Equivalent ICs (1 pin = 1/14 EIC)  6
        Router Keepin (in) (-0.5965,-0.2992) by (0.5945,0.4055)
        Board area (sq in)  0.8
        Board density (sq in/EIC) 0.126

    Connection Statistics:        W/Rats      No/Rats      Total
    ----------------------        ------      -------      -----
        Connections                 56           0           56
        Already Connected           56           0           56
        Missing Connections          0           0            0
        Connection Completion      100.00%       0.00%      100.00%
        Manh Distance (inches)      17.93
        Etch Length (inches)        23.39        0.00        23.39
        Number of vias		    27           0           27
        Vias per Connection          0.48        0.00         0.48
        Smd pins with attached clines                        68



---------------------------------------------------------------------
General Routing Parameters
--------------------------

    Checkpoint at:  Last step 1:  Last execution 1
    Overwrite router.log
    Auto Save ON
    Dynamic Control OFF
    Direct Path Router OFF
    Component Orientation  HORIZONTAL
    Order Connections Short First
    Max net priority 0
    Corner type: 45
    Side Entry ALLOWED
    DO NOT FORCE to Pin Escape
    Ripup/Cleanup Pin Escapes OFF
    Via Preference OFF


---------------------------------------------------------------------
Layers and Drc Rules
--------------------

    Subclass                          Spacing       Line Width
    Idx Name                Dir   ll    lv    vv    Def   Neck    Via    Max45
    --- ----                ---   --    --    --    ---   ----    ---    ---
     1  TOP                  H 0.1270 0.1270 0.1270  0.2000 0.2000  1.0000 0.6350
        X grids:     0.0500  Offset: 0.0000
        Y grids:     0.0500  Offset: 0.0000
    --- ----                ---   --    --    --    ---   ----    ---    ---
     2  BOTTOM               V 0.1270 0.1270 0.1270  0.2000 0.2000  1.0000 0.6350
        X grids:     0.0500  Offset: 0.0000
        Y grids:     0.0500  Offset: 0.0000

    ATTEMPTS: 0 this step: 0 skips:  
    count_invalid 0 in 0  0:0:0 hours
---------------------------------------------------------------------
Statistics at the End of the Route:
----------------------------


    Connection Statistics:        W/Rats      No/Rats      Total
    ----------------------        ------      -------      -----
        Connections                 56           0           56
        Already Connected           56           0           56
        Missing Connections          0           0            0
        Connection Completion      100.00%       0.00%      100.00%
        Etch Length (inches)        23.39        0.00        23.39
        Number of vias		    27           0           27
        Vias per Connection          0.48        0.00         0.48
        Smd pins with attached clines                        68



    Total cpu time - 0:2:41 hours
    Total elapsed time - 2523:34:32 hours
    Invalid Count Time: 0 0:0:0 hours
    Route ended on  Sun Jul 24 22:22:33 2016
