(---------------------------------------------------------------------)
(                                                                     )
(    ARTWORK LOG                                                      )
(                                                                     )
(    Drawing          : ZM5202_PL2303.brd                             )
(    Software Version : 17.2P019                                      )
(    Date/Time        : Mon Mar 20 23:22:01 2017                      )
(                                                                     )
(---------------------------------------------------------------------)


 ---- Photoplot outline rectangle not found; using drawing extents.



Results from parameter file ...
    DEVICE-TYPE           GERBER_RS274X
    OUTPUT-UNITS          MM
    FILM-SIZE             2400000 1600000
    FORMAT                2.5
    ABORT-ON-ERROR        NO
    SCALE                 1
    SUPPRESS-LEAD-ZEROES  YES
    SUPPRESS-TRAIL-ZEROES NO
    SUPPRESS-EQUAL        YES
    UNDEF-APT-CONT        NO



================================================================
     PROCESSING FILM < TOP >
     TO FILE < C:/DATA/GIT/CADENCE/MODULES/ZM5202_PL2303/allegro/TOP.art > ...
================================================================

  FILM PARAMETERS :
  ---------------------------------------------------------
  Undefined line width                0.0000
  Mirror code                         NONE
  Rotate angle                        NONE
  Offset x:                           0.0000
  Offset y:                           0.0000
  Plot negative                       NO
  Suppress unconnected internal pads  NO
  Draw holes only                     NO



  APERTURES USED:
  ---------------------------------------------------------
  TYPE       SIZE/NAME                   ROT   MIRROR MODE 
  ---------------------------------------------------------
  CIRCLE     0.30000                                  DARK 
  CIRCLE     1.00000                                  DARK 
  CIRCLE     1.19990                                  DARK 
  CIRCLE     1.59990                                  DARK 
  CIRCLE     2.19990                                  DARK 
  CIRCLE     3.00000                                  DARK 
  SQUARE     1.19990                     0.000 NO     DARK 
  SQUARE     1.52400                     0.000 NO     DARK 
  SQUARE     1.59990                     0.000 NO     DARK 
  SQUARE     2.19990                     0.000 NO     DARK 
  RECTANGLE  0.50010     x 2.50010      90.000 NO     DARK 
  RECTANGLE  2.00000     x 2.50010      90.000 NO     DARK 
  RECTANGLE  2.24990     x 0.43000       0.000 NO     DARK 

     TOP created.


================================================================
     PROCESSING FILM < BOTTOM >
     TO FILE < C:/DATA/GIT/CADENCE/MODULES/ZM5202_PL2303/allegro/BOTTOM.art > ...
================================================================

  FILM PARAMETERS :
  ---------------------------------------------------------
  Undefined line width                0.0000
  Mirror code                         NONE
  Rotate angle                        NONE
  Offset x:                           0.0000
  Offset y:                           0.0000
  Plot negative                       NO
  Suppress unconnected internal pads  NO
  Draw holes only                     NO



  APERTURES USED:
  ---------------------------------------------------------
  TYPE       SIZE/NAME                   ROT   MIRROR MODE 
  ---------------------------------------------------------
  CIRCLE     0.30000                                  DARK 
  CIRCLE     1.00000                                  DARK 
  CIRCLE     1.19990                                  DARK 
  CIRCLE     1.59990                                  DARK 
  CIRCLE     2.19990                                  DARK 
  CIRCLE     3.00000                                  DARK 
  SQUARE     1.19990                     0.000 NO     DARK 
  SQUARE     1.59990                     0.000 NO     DARK 
  SQUARE     2.19990                     0.000 NO     DARK 
  RECTANGLE  0.51000     x 0.99010      90.000 NO     DARK 
  RECTANGLE  1.10010     x 1.95000       0.000 NO     DARK 
  RECTANGLE  1.40000     x 2.15010       0.000 NO     DARK 
  RECTANGLE  1.95000     x 1.10010       0.000 NO     DARK 
  RECTANGLE  2.15010     x 1.40000       0.000 NO     DARK 

     BOTTOM created.


================================================================
     PROCESSING FILM < SC_TOP >
     TO FILE < C:/DATA/GIT/CADENCE/MODULES/ZM5202_PL2303/allegro/SC_TOP.art > ...
================================================================

  FILM PARAMETERS :
  ---------------------------------------------------------
  Undefined line width                0.0000
  Mirror code                         NONE
  Rotate angle                        NONE
  Offset x:                           0.0000
  Offset y:                           0.0000
  Plot negative                       NO
  Suppress unconnected internal pads  NO
  Draw holes only                     NO

    WARNING: rectangle or unfilled shape composed 0 width line found at (-5.4000 -17.4000)
           ... ignored.



  APERTURES USED:
  ---------------------------------------------------------
  TYPE       SIZE/NAME                   ROT   MIRROR MODE 
  ---------------------------------------------------------
  CIRCLE     0.10000                                  DARK 
  CIRCLE     0.15000                                  DARK 
  CIRCLE     0.20000                                  DARK 
  CIRCLE     0.25400                                  DARK 
  CIRCLE     0.50000                                  DARK 

     SC_TOP created with warnings


================================================================
     PROCESSING FILM < SC_BOT >
     TO FILE < C:/DATA/GIT/CADENCE/MODULES/ZM5202_PL2303/allegro/SC_BOT.art > ...
================================================================

  FILM PARAMETERS :
  ---------------------------------------------------------
  Undefined line width                0.0000
  Mirror code                         NONE
  Rotate angle                        NONE
  Offset x:                           0.0000
  Offset y:                           0.0000
  Plot negative                       NO
  Suppress unconnected internal pads  NO
  Draw holes only                     NO

    WARNING: rectangle or unfilled shape having Multiple 0 width lines; all will be treated the same as the first.
           ... ignored.

    WARNING: text composed 0 width line found at (23.6500 -5.3500)
           ... ignored.



  APERTURES USED:
  ---------------------------------------------------------
  TYPE       SIZE/NAME                   ROT   MIRROR MODE 
  ---------------------------------------------------------
  CIRCLE     0.10000                                  DARK 
  CIRCLE     0.15000                                  DARK 
  CIRCLE     0.25400                                  DARK 
  CIRCLE     0.50000                                  DARK 

     SC_BOT created with warnings


================================================================
     PROCESSING FILM < SM_TOP >
     TO FILE < C:/DATA/GIT/CADENCE/MODULES/ZM5202_PL2303/allegro/SM_TOP.art > ...
================================================================

  FILM PARAMETERS :
  ---------------------------------------------------------
  Undefined line width                0.0000
  Mirror code                         NONE
  Rotate angle                        NONE
  Offset x:                           0.0000
  Offset y:                           0.0000
  Plot negative                       NO
  Suppress unconnected internal pads  NO
  Draw holes only                     NO



  APERTURES USED:
  ---------------------------------------------------------
  TYPE       SIZE/NAME                   ROT   MIRROR MODE 
  ---------------------------------------------------------
  CIRCLE     1.40000                                  DARK 
  CIRCLE     1.50000                                  DARK 
  CIRCLE     1.89990                                  DARK 
  CIRCLE     2.19990                                  DARK 
  CIRCLE     3.59990                                  DARK 
  SQUARE     1.40000                     0.000 NO     DARK 
  SQUARE     1.65100                     0.000 NO     DARK 
  SQUARE     2.00000                     0.000 NO     DARK 
  SQUARE     2.19990                     0.000 NO     DARK 
  RECTANGLE  0.70000     x 2.70000      90.000 NO     DARK 
  RECTANGLE  2.19990     x 2.70000      90.000 NO     DARK 
  RECTANGLE  2.45010     x 0.62990       0.000 NO     DARK 

     SM_TOP created.


================================================================
     PROCESSING FILM < SM_BOT >
     TO FILE < C:/DATA/GIT/CADENCE/MODULES/ZM5202_PL2303/allegro/SM_BOT.art > ...
================================================================

  FILM PARAMETERS :
  ---------------------------------------------------------
  Undefined line width                0.0000
  Mirror code                         NONE
  Rotate angle                        NONE
  Offset x:                           0.0000
  Offset y:                           0.0000
  Plot negative                       NO
  Suppress unconnected internal pads  NO
  Draw holes only                     NO



  APERTURES USED:
  ---------------------------------------------------------
  TYPE       SIZE/NAME                   ROT   MIRROR MODE 
  ---------------------------------------------------------
  CIRCLE     1.50000                                  DARK 
  CIRCLE     1.89990                                  DARK 
  CIRCLE     2.19990                                  DARK 
  CIRCLE     3.59990                                  DARK 
  SQUARE     1.40000                     0.000 NO     DARK 
  SQUARE     1.80010                     0.000 NO     DARK 
  SQUARE     2.19990                     0.000 NO     DARK 
  RECTANGLE  0.70990     x 1.19000      90.000 NO     DARK 
  RECTANGLE  1.30000     x 2.15010       0.000 NO     DARK 
  RECTANGLE  1.59990     x 2.35000       0.000 NO     DARK 
  RECTANGLE  2.15010     x 1.30000       0.000 NO     DARK 
  RECTANGLE  2.35000     x 1.59990       0.000 NO     DARK 

     SM_BOT created.


================================================================
     PROCESSING FILM < SP_TOP >
     TO FILE < C:/DATA/GIT/CADENCE/MODULES/ZM5202_PL2303/allegro/SP_TOP.art > ...
================================================================

  FILM PARAMETERS :
  ---------------------------------------------------------
  Undefined line width                0.0000
  Mirror code                         NONE
  Rotate angle                        NONE
  Offset x:                           0.0000
  Offset y:                           0.0000
  Plot negative                       NO
  Suppress unconnected internal pads  NO
  Draw holes only                     NO



  APERTURES USED:
  ---------------------------------------------------------
  TYPE       SIZE/NAME                   ROT   MIRROR MODE 
  ---------------------------------------------------------
  SQUARE     1.19990                     0.000 NO     DARK 
  SQUARE     1.47320                     0.000 NO     DARK 
  RECTANGLE  0.50010     x 2.50010      90.000 NO     DARK 
  RECTANGLE  2.00000     x 2.50010      90.000 NO     DARK 
  RECTANGLE  2.24990     x 0.43000       0.000 NO     DARK 

     SP_TOP created.


================================================================
     PROCESSING FILM < SP_BOT >
     TO FILE < C:/DATA/GIT/CADENCE/MODULES/ZM5202_PL2303/allegro/SP_BOT.art > ...
================================================================

  FILM PARAMETERS :
  ---------------------------------------------------------
  Undefined line width                0.0000
  Mirror code                         NONE
  Rotate angle                        NONE
  Offset x:                           0.0000
  Offset y:                           0.0000
  Plot negative                       NO
  Suppress unconnected internal pads  NO
  Draw holes only                     NO



  APERTURES USED:
  ---------------------------------------------------------
  TYPE       SIZE/NAME                   ROT   MIRROR MODE 
  ---------------------------------------------------------
  SQUARE     1.19990                     0.000 NO     DARK 
  RECTANGLE  0.51000     x 0.99010      90.000 NO     DARK 
  RECTANGLE  1.10010     x 1.95000       0.000 NO     DARK 
  RECTANGLE  1.40000     x 2.15010       0.000 NO     DARK 
  RECTANGLE  1.95000     x 1.10010       0.000 NO     DARK 
  RECTANGLE  2.15010     x 1.40000       0.000 NO     DARK 

     SP_BOT created.


================================================================
     PROCESSING FILM < OUTLINE >
     TO FILE < C:/DATA/GIT/CADENCE/MODULES/ZM5202_PL2303/allegro/OUTLINE.art > ...
================================================================

  FILM PARAMETERS :
  ---------------------------------------------------------
  Undefined line width                0.0000
  Mirror code                         NONE
  Rotate angle                        NONE
  Offset x:                           0.0000
  Offset y:                           0.0000
  Plot negative                       NO
  Suppress unconnected internal pads  NO
  Draw holes only                     NO



  APERTURES USED:
  ---------------------------------------------------------
  TYPE       SIZE/NAME                   ROT   MIRROR MODE 
  ---------------------------------------------------------
  CIRCLE     0.15000                                  DARK 

     OUTLINE created.


------------------------------------------------------
 SUMMARY:
        TOP created.
        BOTTOM created.
        SC_TOP created with warnings
        SC_BOT created with warnings
        SM_TOP created.
        SM_BOT created.
        SP_TOP created.
        SP_BOT created.
        OUTLINE created.

 ARTWORK had warnings
