
---------------------------------------------------------------------------
BOARD: C:/DATA/GIT/CADENCE/MODULES/ZM5202_PL2303/allegro/ZM5202_PL2303.brd ROUTER: 17.2
DATE: Mon Mar 20 22:21:52 2017        HOST: DESKTOP-TPQV6B2
---------------------------------------------------------------------------
Cnt St-ex Router      Att  Inv Miss Com% Drcs Vias   Etch  Cpu exec  Cpu Tot
--------- ------    ----- ---- ---- ---- ---- ---- ------  -------- --------
  Start    ----       102    0    0 100%    0   22    39.0  0:00:15  0:00:00
  1s 1-1  oldrouter    0    4    4  96%    2   16    37.0  0:00:15  0:00:08

---------------------------------------------------------------------------
BOARD: C:/DATA/GIT/CADENCE/MODULES/ZM5202_PL2303/allegro/ZM5202_PL2303.brd ROUTER: 17.2
DATE: Mon Mar 20 22:22:00 2017        HOST: DESKTOP-TPQV6B2
---------------------------------------------------------------------------
Cnt St-ex Router      Att  Inv Miss Com% Drcs Vias   Etch  Cpu exec  Cpu Tot
--------- ------    ----- ---- ---- ---- ---- ---- ------  -------- --------
  Start    ----       102    4    4  96%    2   16    37.0  0:00:23  0:00:08

---------------------------------------------------------------------------
BOARD: C:/DATA/GIT/CADENCE/MODULES/ZM5202_PL2303/allegro/ZM5202_PL2303.brd ROUTER: 17.2
DATE: Mon Mar 20 22:22:02 2017        HOST: DESKTOP-TPQV6B2
---------------------------------------------------------------------------
Cnt St-ex Router      Att  Inv Miss Com% Drcs Vias   Etch  Cpu exec  Cpu Tot
--------- ------    ----- ---- ---- ---- ---- ---- ------  -------- --------
  Start    ----       102    4    4  96%    2   16    36.0  0:00:24  0:00:09

---------------------------------------------------------------------------
BOARD: C:/DATA/GIT/CADENCE/MODULES/ZM5202_PL2303/allegro/ZM5202_PL2303.brd ROUTER: 17.2
DATE: Mon Mar 20 22:41:26 2017        HOST: DESKTOP-TPQV6B2
---------------------------------------------------------------------------
Cnt St-ex Router      Att  Inv Miss Com% Drcs Vias   Etch  Cpu exec  Cpu Tot
--------- ------    ----- ---- ---- ---- ---- ---- ------  -------- --------
  Start    ----       102    2    2  98%    0   21    33.0  0:04:45  0:04:30
