Fri Jul 15 10:44:08 2016				Page     1


 
Update Symbols/Modules Logfile
	Fri Jul 15 10:44:08 2016

------ Module Refresh Messages ------

SUMMARY:    Updated 0 out of 0 modules

------ End Module Messages     ------



(---------------------------------------------------------------------)
(                                                                     )
(    Refresh Symbol                                                   )
(                                                                     )
(    Drawing          : STM8S_PINOUT.brd                              )
(    Software Version : 17.2P019                                      )
(    Date/Time        : Fri Jul 15 10:44:08 2016                      )
(                                                                     )
(---------------------------------------------------------------------)


Fri Jul 15 10:44:08 2016				Page     1


------ Symbol Refresh Directives ------

Input design  = 'E:/mlabviet/Cadence/Alegro/projects/stm8s_pinout/allegro/STM8S_PINOUT.brd'
Output design = ''

Update mechanical symbols              = 'NO'
Update format symbols                  = 'NO'
Update package symbols                 = 'YES'
Update shape/flash symbols             = 'NO'
Update symbol padstacks                = 'NO'
Preserve padstacks replaced on pins    = 'NO'
Reset symbol text and size locations   = 'NO'
Reset Pin Escapes (fanouts)            = 'NO'
Ripup Etch                             = 'NO'
Reset custom drill data                = 'NO'


------ Library Paths ------
PSMPATH =  E:/mlabviet/Cadence/Alegro/libraries/layout/symbol_lib/ 
           . 
           symbols 
           .. 
           ../symbols 
           C:/Cadence/Cadence_SPB_17.2-2016/share/local/pcb/symbols 
           C:/Cadence/Cadence_SPB_17.2-2016/share/pcb/pcb_lib/symbols 
           C:/Cadence/Cadence_SPB_17.2-2016/share/pcb/allegrolib/symbols 

PADPATH =  E:/mlabviet/Cadence/Alegro/libraries/layout/symbol_lib/ 
           . 
           symbols 
           .. 
           ../symbols 
           C:/Cadence/Cadence_SPB_17.2-2016/share/local/pcb/padstacks 
           C:/Cadence/Cadence_SPB_17.2-2016/share/pcb/pcb_lib/symbols 
           C:/Cadence/Cadence_SPB_17.2-2016/share/pcb/allegrolib/symbols 


------ Symbol Refresh Messages ------

'CAP_SMD_0805'  symbol refreshed successfully.
'J1_4_254'  symbol refreshed successfully.
'J1_2_254'  symbol refreshed successfully.
'J1_10_254'  symbol refreshed successfully.
'LED_SMD_0805'  symbol refreshed successfully.
'RES_SMD_0805'  symbol refreshed successfully.
'SMD_2PIN_BUTTON'  symbol refreshed successfully.
'TSSOP20'  symbol refreshed successfully.
'SOT223'  symbol refreshed successfully.
'MINI_USB'  symbol refreshed successfully.
'CRYSTAL_HC49_DIP'  symbol refreshed successfully.


----- Symbol Update Summary ----

Updated symbols: 11 out 11
    Design updated.

