
---------------------------------------------------------------------------
BOARD: E:/mlabviet/Cadence/Alegro/projects/stm8s_pinout/allegro/STM8S_PINOUT.brd ROUTER: 17.2
DATE: Fri Jul 15 11:22:06 2016        HOST: DESKTOP-942VC2H
---------------------------------------------------------------------------
Cnt St-ex Router      Att  Inv Miss Com% Drcs Vias   Etch  Cpu exec  Cpu Tot
--------- ------    ----- ---- ---- ---- ---- ---- ------  -------- --------
  Start    ----        57    0    0 100%    0   10    29.0  0:00:16  0:00:00
  1s 1-1  oldrouter    4    0    0 100%    0   10    29.0  0:00:16  0:00:00

---------------------------------------------------------------------------
BOARD: E:/mlabviet/Cadence/Alegro/projects/stm8s_pinout/allegro/STM8S_PINOUT.brd ROUTER: 17.2
DATE: Fri Jul 15 11:22:07 2016        HOST: DESKTOP-942VC2H
---------------------------------------------------------------------------
Cnt St-ex Router      Att  Inv Miss Com% Drcs Vias   Etch  Cpu exec  Cpu Tot
--------- ------    ----- ---- ---- ---- ---- ---- ------  -------- --------
  Start    ----        57    0    0 100%    0   10    29.0  0:00:16  0:00:00

---------------------------------------------------------------------------
BOARD: E:/mlabviet/Cadence/Alegro/projects/stm8s_pinout/allegro/STM8S_PINOUT.brd ROUTER: 17.2
DATE: Fri Jul 15 11:22:07 2016        HOST: DESKTOP-942VC2H
---------------------------------------------------------------------------
Cnt St-ex Router      Att  Inv Miss Com% Drcs Vias   Etch  Cpu exec  Cpu Tot
--------- ------    ----- ---- ---- ---- ---- ---- ------  -------- --------
  Start    ----        57    0    0 100%    0   10    26.0  0:00:17  0:00:01
