(---------------------------------------------------------------------)
(                                                                     )
(    Glossing                                                         )
(                                                                     )
(    Drawing          : RPI_DYNAMIXEL.brd                             )
(    Software Version : 17.2P028                                      )
(    Date/Time        : Mon Apr 24 11:38:42 2017                      )
(                                                                     )
(---------------------------------------------------------------------)


**WARNING: Disabling dynamic shapes



Pad and T Fillet glossing in progress.
Started on Mon Apr 24 11:38:42 2017

 Round pads:          YES   max size: 2.5400
 Square pads:         YES   max size: 2.5400
 Rectangular pads:    YES   max size: 2.5400
 Oblong pads:         YES   max size: 2.5400
 Octagon pads:        YES   max size: 2.5400
 Pads as shapes:      NO 
 Pins:                YES
 Vias:                YES
 Bond Fingers:        NO 
 Ts:                  YES
 Unused nets:         YES
 Pads Without Drills: YES
 Desired Pin Angle:       90
 Desired Via Angle:       90
 Desired T Angle:         90
 Maximum Pin Angle:       90
 Maximum Via Angle:       90
 Maximum T Angle:         90
 Pin Maximum offset:      0.6350
 Via Maximum offset:      0.6350
 T Maximum offset:        0.6350
 Pin minimum line width:  0.0762
 Via minimum line width:  0.0762
 T minimum line width:    0.0762
 Pin maximum line width:  0.6350
 Via maximum line width:  0.6350
 T maximum line width:    0.6350
 Tapers:                  NO 
 Desired Taper Angle:     60
 Taper Maximum offset:    0.6350
 Allow drc:           NO 
 Dynamic:             NO 
 Curved lines:        NO 

*WARNING: Can't create fillet at pad (-14.4125 -6.9850) on subclass TOP.
          Computed fillet point lies inside pad boundary; required to be outside.

*WARNING: Can't create fillet at pad (-23.9375 -9.5250) on subclass TOP.
          Computed fillet point lies inside pad boundary; required to be outside.

*WARNING: Can't create fillet at pad (4.2975 3.8100) on subclass TOP.
          Unable to create fillet, parameters result in fillet entirely within pad.

*WARNING: Can't fillet T at (-5.7000 -10.5900) on subclass TOP.
          The fillet does not fit.

*WARNING: Can't fillet T at (-9.0755 -1.9050) on subclass TOP.
          The fillet does not fit.

*WARNING: Can't create fillet at pad (-9.3255 -1.9050) on subclass TOP.
          Unable to create fillet, parameters result in fillet entirely within pad.

*WARNING: Can't create fillet at pad (-23.9375 -5.7150) on subclass TOP.
          Unable to create fillet, parameters result in fillet entirely within pad.

*WARNING: Can't create fillet at pad (-29.8450 5.0800) on subclass TOP.
          Computed fillet point lies inside pad boundary; required to be outside.

*WARNING: Can't create fillet at pad (-14.4125 -5.7150) on subclass TOP.
          Unable to create fillet, parameters result in fillet entirely within pad.

*WARNING: Can't create fillet at pad (-23.9375 -12.0650) on subclass TOP.
          Computed fillet point lies inside pad boundary; required to be outside.

*WARNING: Can't create fillet at pad (-23.9375 -6.9850) on subclass TOP.
          Computed fillet point lies inside pad boundary; required to be outside.

*WARNING: Can't create fillet at pad (22.2250 -13.5300) on subclass TOP.
          Computed fillet point lies inside pad boundary; required to be outside.

*WARNING: Can't create fillet at pad (22.2250 -13.5300) on subclass TOP.
          Computed fillet point lies inside pad boundary; required to be outside.

*WARNING: Can't create fillet at pad (-23.9375 -8.2550) on subclass TOP.
          Computed fillet point lies inside pad boundary; required to be outside.

*WARNING: Can't create fillet at pad (-27.3050 -8.2550) on subclass TOP.
          Unable to create fillet, parameters result in fillet entirely within pad.

*WARNING: Can't create fillet at pad (-27.7450 -8.2550) on subclass TOP.
          Unable to create fillet, parameters result in fillet entirely within pad.

*WARNING: Can't create fillet at pad (-23.9375 -10.7950) on subclass TOP.
          Computed fillet point lies inside pad boundary; required to be outside.

*WARNING: Can't create fillet at pad (5.8100 -8.8900) on subclass TOP.
          Unable to create fillet, parameters result in fillet entirely within pad.

*WARNING: Can't create fillet at pad (24.7650 -6.3500) on subclass TOP.
          Computed fillet point lies inside pad boundary; required to be outside.

*WARNING: Can't create fillet at pad (-14.4125 -13.3350) on subclass TOP.
          Computed fillet point lies inside pad boundary; required to be outside.

*WARNING: Can't create fillet at pad (-23.9375 -13.3350) on subclass TOP.
          Computed fillet point lies inside pad boundary; required to be outside.

*WARNING: Can't create fillet at pad (24.7650 -13.3350) on subclass TOP.
          Computed fillet point lies inside pad boundary; required to be outside.

*WARNING: Can't create fillet at pad (-8.4475 -5.7150) on subclass TOP.
          Unable to create fillet, parameters result in fillet entirely within pad.

*WARNING: Can't create fillet at pad (-17.9725 -5.7150) on subclass TOP.
          Computed fillet point lies inside pad boundary; required to be outside.

*WARNING: Can't create fillet at pad (-24.1300 10.1600) on subclass BOTTOM.
          Computed fillet point lies inside pad boundary; required to be outside.




Total number of fillets added: 104

Number of fillets rejected due to DRC errors: 0


Elapsed time:  0 hr 0 min 1 sec ( 0.00 hr)
Actual time of completion: Mon Apr 24 11:38:43 2017


There were 25 errors or warnings reported in logfile.


Glossing complete.
