(---------------------------------------------------------------------)
(                                                                     )
(    NC DRILL Log                                                     )
(                                                                     )
(    Drawing          : ARDUINO_STM8_LCD_NRF24.brd                    )
(    Software Version : 17.2P019                                      )
(    Date/Time        : Wed Mar 22 13:55:38 2017                      )
(                                                                     )
(---------------------------------------------------------------------)



 Processing NC Parameters file 'nc_param.txt' ...

 NC PARAMETERS
 -------------

 FORMAT   		2.5
 MACHINE-OFFSET		x:0.00000	y:0.00000   (mm)
 FEEDRATE		1
 COORDINATES		ABSOLUTE
 OUTPUT-UNITS		METRIC
 TOOL-ORDER		INCREASING
 REPEAT-CODES		YES
 SUPPRESS-LEAD-ZEROES	NO
 SUPPRESS-TRAIL-ZEROES	NO
 SUPPRESS-EQUAL		NO
 TOOL-SELECT		NO
 HEADER			none
 LEADER			12
 CODE			ASCII
 SEPARATE		NO
 SEPARATE-ROUTING	NO
 OPTIMIZE_DRILLING	NO
 ENHANCED_EXCELLON	NO
 SCALE			1.000000



 Drill files being output to directory 'C:/DATA/git/Cadence/modules/arduino_stm8_lcd_nrf24l01/production' ...



     'ARDUINO_STM8_LCD_NRF24-1-2.drl' created for holes connecting TOP and BOTTOM
     ----------------------------------------------------------------------------

           Num     Size      +/- Tolerance     Plating   Quantity

            1.   0.5000    0.0000/  0.0000      PLATED         17
            2.   1.0000    0.0000/  0.0000      PLATED         74
            3.   3.0000    0.0000/  0.0000      PLATED          4

     ---- Total holes:                                         95

     ---- Total head travel:              4.07 feet (1.24 meters)

