(---------------------------------------------------------------------)
(                                                                     )
(    QUICKPLACE LOG                                                   )
(                                                                     )
(    Drawing          : ARDUINO_STM8_LCD_NRF24.brd                    )
(    Software Version : 17.2P028                                      )
(    Date/Time        : Thu Mar 16 11:19:03 2017                      )
(                                                                     )
(---------------------------------------------------------------------)


State: Placing on layer TOP

         Placed symbol:  J6 / CON4_J1_4_254_SWIM / J1_4_254 at (-7.5800 21.2200)
         Placed symbol:  J7 / CON3_J1_3_254_CON3 / J1_3_254 at (5.0572 20.9700)
         Placed symbol:  R5 / RESISTOR VAR_BIENTRO_10K / BIENTRO at (14.8136 23.3000)
         Placed symbol:  D2 / LED_LED_SMD_0805_LED / LED_SMD_0805 at (20.7900 20.5000)
         Placed symbol:  D3 / LED_LED_SMD_0805_LED / LED_SMD_0805 at (26.7764 20.5000)
         Placed symbol:  J1 / CON2_J1_2_254_CON2 / J1_2_254 at (32.6064 21.2200)
         Placed symbol:  D1 / LED_LED_SMD_0805_LED / LED_SMD_0805 at (38.8428 20.5000)
         Placed symbol:  J4 / CON2_J1_2_254_CON2 / J1_2_254 at (-7.5800 29.1200)
         Placed symbol:  J3 / CON2_J1_2_254_CON2 / J1_2_254 at (-1.5000 29.1200)
         Placed symbol:  J2 / CON2_J1_2_254_CON2 / J1_2_254 at (4.5800 29.1200)
         Placed symbol:  C1 / CAP NP_CAP_SMD_0603_10NF / CAP_SMD_0603 at (10.2600 28.1101)
         Placed symbol:  J5 / CON2_J1_2_254_CON2 / J1_2_254 at (13.4000 29.1200)
         Placed symbol:  R2 / R_RES_SMD_0805_1K / RES_SMD_0805 at (19.6664 28.4000)
         Placed symbol:  R6 / R_RES_SMD_0805_1K / RES_SMD_0805 at (25.6828 28.4000)
         Placed symbol:  R7 / R_RES_SMD_0805_1K / RES_SMD_0805 at (31.6992 28.4000)
         Placed symbol:  R3 / R_RES_SMD_0805_10K / RES_SMD_0805 at (37.7156 28.4000)
         Placed symbol:  R4 / R_RES_SMD_0603_1K / RES_SMD_0603 at (43.2456 28.1750)
         Placed symbol:  R1 / R_RES_SMD_0805_1K / RES_SMD_0805 at (-7.3936 31.9400)
         Placed symbol:  R8 / R_RES_SMD_0805_330 / RES_SMD_0805 at (-1.3772 31.9400)
         Placed symbol:  R9 / R_RES_SMD_0805_330R / RES_SMD_0805 at (4.6392 31.9400)
         Placed symbol:  SW1 / SW_PB_SPST_SMD_2PIN_BUTTON_RESE / SMD_2PIN_BUTTON at (14.5256 33.1720)
         Placed symbol:  SW2 / SW_PB_SPST_SMD_2PIN_BUTTON_RESE / SMD_2PIN_BUTTON at (25.4280 33.1720)
         Placed symbol:  SW3 / SW_PB_SPST_SMD_2PIN_BUTTON_RESE / SMD_2PIN_BUTTON at (36.3304 33.1720)


Placed 23 of 23 applicable (23 total) symbols.

-----------------------------------------------------------------------

