Thu Mar 16 23:27:42 2017				Page     1


 
Update Symbols/Modules Logfile
	Thu Mar 16 23:27:42 2017

------ Module Refresh Messages ------

SUMMARY:    Updated 0 out of 0 modules

------ End Module Messages     ------



(---------------------------------------------------------------------)
(                                                                     )
(    Refresh Symbol                                                   )
(                                                                     )
(    Drawing          : ARDUINO_STM8_LCD_NRF24.brd                    )
(    Software Version : 17.2P019                                      )
(    Date/Time        : Thu Mar 16 23:27:42 2017                      )
(                                                                     )
(---------------------------------------------------------------------)


Thu Mar 16 23:27:42 2017				Page     1


------ Symbol Refresh Directives ------

Input design  = 'C:/DATA/git/Cadence/modules/arduino_stm8_lcd_nrf24l01/allegro/ARDUINO_STM8_LCD_NRF24.brd'
Output design = ''

Update mechanical symbols              = 'NO'
Update format symbols                  = 'NO'
Update package symbols                 = 'NO'
Update shape/flash symbols             = 'NO'
Update symbol padstacks                = 'NO'
Preserve padstacks replaced on pins    = 'NO'
Reset symbol text and size locations   = 'NO'
Reset Pin Escapes (fanouts)            = 'NO'
Ripup Etch                             = 'NO'
Reset custom drill data                = 'NO'
Symbol list file                       = 'C:/Users/Thanh/AppData/Local/Temp/#Taaaaab06708.tmp'


------ Library Paths ------
PSMPATH =  C:/DATA/git/hardware/Library/CadenceLib/layout/symbol_lib/ 
           . 
           symbols 
           .. 
           ../symbols 
           C:/Cadence/Cadence_SPB_17.2-2016/share/local/pcb/symbols 
           C:/Cadence/Cadence_SPB_17.2-2016/share/pcb/pcb_lib/symbols 
           C:/Cadence/Cadence_SPB_17.2-2016/share/pcb/allegrolib/symbols 

PADPATH =  C:/DATA/git/hardware/Library/CadenceLib/layout/symbol_lib/ 
           . 
           symbols 
           .. 
           ../symbols 
           C:/Cadence/Cadence_SPB_17.2-2016/share/local/pcb/padstacks 
           C:/Cadence/Cadence_SPB_17.2-2016/share/pcb/pcb_lib/symbols 
           C:/Cadence/Cadence_SPB_17.2-2016/share/pcb/allegrolib/symbols 


------ Symbol Refresh Messages ------

'SMD_2PIN_BUTTON'  symbol refreshed successfully.


----- Symbol Update Summary ----

Updated symbols: 1 out 1
    Design updated.

