
*********************************************************************
                         ROUTER-LOG
*********************************************************************

NEW ROUTE on C:/DATA/GIT/CADENCE/MODULES/ARDUINO_STM8_LCD_NRF24L01/allegro/ARDUINO_STM8_LCD_NRF24.brd
Started on   Thu Mar 16 14:22:48 2017

---------------------------------------------------------------------
Statistics at the Start of the Route:
----------------------------

    Board Statistics:
    -----------------
        Components:  Placed 29  Unplaced 0  Total 29
        Nets:  W/Rats 32  No/Rats 0  Total 33
        Pins:  W/Rats 114  No/Rats 0  Unused 19  Unplaced 0  Total 133
        Equivalent ICs (1 pin = 1/14 EIC)  9
        Router Keepin (in) (-0.3780,-2.4213) by (1.8957,0.7559)
        Board area (sq in)  7.2
        Board density (sq in/EIC) 0.760

    Connection Statistics:        W/Rats      No/Rats      Total
    ----------------------        ------      -------      -----
        Connections                 81           0           81
        Already Connected           81           0           81
        Missing Connections          0           0            0
        Connection Completion      100.00%       0.00%      100.00%
        Manh Distance (inches)      73.65
        Etch Length (inches)        77.43        0.00        77.43
        Number of vias		    13           0           13
        Vias per Connection          0.16        0.00         0.16
        Smd pins with attached clines                        32



---------------------------------------------------------------------
General Routing Parameters
--------------------------

    Checkpoint at:  Last step 1:  Last execution 1
    Overwrite router.log
    Auto Save ON
    Dynamic Control OFF
    Direct Path Router OFF
    Component Orientation  HORIZONTAL
    Order Connections Short First
    Max net priority 0
    Corner type: 45
    Side Entry ALLOWED
    DO NOT FORCE to Pin Escape
    Ripup/Cleanup Pin Escapes OFF
    Via Preference OFF


---------------------------------------------------------------------
Layers and Drc Rules
--------------------

    Subclass                          Spacing       Line Width
    Idx Name                Dir   ll    lv    vv    Def   Neck    Via    Max45
    --- ----                ---   --    --    --    ---   ----    ---    ---
     1  TOP                  H 0.1270 0.3000 0.3000  0.3000 0.3000  1.0000 0.6350
        X grids:     0.3000  Offset: 0.0000
        Y grids:     0.3000  Offset: 0.0000
    --- ----                ---   --    --    --    ---   ----    ---    ---
     2  BOTTOM               V 0.1270 0.3000 0.3000  0.3000 0.3000  1.0000 0.6350
        X grids:     0.3000  Offset: 0.0000
        Y grids:     0.3000  Offset: 0.0000

---------------------------------------------------------------------
Statistics at the End of the Route:
----------------------------


    Connection Statistics:        W/Rats      No/Rats      Total
    ----------------------        ------      -------      -----
        Connections                 81           0           81
        Already Connected           81           0           81
        Missing Connections          0           0            0
        Connection Completion      100.00%       0.00%      100.00%
        Etch Length (inches)        77.43        0.00        77.43
        Number of vias		    13           0           13
        Vias per Connection          0.16        0.00         0.16
        Smd pins with attached clines                        32



    Total cpu time - 0:1:34 hours
    Total elapsed time - -3774:-53:-6 hours
    Invalid Count Time: 0 0:0:0 hours
    Route ended on  Thu Mar 16 14:22:48 2017

*********************************************************************
                         ROUTER-LOG
*********************************************************************

NEW ROUTE on C:/DATA/GIT/CADENCE/MODULES/ARDUINO_STM8_LCD_NRF24L01/allegro/ARDUINO_STM8_LCD_NRF24.brd
Started on   Thu Mar 16 14:22:48 2017

---------------------------------------------------------------------
Statistics at the Start of the Route:
----------------------------

    Board Statistics:
    -----------------
        Components:  Placed 29  Unplaced 0  Total 29
        Nets:  W/Rats 32  No/Rats 0  Total 33
        Pins:  W/Rats 114  No/Rats 0  Unused 19  Unplaced 0  Total 133
        Equivalent ICs (1 pin = 1/14 EIC)  9
        Router Keepin (in) (-0.3780,-2.4213) by (1.8957,0.7559)
        Board area (sq in)  7.2
        Board density (sq in/EIC) 0.760

    Connection Statistics:        W/Rats      No/Rats      Total
    ----------------------        ------      -------      -----
        Connections                 81           0           81
        Already Connected           81           0           81
        Missing Connections          0           0            0
        Connection Completion      100.00%       0.00%      100.00%
        Manh Distance (inches)      75.73
        Etch Length (inches)        76.11        0.00        76.11
        Number of vias		    13           0           13
        Vias per Connection          0.16        0.00         0.16
        Smd pins with attached clines                        25



---------------------------------------------------------------------
General Routing Parameters
--------------------------

    Checkpoint at:  Last step 1:  Last execution 1
    Overwrite router.log
    Auto Save ON
    Dynamic Control OFF
    Direct Path Router OFF
    Component Orientation  HORIZONTAL
    Order Connections Short First
    Max net priority 0
    Corner type: 45
    Side Entry ALLOWED
    DO NOT FORCE to Pin Escape
    Ripup/Cleanup Pin Escapes OFF
    Via Preference OFF


---------------------------------------------------------------------
Layers and Drc Rules
--------------------

    Subclass                          Spacing       Line Width
    Idx Name                Dir   ll    lv    vv    Def   Neck    Via    Max45
    --- ----                ---   --    --    --    ---   ----    ---    ---
     1  TOP                  H 0.1270 0.3000 0.3000  0.3000 0.3000  1.0000 0.6350
        X grids:     0.3000  Offset: 0.0000
        Y grids:     0.3000  Offset: 0.0000
    --- ----                ---   --    --    --    ---   ----    ---    ---
     2  BOTTOM               V 0.1270 0.3000 0.3000  0.3000 0.3000  1.0000 0.6350
        X grids:     0.3000  Offset: 0.0000
        Y grids:     0.3000  Offset: 0.0000

---------------------------------------------------------------------
Statistics at the End of the Route:
----------------------------


    Connection Statistics:        W/Rats      No/Rats      Total
    ----------------------        ------      -------      -----
        Connections                 81           0           81
        Already Connected           81           0           81
        Missing Connections          0           0            0
        Connection Completion      100.00%       0.00%      100.00%
        Etch Length (inches)        76.11        0.00        76.11
        Number of vias		    13           0           13
        Vias per Connection          0.16        0.00         0.16
        Smd pins with attached clines                        25



    Total cpu time - 0:1:34 hours
    Total elapsed time - -3774:-53:-6 hours
    Invalid Count Time: 0 0:0:0 hours
    Route ended on  Thu Mar 16 14:22:48 2017

*********************************************************************
                         ROUTER-LOG
*********************************************************************

NEW ROUTE on C:/DATA/GIT/CADENCE/MODULES/ARDUINO_STM8_LCD_NRF24L01/allegro/ARDUINO_STM8_LCD_NRF24.brd
Started on   Thu Mar 16 14:22:49 2017

---------------------------------------------------------------------
Statistics at the Start of the Route:
----------------------------

    Board Statistics:
    -----------------
        Components:  Placed 29  Unplaced 0  Total 29
        Nets:  W/Rats 32  No/Rats 0  Total 33
        Pins:  W/Rats 114  No/Rats 0  Unused 19  Unplaced 0  Total 133
        Equivalent ICs (1 pin = 1/14 EIC)  9
        Router Keepin (in) (-0.3780,-2.4213) by (1.8957,0.7559)
        Board area (sq in)  7.2
        Board density (sq in/EIC) 0.760

    Connection Statistics:        W/Rats      No/Rats      Total
    ----------------------        ------      -------      -----
        Connections                 81           0           81
        Already Connected           81           0           81
        Missing Connections          0           0            0
        Connection Completion      100.00%       0.00%      100.00%
        Manh Distance (inches)      75.73
        Etch Length (inches)        75.79        0.00        75.79
        Number of vias		    13           0           13
        Vias per Connection          0.16        0.00         0.16
        Smd pins with attached clines                        25



---------------------------------------------------------------------
General Routing Parameters
--------------------------

    Checkpoint at:  Last step 1:  Last execution 1
    Overwrite router.log
    Auto Save ON
    Dynamic Control OFF
    Direct Path Router OFF
    Component Orientation  HORIZONTAL
    Order Connections Short First
    Max net priority 0
    Corner type: 45
    Side Entry ALLOWED
    DO NOT FORCE to Pin Escape
    Ripup/Cleanup Pin Escapes OFF
    Via Preference OFF


---------------------------------------------------------------------
Layers and Drc Rules
--------------------

    Subclass                          Spacing       Line Width
    Idx Name                Dir   ll    lv    vv    Def   Neck    Via    Max45
    --- ----                ---   --    --    --    ---   ----    ---    ---
     1  TOP                  H 0.1270 0.3000 0.3000  0.3000 0.3000  1.0000 0.6350
        X grids:     0.3000  Offset: 0.0000
        Y grids:     0.3000  Offset: 0.0000
    --- ----                ---   --    --    --    ---   ----    ---    ---
     2  BOTTOM               V 0.1270 0.3000 0.3000  0.3000 0.3000  1.0000 0.6350
        X grids:     0.3000  Offset: 0.0000
        Y grids:     0.3000  Offset: 0.0000

    ATTEMPTS: 0 this step: 0 skips:  
    count_invalid 0 in 0  0:0:0 hours
---------------------------------------------------------------------
Statistics at the End of the Route:
----------------------------


    Connection Statistics:        W/Rats      No/Rats      Total
    ----------------------        ------      -------      -----
        Connections                 81           0           81
        Already Connected           81           0           81
        Missing Connections          0           0            0
        Connection Completion      100.00%       0.00%      100.00%
        Etch Length (inches)        75.79        0.00        75.79
        Number of vias		    13           0           13
        Vias per Connection          0.16        0.00         0.16
        Smd pins with attached clines                        25



    Total cpu time - 0:1:35 hours
    Total elapsed time - -3774:-53:-4 hours
    Invalid Count Time: 0 0:0:0 hours
    Route ended on  Thu Mar 16 14:22:49 2017
