
---------------------------------------------------------------------------
BOARD: C:/DATA/GIT/CADENCE/MODULES/ARDUINO_STM8_LCD_NRF24L01/allegro/ARDUINO_STM8_LCD_NRF24.brd ROUTER: 17.2
DATE: Thu Mar 16 14:22:48 2017        HOST: DESKTOP-TPQV6B2
---------------------------------------------------------------------------
Cnt St-ex Router      Att  Inv Miss Com% Drcs Vias   Etch  Cpu exec  Cpu Tot
--------- ------    ----- ---- ---- ---- ---- ---- ------  -------- --------
  Start    ----        81    0    0 100%    0   13    77.0  0:01:34  0:01:34

---------------------------------------------------------------------------
BOARD: C:/DATA/GIT/CADENCE/MODULES/ARDUINO_STM8_LCD_NRF24L01/allegro/ARDUINO_STM8_LCD_NRF24.brd ROUTER: 17.2
DATE: Thu Mar 16 14:22:48 2017        HOST: DESKTOP-TPQV6B2
---------------------------------------------------------------------------
Cnt St-ex Router      Att  Inv Miss Com% Drcs Vias   Etch  Cpu exec  Cpu Tot
--------- ------    ----- ---- ---- ---- ---- ---- ------  -------- --------
  Start    ----        81    0    0 100%    0   13    76.0  0:01:34  0:01:34

---------------------------------------------------------------------------
BOARD: C:/DATA/GIT/CADENCE/MODULES/ARDUINO_STM8_LCD_NRF24L01/allegro/ARDUINO_STM8_LCD_NRF24.brd ROUTER: 17.2
DATE: Thu Mar 16 14:22:49 2017        HOST: DESKTOP-TPQV6B2
---------------------------------------------------------------------------
Cnt St-ex Router      Att  Inv Miss Com% Drcs Vias   Etch  Cpu exec  Cpu Tot
--------- ------    ----- ---- ---- ---- ---- ---- ------  -------- --------
  Start    ----        81    0    0 100%    0   13    76.0  0:01:35  0:01:35
