(---------------------------------------------------------------------)
(                                                                     )
(    ARTWORK LOG                                                      )
(                                                                     )
(    Drawing          : PIC887_SENSORS.brd                            )
(    Software Version : 17.2P019                                      )
(    Date/Time        : Tue Jun 21 18:13:49 2016                      )
(                                                                     )
(---------------------------------------------------------------------)



 ******************************************
 WARNING: DRC OUT OF DATE on this layout.
 ******************************************

 ---- Photoplot outline rectangle not found; using drawing extents.




 Can't open parameter file ... using default values:
     DEVICE-TYPE        GERBER6X00
     G-CODES            NO
     STATIONS-PER-WHEEL 24
     FILM-SIZE          24000 16000
     COORDINATES        ABSOLUTE
     OUTPUT-UNITS       INCHES
     FORMAT             5.3
     ABORT-ON-ERROR     abort film & continue
     SUPPRESS-LEAD-ZEROES     YES
     SUPPRESS-TRAIL-ZEROES    NO
     OPTIMIZE           YES
     SUPPRESS-EQUAL     YES
     SCALE              1.0



 WARNING: Generating english output data from a metric database
 may cause slight roundoff error of coordinates in output file.




================================================================
     PROCESSING FILM < TOP >
     TO FILE < D:/MLABVIET/CADENCE/ALEGRO/PROJECTS/KITTHUCHANH/allegro/TOP.art > ...
================================================================

  FILM PARAMETERS :
  ---------------------------------------------------------
  Undefined line width                0.0000
  Mirror code                         NONE
  Rotate angle                        NONE
  Offset x:                           0.0000
  Offset y:                           0.0000
  Plot negative                       NO
  Suppress unconnected internal pads  NO
  Draw holes only                     NO



  APERTURES USED:
  ---------------------------------------------------------
  TYPE       SIZE/NAME                   ROT   MIRROR MODE 
  ---------------------------------------------------------
  CIRCLE     0.01575                                  DARK 
  CIRCLE     0.02362                                  DARK 
  CIRCLE     0.03937                                  DARK 
  CIRCLE     0.06299                                  DARK 
  CIRCLE     0.12598                                  DARK 
  CIRCLE     0.13780                                  DARK 
  SQUARE     0.04724                     0.000 NO     DARK 
  SQUARE     0.06000                     0.000 NO     DARK 
  SQUARE     0.06299                     0.000 NO     DARK 
  RECTANGLE  0.02165     x 0.05906       0.000 NO     DARK 
  RECTANGLE  0.03150     x 0.03543       0.000 NO     DARK 
  RECTANGLE  0.05906     x 0.02165       0.000 NO     DARK 
  RECTANGLE  0.08071     x 0.07087       0.000 NO     DARK 
  RECTANGLE  0.08071     x 0.07087      90.000 NO     DARK 
  RECTANGLE  0.15059     x 0.07480      90.000 NO     DARK 
  RECTANGLE  0.21654     x 0.05906      90.000 NO     DARK 

     TOP created with warnings


================================================================
     PROCESSING FILM < BOTTOM >
     TO FILE < D:/MLABVIET/CADENCE/ALEGRO/PROJECTS/KITTHUCHANH/allegro/BOTTOM.art > ...
================================================================

  FILM PARAMETERS :
  ---------------------------------------------------------
  Undefined line width                0.0000
  Mirror code                         NONE
  Rotate angle                        NONE
  Offset x:                           0.0000
  Offset y:                           0.0000
  Plot negative                       NO
  Suppress unconnected internal pads  NO
  Draw holes only                     NO



  APERTURES USED:
  ---------------------------------------------------------
  TYPE       SIZE/NAME                   ROT   MIRROR MODE 
  ---------------------------------------------------------
  CIRCLE     0.06299                                  DARK 
  CIRCLE     0.12598                                  DARK 
  CIRCLE     0.13780                                  DARK 
  SQUARE     0.06299                     0.000 NO     DARK 

     BOTTOM created with warnings


------------------------------------------------------
 SUMMARY:
        TOP created with warnings
        BOTTOM created with warnings

 ARTWORK had warnings
