(---------------------------------------------------------------------)
(                                                                     )
(    Glossing                                                         )
(                                                                     )
(    Drawing          : RPI_ZM5202.brd                                )
(    Software Version : 17.2P028                                      )
(    Date/Time        : Tue Mar 21 00:52:49 2017                      )
(                                                                     )
(---------------------------------------------------------------------)





Via Eliminate glossing in progress.
Started on Tue Mar 21 00:52:49 2017
 with Parameters: 
   Jog limit            : -1 
   Used pin escapes        : YES 
   Unused pin escapes      : YES 
   Stand alone vias        : YES 
   Regular through vias    : YES 


Eliminations on net ZWAVE_RESET :
Through Via Candidates: 2, Eliminations: 0,  = 0 % Eliminated.

Eliminations on net 3V3 :
Through Via Candidates: 2, Eliminations: 0,  = 0 % Eliminated.

Eliminations on net MOSI :
Through Via Candidates: 2, Eliminations: 0,  = 0 % Eliminated.

Eliminations on net GND :
Through Via Candidates: 6, Eliminations: 0,  = 0 % Eliminated.

Eliminations on net SCK :
Through Via Candidates: 2, Eliminations: 0,  = 0 % Eliminated.

Eliminations on net RPI_TX :
Through Via Candidates: 1, Eliminations: 0,  = 0 % Eliminated.

Eliminations on net RPI_RX :
Through Via Candidates: 1, Eliminations: 0,  = 0 % Eliminated.

Eliminations on net PWM :
Through Via Candidates: 2, Eliminations: 0,  = 0 % Eliminated.

Eliminations on net P1.5 :
Through Via Candidates: 2, Eliminations: 0,  = 0 % Eliminated.

Eliminations on net 5V :
Through Via Candidates: 1, Eliminations: 0,  = 0 % Eliminated.


Elapsed time:  0 hr 0 min 0 sec ( 0.00 hr)
Actual time of completion: Tue Mar 21 00:52:49 2017


Via Eliminate Total Stats:
Total Through Via Candidates: 21, Eliminations: 0,  = 0 % Eliminated.
Vias: Total Candidates = 21,  Total Eliminations = 0,  0 % Eliminatons.




Via Eliminate glossing in progress.
Started on Tue Mar 21 00:52:49 2017
 with Parameters: 
   Jog limit            : -1 
   Used pin escapes        : YES 
   Unused pin escapes      : YES 
   Stand alone vias        : YES 
   Regular through vias    : YES 


Eliminations on net ZWAVE_RESET :
Through Via Candidates: 2, Eliminations: 0,  = 0 % Eliminated.

Eliminations on net 3V3 :
Through Via Candidates: 2, Eliminations: 0,  = 0 % Eliminated.

Eliminations on net MOSI :
Through Via Candidates: 2, Eliminations: 0,  = 0 % Eliminated.

Eliminations on net GND :
Through Via Candidates: 6, Eliminations: 0,  = 0 % Eliminated.

Eliminations on net SCK :
Through Via Candidates: 2, Eliminations: 0,  = 0 % Eliminated.

Eliminations on net RPI_TX :
Through Via Candidates: 1, Eliminations: 0,  = 0 % Eliminated.

Eliminations on net RPI_RX :
Through Via Candidates: 1, Eliminations: 0,  = 0 % Eliminated.

Eliminations on net PWM :
Through Via Candidates: 2, Eliminations: 0,  = 0 % Eliminated.

Eliminations on net P1.5 :
Through Via Candidates: 2, Eliminations: 0,  = 0 % Eliminated.

Eliminations on net 5V :
Through Via Candidates: 1, Eliminations: 0,  = 0 % Eliminated.


Elapsed time:  0 hr 0 min 0 sec ( 0.00 hr)
Actual time of completion: Tue Mar 21 00:52:49 2017


Via Eliminate Total Stats:
Total Through Via Candidates: 21, Eliminations: 0,  = 0 % Eliminated.
Vias: Total Candidates = 21,  Total Eliminations = 0,  0 % Eliminatons.




Line entry into Pad glossing in progress.
Started on Tue Mar 21 00:52:49 2017
Bend Distance is 0.3048.

 Circular pads:          YES
 Square pads  :          YES
 Rectangular pads :      YES
 Oblong pads :           YES
 Enter Square Pad :      Side : YES      Corner : YES  
 Enter Rectangular Pad : Long : YES      Short  : YES      Corner : YES  
 Enter Oblong Pad :      Side : YES      Round  : YES      Angle  : 45 OR 90
 Enter Circular Pad :    Angle : 45 OR 90
 Create Odd Segs:   NO
 Corner type  :     45
 Maximum 45 limit is -1.

Glossing was successful:  SYMBOL PIN at (-24.4000,8.4000) defined by pad  SMD14REC215


Finished execution 1


Finished execution 2


Elapsed time:  0 hr 0 min 0 sec ( 0.00 hr)
Actual time of completion: Tue Mar 21 00:52:49 2017


Line Entry Into Pad Glossings Stats

Number of Glossing Attempts                   : 1
Number of Actual Glossings                    : 1
Number of Glossings Aborted by DRC violations : 0




Line Smooth glossing in progress.
Started on Tue Mar 21 00:52:49 2017

 Smooth Functions  :  bubbles maximize 45 jogs dangling clines add 45s
 Number of executions  : 1
 Corner type  : 45
 Length limit is -0.0001.

 Maximum 45 limit is -0.0001.


Elapsed time:  0 hr 0 min 0 sec ( 0.00 hr)
Actual time of completion: Tue Mar 21 00:52:49 2017

 - 0 - Error(s) from Line smooth Glossing


Line Centering Between Pins glossing in progress.
Started on Tue Mar 21 00:52:49 2017

Minimum Move Size 0.0508.
Line spacing MINIMUM
Pad Tolerance 2.5400.
Corner type 45


Elapsed time:  0 hr 0 min 1 sec ( 0.00 hr)
Actual time of completion: Tue Mar 21 00:52:50 2017



Line Center Between Pins Stats

Number of Glossing Attempts                   : 220
Number of Actual Glossings                    : 1
Number of Glossings Aborted by DRC violations : 1
Number of Glossings Aborted by No-Gloss nets  : 0



Line entry into Pad glossing in progress.
Started on Tue Mar 21 00:52:50 2017
Bend Distance is 0.3048.

 Circular pads:          YES
 Square pads  :          YES
 Rectangular pads :      YES
 Oblong pads :           YES
 Enter Square Pad :      Side : YES      Corner : YES  
 Enter Rectangular Pad : Long : YES      Short  : YES      Corner : YES  
 Enter Oblong Pad :      Side : YES      Round  : YES      Angle  : 45 OR 90
 Enter Circular Pad :    Angle : 45 OR 90
 Create Odd Segs:   NO
 Corner type  :     45
 Maximum 45 limit is -1.

Glossing was successful:  SYMBOL PIN at (-1.6900,0.9000) defined by pad  SMD051REC099

Glossing attempt unsuccessful. Active pad is at (25.4200,25.9500).

Glossing was successful:  SYMBOL PIN at (25.6500,7.8000) defined by pad  PAD16SQR10

Glossing was successful:  SYMBOL PIN at (34.8000,14.2500) defined by pad  SMD12SQ12

Glossing was successful:  SYMBOL PIN at (0.6000,-4.9500) defined by pad  SMD12SQ12

Glossing was successful:  SYMBOL PIN at (-16.1500,8.4000) defined by pad  SMD14REC215

Glossing was successful:  SYMBOL PIN at (-16.1500,8.4000) defined by pad  SMD14REC215

Glossing was successful:  SYMBOL PIN at (-24.4000,8.4000) defined by pad  SMD14REC215

Glossing was successful:  VIA at (-24.0000,10.4250) defined by pad  VIA

Glossing attempt unsuccessful. Active pad is at (-24.0000,2.9500).

Glossing was successful:  VIA at (-24.0000,2.9500) defined by pad  VIA

Glossing was successful:  SYMBOL PIN at (-16.1500,-4.1000) defined by pad  SMD14REC215

Glossing was successful:  SYMBOL PIN at (-31.9500,3.3000) defined by pad  SMD12SQ12

Glossing attempt unsuccessful. Active pad is at (-23.7400,23.2500).

Glossing was successful:  SYMBOL PIN at (-1.6900,3.4400) defined by pad  SMD051REC099

Glossing was successful:  SYMBOL PIN at (-13.5000,3.6500) defined by pad  SMD195REC11

Glossing was successful:  SYMBOL PIN at (27.9600,25.9500) defined by pad  PAD16CIR10

Glossing was successful:  SYMBOL PIN at (-17.6500,8.4000) defined by pad  SMD11REC195

Glossing was successful:  SYMBOL PIN at (4.0500,0.9000) defined by pad  SMD051REC099

Glossing was successful:  SYMBOL PIN at (-17.6500,-4.1000) defined by pad  SMD11REC195

Glossing attempt unsuccessful. Active pad is at (-13.6500,-14.4000).

Glossing attempt unsuccessful. Active pad is at (-21.4500,-12.1500).


Finished execution 1

Glossing attempt unsuccessful. Active pad is at (25.4200,25.9500).

Glossing attempt unsuccessful. Active pad is at (-24.0000,2.9500).

Glossing attempt unsuccessful. Active pad is at (-23.7400,23.2500).

Glossing attempt unsuccessful. Active pad is at (-13.6500,-14.4000).

Glossing attempt unsuccessful. Active pad is at (-21.4500,-12.1500).


Finished execution 2


Elapsed time:  0 hr 0 min 0 sec ( 0.00 hr)
Actual time of completion: Tue Mar 21 00:52:50 2017


Line Entry Into Pad Glossings Stats

Number of Glossing Attempts                   : 27
Number of Actual Glossings                    : 17
Number of Glossings Aborted by DRC violations : 0


WARNING: Glossing operations may leave fillets out of date.


Glossing complete.
