(---------------------------------------------------------------------)
(                                                                     )
(    QUICKPLACE LOG                                                   )
(                                                                     )
(    Drawing          : RPI_ZM5202.brd                                )
(    Software Version : 17.2P028                                      )
(    Date/Time        : Tue Mar 21 00:36:01 2017                      )
(                                                                     )
(---------------------------------------------------------------------)


State: Placing on layer TOP

         Placed symbol:  U1 / ZM5202_ZM5202_ZM5202AU-CME3R / ZM5202 at (-39.7648 30.7116)
         Placed symbol:  J1 / CON10_HEADER5X2X254_ZWAVE ISP / HEADER5X2X254 at (-7.7648 34.5000)
         Placed symbol:  U3 / SPI EPPROM SOIC-8_SOIC_8_25LC12 / SOIC_8 at (-0.3898 29.2000)
         Placed symbol:  J2 / CON6_J1_6_254_GPIO / J1_6_254 at (8.2566 29.7700)
         Placed symbol:  U2 / RF-ANTENA_RF_ANTENA_5-1814832-1 / RF_ANTENA at (25.9966 33.0400)
         Placed symbol:  D4 / LED_LED_SMD_0805_ZEROX LED / LED_SMD_0805 at (32.7130 29.3000)
         Placed symbol:  D5 / LED_LED_SMD_0805_PWM LED / LED_SMD_0805 at (-40.3236 47.0516)
         Placed symbol:  D3 / LED_LED_SMD_0805_TRIAC LED / LED_SMD_0805 at (-34.3372 47.0516)
         Placed symbol:  C3 / CAPACITOR NON-POL_CAP_SMD_080_2 / CAP_SMD_0805 at (-28.3208 47.0516)
         Placed symbol:  R1 / R_RES_SMD_0805_27R / RES_SMD_0805 at (-22.3044 47.0516)
         Placed symbol:  R3 / R_RES_SMD_0805_27R / RES_SMD_0805 at (-16.2880 47.0516)
         Placed symbol:  R5 / R_RES_SMD_0805_27R / RES_SMD_0805 at (-10.2716 47.0516)
         Placed symbol:  C6 / CAPACITOR NON-POL_CAP_SMD_080_1 / CAP_SMD_0805 at (-4.2552 47.0516)
         Placed symbol:  R10 / R_RES_SMD_0805_0R / RES_SMD_0805 at (1.7612 47.0516)
         Placed symbol:  R11 / R_RES_SMD_0805_330R / RES_SMD_0805 at (7.7776 47.0516)
         Placed symbol:  R12 / R_RES_SMD_0805_330R / RES_SMD_0805 at (13.7940 47.0516)
         Placed symbol:  R13 / R_RES_SMD_0805_330R / RES_SMD_0805 at (19.8104 47.0516)
         Placed symbol:  R14 / R_RES_SMD_0805_10K / RES_SMD_0805 at (25.8268 47.0516)
         Placed symbol:  R2 / R_RES_SMD_0805_10K / RES_SMD_0805 at (31.8432 47.0516)
         Placed symbol:  R7 / R_RES_SMD_0805_10K / RES_SMD_0805 at (37.8596 47.0516)
         Placed symbol:  R4 / R_RES_SMD_0805_1K / RES_SMD_0805 at (-40.2936 49.1516)
         Placed symbol:  SW1 / SW_PB_SPST_SMD_2PIN_BUTTON_SW_P / SMD_2PIN_BUTTON at (-30.4072 50.3836)
         Placed symbol:  C2 / CAPACITOR NON-POL_CAP_SMD_080_1 / CAP_SMD_0805 at (-23.3748 49.1516)
         Placed symbol:  R6 / R_RES_SMD_0805_27R / RES_SMD_0805 at (-17.3584 49.1516)
         Placed symbol:  C1 / CAPACITOR NON-POL_CAP_SMD_0805_ / CAP_SMD_0805 at (-11.3420 49.1516)


Placed 25 of 25 applicable (25 total) symbols.

-----------------------------------------------------------------------

