
*********************************************************************
                         ROUTER-LOG
*********************************************************************

NEW ROUTE on C:/DATA/GIT/CADENCE/MODULES/RPI_ZM5202/allegro/RPI_ZM5202.brd
Started on   Tue Mar 21 00:52:49 2017
**ERROR - there is no route keepin rectangle
---------------------------------------------------------------------
Statistics at the End of the Route:
----------------------------


    Connection Statistics:        W/Rats      No/Rats      Total
    ----------------------        ------      -------      -----
        Connections                 76           0           76
        Already Connected           75           0           75
        Missing Connections          1           0            1
        Connection Completion       98.68%       0.00%       98.68%
        Etch Length (inches)        46.28        0.00        46.28
        Number of vias		    21           0           21
        Vias per Connection          0.28        0.00         0.28
        Smd pins with attached clines                        77



    Total cpu time - 0:5:24 hours
    Total elapsed time - -3668:-23:-4 hours
    Invalid Count Time: 0 0:0:0 hours
    Route ended on  Tue Mar 21 00:52:49 2017

*********************************************************************
                         ROUTER-LOG
*********************************************************************

NEW ROUTE on C:/DATA/GIT/CADENCE/MODULES/RPI_ZM5202/allegro/RPI_ZM5202.brd
Started on   Tue Mar 21 00:52:49 2017
**ERROR - there is no route keepin rectangle
---------------------------------------------------------------------
Statistics at the End of the Route:
----------------------------


    Connection Statistics:        W/Rats      No/Rats      Total
    ----------------------        ------      -------      -----
        Connections                 76           0           76
        Already Connected           75           0           75
        Missing Connections          1           0            1
        Connection Completion       98.68%       0.00%       98.68%
        Etch Length (inches)        46.28        0.00        46.28
        Number of vias		    21           0           21
        Vias per Connection          0.28        0.00         0.28
        Smd pins with attached clines                        77



    Total cpu time - 0:5:24 hours
    Total elapsed time - -3668:-23:-4 hours
    Invalid Count Time: 0 0:0:0 hours
    Route ended on  Tue Mar 21 00:52:49 2017

*********************************************************************
                         ROUTER-LOG
*********************************************************************

NEW ROUTE on C:/DATA/GIT/CADENCE/MODULES/RPI_ZM5202/allegro/RPI_ZM5202.brd
Started on   Tue Mar 21 00:52:49 2017
**ERROR - there is no route keepin rectangle
---------------------------------------------------------------------
Statistics at the End of the Route:
----------------------------


    Connection Statistics:        W/Rats      No/Rats      Total
    ----------------------        ------      -------      -----
        Connections                 76           0           76
        Already Connected           75           0           75
        Missing Connections          1           0            1
        Connection Completion       98.68%       0.00%       98.68%
        Etch Length (inches)        42.42        0.00        42.42
        Number of vias		    21           0           21
        Vias per Connection          0.28        0.00         0.28
        Smd pins with attached clines                        77



    Total cpu time - 0:5:24 hours
    Total elapsed time - -3668:-23:-3 hours
    Invalid Count Time: 0 0:0:0 hours
    Route ended on  Tue Mar 21 00:52:50 2017
