(---------------------------------------------------------------------)
(                                                                     )
(    Glossing                                                         )
(                                                                     )
(    Drawing          : Z_FLASH.brd                                   )
(    Software Version : 17.2P028                                      )
(    Date/Time        : Mon Jul 03 14:20:02 2017                      )
(                                                                     )
(---------------------------------------------------------------------)





Line entry into Pad glossing in progress.
Started on Mon Jul 03 14:20:02 2017
Bend Distance is 0.3048.

 Circular pads:          YES
 Square pads  :          YES
 Rectangular pads :      YES
 Oblong pads :           YES
 Enter Square Pad :      Side : YES      Corner : YES  
 Enter Rectangular Pad : Long : YES      Short  : YES      Corner : YES  
 Enter Oblong Pad :      Side : YES      Round  : YES      Angle  : 45 OR 90
 Enter Circular Pad :    Angle : 45 OR 90
 Create Odd Segs:   NO
 Corner type  :     45
 Maximum 45 limit is -1.

Glossing was successful:  SYMBOL PIN at (50.1000,92.8000) defined by pad  C140H60

Glossing was successful:  SYMBOL PIN at (63.2200,93.9199) defined by pad  PAD16CIR10

Glossing attempt unsuccessful. Active pad is at (63.2200,93.9199).

Glossing was successful:  SYMBOL PIN at (63.2200,83.7600) defined by pad  PAD16CIR10

Glossing attempt unsuccessful. Active pad is at (70.9000,89.7800).

Glossing was successful:  SYMBOL PIN at (70.9000,89.7800) defined by pad  PAD16CIR10

Glossing attempt unsuccessful. Active pad is at (63.2200,86.2999).

Glossing was successful:  SYMBOL PIN at (63.2200,98.9999) defined by pad  PAD16SQR10

Glossing attempt unsuccessful. Active pad is at (63.2200,98.9999).

Glossing attempt unsuccessful. Active pad is at (58.6000,98.8700).

Glossing was successful:  SYMBOL PIN at (73.4400,87.2400) defined by pad  PAD16CIR10

Glossing was successful:  SYMBOL PIN at (58.6000,88.7100) defined by pad  PAD16CIR10

Glossing attempt unsuccessful. Active pad is at (63.2200,88.8399).

Glossing attempt unsuccessful. Active pad is at (63.2200,91.3799).

Glossing was successful:  SYMBOL PIN at (50.1000,90.8000) defined by pad  C140H60

Glossing was successful:  SYMBOL PIN at (63.2200,96.4599) defined by pad  PAD16CIR10

Glossing attempt unsuccessful. Active pad is at (63.2200,96.4599).

Glossing was successful:  SYMBOL PIN at (73.4400,94.8600) defined by pad  PAD16CIR10


Finished execution 1

Glossing attempt unsuccessful. Active pad is at (63.2200,93.9199).

Glossing attempt unsuccessful. Active pad is at (63.2200,86.2999).

Glossing attempt unsuccessful. Active pad is at (63.2200,98.9999).

Glossing attempt unsuccessful. Active pad is at (58.6000,98.8700).

Glossing attempt unsuccessful. Active pad is at (63.2200,88.8399).

Glossing attempt unsuccessful. Active pad is at (63.2200,91.3799).

Glossing attempt unsuccessful. Active pad is at (63.2200,96.4599).


Finished execution 2


Elapsed time:  0 hr 0 min 0 sec ( 0.00 hr)
Actual time of completion: Mon Jul 03 14:20:02 2017


Line Entry Into Pad Glossings Stats

Number of Glossing Attempts                   : 25
Number of Actual Glossings                    : 10
Number of Glossings Aborted by DRC violations : 0




Line Fattening glossing in progress.
Started on Mon Jul 03 14:20:02 2017
	Line Fattening Parameters
	-------------------------

	Layer Name		Width	Potential Widths
	DEFAULT			0.3000	0.0000 0.0000 0.0000 0.0000
	TOP			0.3000	0.0000 0.0000 0.0000 0.0000
	BOTTOM			0.3000	0.0000 0.0000 0.0000 0.0000
Pass 1 Candidates 96 Fattened 0 Failed 96 Skipped 0 (  0%)


Elapsed time:  0 hr 0 min 0 sec ( 0.00 hr)
Actual time of completion: Mon Jul 03 14:20:02 2017

Number of errors from Line Fattening Glossing = 0


Line Centering Between Pins glossing in progress.
Started on Mon Jul 03 14:20:02 2017

Minimum Move Size 0.0508.
Line spacing MINIMUM
Pad Tolerance 2.5400.
Corner type 45

*********************************************************************
                         ROUTER-LOG
*********************************************************************

NEW ROUTE on C:/DATA/GIT/CADENCE/MODULES/ZW_FLASH/allegro/Z_FLASH.brd
Started on   Mon Jul 03 14:20:02 2017

---------------------------------------------------------------------
Statistics at the Start of the Route:
----------------------------

    Board Statistics:
    -----------------
        Components:  Placed 5  Unplaced 0  Total 5
        Nets:  W/Rats 7  No/Rats 0  Total 7
        Pins:  W/Rats 29  No/Rats 0  Unused 16  Unplaced 0  Total 45
        Equivalent ICs (1 pin = 1/14 EIC)  3
        Router Keepin (in) (1.8819,3.1811) by (3.0197,4.0709)
        Board area (sq in)  1.0
        Board density (sq in/EIC) 0.315

    Connection Statistics:        W/Rats      No/Rats      Total
    ----------------------        ------      -------      -----
        Connections                 22           0           22
        Already Connected           22           0           22
        Missing Connections          0           0            0
        Connection Completion      100.00%       0.00%      100.00%
        Manh Distance (inches)       8.02
        Etch Length (inches)        10.68        0.00        10.68
        Number of vias		     0           0            0
        Vias per Connection          0.00        0.00         0.00
        Smd pins with attached clines                         2



---------------------------------------------------------------------
General Routing Parameters
--------------------------

    Checkpoint at:  Last step 1:  Last execution 1
    Overwrite router.log
    Auto Save ON
    Dynamic Control OFF
    Direct Path Router OFF
    Component Orientation  HORIZONTAL
    Order Connections Short First
    Max net priority 0
    Corner type: 45
    Side Entry ALLOWED
    DO NOT FORCE to Pin Escape
    Ripup/Cleanup Pin Escapes OFF
    Via Preference OFF


---------------------------------------------------------------------
Layers and Drc Rules
--------------------

    Subclass                          Spacing       Line Width
    Idx Name                Dir   ll    lv    vv    Def   Neck    Via    Max45
    --- ----                ---   --    --    --    ---   ----    ---    ---
     1  TOP                  H 0.1270 0.3000 0.3000  0.3000 0.3000  0.5000 0.6350
        X grids:     0.3000  Offset: 0.0000
        Y grids:     0.3000  Offset: 0.0000
    --- ----                ---   --    --    --    ---   ----    ---    ---
     2  BOTTOM               V 0.1270 0.3000 0.3000  0.3000 0.3000  0.5000 0.6350
        X grids:     0.3000  Offset: 0.0000
        Y grids:     0.3000  Offset: 0.0000

    ATTEMPTS: 0 this step: 0 skips:  
    count_invalid 0 in 0  0:0:0 hours
---------------------------------------------------------------------
Statistics at the End of the Route:
----------------------------


    Connection Statistics:        W/Rats      No/Rats      Total
    ----------------------        ------      -------      -----
        Connections                 22           0           22
        Already Connected           22           0           22
        Missing Connections          0           0            0
        Connection Completion      100.00%       0.00%      100.00%
        Etch Length (inches)        10.68        0.00        10.68
        Number of vias		     0           0            0
        Vias per Connection          0.00        0.00         0.00
        Smd pins with attached clines                         2



    Total cpu time - 0:1:41 hours
    Total elapsed time - -1158:-55:-51 hours
    Invalid Count Time: 0 0:0:0 hours
    Route ended on  Mon Jul 03 14:20:02 2017


Elapsed time:  0 hr 0 min 0 sec ( 0.00 hr)
Actual time of completion: Mon Jul 03 14:20:02 2017



Line Center Between Pins Stats

Number of Glossing Attempts                   : 72
Number of Actual Glossings                    : 0
Number of Glossings Aborted by DRC violations : 0
Number of Glossings Aborted by No-Gloss nets  : 0



Line entry into Pad glossing in progress.
Started on Mon Jul 03 14:20:02 2017
Bend Distance is 0.3048.

 Circular pads:          YES
 Square pads  :          YES
 Rectangular pads :      YES
 Oblong pads :           YES
 Enter Square Pad :      Side : YES      Corner : YES  
 Enter Rectangular Pad : Long : YES      Short  : YES      Corner : YES  
 Enter Oblong Pad :      Side : YES      Round  : YES      Angle  : 45 OR 90
 Enter Circular Pad :    Angle : 45 OR 90
 Create Odd Segs:   NO
 Corner type  :     45
 Maximum 45 limit is -1.

Glossing attempt unsuccessful. Active pad is at (63.2200,93.9199).

Glossing attempt unsuccessful. Active pad is at (63.2200,86.2999).

Glossing attempt unsuccessful. Active pad is at (63.2200,98.9999).

Glossing attempt unsuccessful. Active pad is at (58.6000,98.8700).

Glossing attempt unsuccessful. Active pad is at (63.2200,88.8399).

Glossing attempt unsuccessful. Active pad is at (63.2200,91.3799).

Glossing attempt unsuccessful. Active pad is at (63.2200,96.4599).


Finished execution 1


Elapsed time:  0 hr 0 min 0 sec ( 0.00 hr)
Actual time of completion: Mon Jul 03 14:20:02 2017


Line Entry Into Pad Glossings Stats

Number of Glossing Attempts                   : 7
Number of Actual Glossings                    : 0
Number of Glossings Aborted by DRC violations : 0

Automatic  dielectric generation  started on Mon Jul 03 14:20:02 2017



Elapsed time:  0 hr 0 min 0 sec ( 0.00 hr)
Actual time of completion: Mon Jul 03 14:20:02 2017





Pad and T Fillet glossing in progress.
Started on Mon Jul 03 14:20:02 2017

 Round pads:          YES   max size: 2.5400
 Square pads:         YES   max size: 2.5400
 Rectangular pads:    YES   max size: 2.5400
 Oblong pads:         YES   max size: 2.5400
 Octagon pads:        YES   max size: 2.5400
 Pads as shapes:      NO 
 Pins:                YES
 Vias:                YES
 Bond Fingers:        NO 
 Ts:                  YES
 Unused nets:         YES
 Pads Without Drills: YES
 Desired Pin Angle:       90
 Desired Via Angle:       90
 Desired T Angle:         90
 Maximum Pin Angle:       90
 Maximum Via Angle:       90
 Maximum T Angle:         90
 Pin Maximum offset:      0.6350
 Via Maximum offset:      0.6350
 T Maximum offset:        0.6350
 Pin minimum line width:  0.0762
 Via minimum line width:  0.0762
 T minimum line width:    0.0762
 Pin maximum line width:  0.6350
 Via maximum line width:  0.6350
 T maximum line width:    0.6350
 Tapers:                  NO 
 Desired Taper Angle:     60
 Taper Maximum offset:    0.6350
 Allow drc:           NO 
 Dynamic:             NO 
 Curved lines:        NO 

*WARNING: Can't create fillet at pad (70.9000 97.4000) on subclass TOP.
          Computed fillet point lies inside pad boundary; required to be outside.




Total number of fillets added: 43

Number of fillets rejected due to DRC errors: 0


Elapsed time:  0 hr 0 min 0 sec ( 0.00 hr)
Actual time of completion: Mon Jul 03 14:20:02 2017


There were 1 errors or warnings reported in logfile.


Glossing complete.
