(---------------------------------------------------------------------)
(                                                                     )
(    NC DRILL Log                                                     )
(                                                                     )
(    Drawing          : Z_FLASH.brd                                   )
(    Software Version : 17.2P019                                      )
(    Date/Time        : Mon Jul 03 14:24:52 2017                      )
(                                                                     )
(---------------------------------------------------------------------)



 Processing NC Parameters file 'nc_param.txt' ...

 NC PARAMETERS
 -------------

 FORMAT   		2.5
 MACHINE-OFFSET		x:0.00000	y:0.00000   (mm)
 FEEDRATE		1
 COORDINATES		ABSOLUTE
 OUTPUT-UNITS		METRIC
 TOOL-ORDER		INCREASING
 REPEAT-CODES		YES
 SUPPRESS-LEAD-ZEROES	NO
 SUPPRESS-TRAIL-ZEROES	NO
 SUPPRESS-EQUAL		NO
 TOOL-SELECT		YES
 HEADER			none
 LEADER			12
 CODE			ASCII
 SEPARATE		NO
 SEPARATE-ROUTING	NO
 OPTIMIZE_DRILLING	NO
 ENHANCED_EXCELLON	NO
 SCALE			1.000000

 WARNING(SPMHMF-368): Cannot find NC Drill tool file 'nc_tools.txt'
 WARNING(SPMHMF-369): ... will auto-generate tool file 'nc_tools_auto.txt'.


     Auto-generating tool file 'nc_tools_auto.txt' ...

           Size  Plating  Tool        + Tolerance  - Tolerance

         0.8001  P        T01            0.000000     0.000000
         1.0000  P        T02            0.000000     0.000000


 Drill files being output to directory 'C:/DATA/git/Cadence/modules/ZW_Flash/production' ...



     'Z_FLASH-1-2.drl' created for holes connecting TOP and BOTTOM
     -------------------------------------------------------------

     Tool  Num     Size      +/- Tolerance     Plating   Quantity

     T01    1.   0.8001    0.0000/  0.0000      PLATED         20
     T02    2.   1.0000    0.0000/  0.0000      PLATED         23

     ---- Total holes:                                         43

     ---- Total head travel:              0.48 feet (0.15 meters)

