(---------------------------------------------------------------------)
(                                                                     )
(    ARTWORK LOG                                                      )
(                                                                     )
(    Drawing          : Z_FLASH.brd                                   )
(    Software Version : 17.2P019                                      )
(    Date/Time        : Mon Jul 03 14:22:33 2017                      )
(                                                                     )
(---------------------------------------------------------------------)


 ---- Photoplot outline rectangle not found; using drawing extents.



Results from parameter file ...
    DEVICE-TYPE           GERBER_RS274X
    OUTPUT-UNITS          MM
    FILM-SIZE             2400000 1600000
    FORMAT                2.5
    ABORT-ON-ERROR        NO
    SCALE                 1
    SUPPRESS-LEAD-ZEROES  YES
    SUPPRESS-TRAIL-ZEROES NO
    SUPPRESS-EQUAL        YES
    UNDEF-APT-CONT        NO



================================================================
     PROCESSING FILM < TOP >
     TO FILE < C:/DATA/GIT/CADENCE/MODULES/ZW_FLASH/allegro/TOP.art > ...
================================================================

  FILM PARAMETERS :
  ---------------------------------------------------------
  Undefined line width                0.0000
  Mirror code                         NONE
  Rotate angle                        NONE
  Offset x:                           0.0000
  Offset y:                           0.0000
  Plot negative                       NO
  Suppress unconnected internal pads  NO
  Draw holes only                     NO



  APERTURES USED:
  ---------------------------------------------------------
  TYPE       SIZE/NAME                   ROT   MIRROR MODE 
  ---------------------------------------------------------
  CIRCLE     0.30000                                  DARK 
  CIRCLE     1.40000                                  DARK 
  CIRCLE     1.59990                                  DARK 
  SQUARE     1.40000                     0.000 NO     DARK 
  SQUARE     1.59990                     0.000 NO     DARK 
  RECTANGLE  0.73990     x 1.02010       0.000 NO     DARK 

     TOP created.


================================================================
     PROCESSING FILM < BOTTOM >
     TO FILE < C:/DATA/GIT/CADENCE/MODULES/ZW_FLASH/allegro/BOTTOM.art > ...
================================================================

  FILM PARAMETERS :
  ---------------------------------------------------------
  Undefined line width                0.0000
  Mirror code                         NONE
  Rotate angle                        NONE
  Offset x:                           0.0000
  Offset y:                           0.0000
  Plot negative                       NO
  Suppress unconnected internal pads  NO
  Draw holes only                     NO



  APERTURES USED:
  ---------------------------------------------------------
  TYPE       SIZE/NAME                   ROT   MIRROR MODE 
  ---------------------------------------------------------
  CIRCLE     0.30000                                  DARK 
  CIRCLE     1.40000                                  DARK 
  CIRCLE     1.59990                                  DARK 
  SQUARE     1.40000                     0.000 NO     DARK 
  SQUARE     1.59990                     0.000 NO     DARK 

     BOTTOM created.


================================================================
     PROCESSING FILM < SC_TOP >
     TO FILE < C:/DATA/GIT/CADENCE/MODULES/ZW_FLASH/allegro/SC_TOP.art > ...
================================================================

  FILM PARAMETERS :
  ---------------------------------------------------------
  Undefined line width                0.0000
  Mirror code                         NONE
  Rotate angle                        NONE
  Offset x:                           0.0000
  Offset y:                           0.0000
  Plot negative                       NO
  Suppress unconnected internal pads  NO
  Draw holes only                     NO

    WARNING: 0 width line found at (59.8700 100.1400)
           ... ignored.



  APERTURES USED:
  ---------------------------------------------------------
  TYPE       SIZE/NAME                   ROT   MIRROR MODE 
  ---------------------------------------------------------
  CIRCLE     0.10000                                  DARK 
  CIRCLE     0.15000                                  DARK 
  CIRCLE     0.20000                                  DARK 

     SC_TOP created with warnings


================================================================
     PROCESSING FILM < SM_TOP >
     TO FILE < C:/DATA/GIT/CADENCE/MODULES/ZW_FLASH/allegro/SM_TOP.art > ...
================================================================

  FILM PARAMETERS :
  ---------------------------------------------------------
  Undefined line width                0.0000
  Mirror code                         NONE
  Rotate angle                        NONE
  Offset x:                           0.0000
  Offset y:                           0.0000
  Plot negative                       NO
  Suppress unconnected internal pads  NO
  Draw holes only                     NO



  APERTURES USED:
  ---------------------------------------------------------
  TYPE       SIZE/NAME                   ROT   MIRROR MODE 
  ---------------------------------------------------------
  CIRCLE     1.40000                                  DARK 
  CIRCLE     1.89990                                  DARK 
  SQUARE     1.40000                     0.000 NO     DARK 
  SQUARE     2.00000                     0.000 NO     DARK 
  RECTANGLE  0.73990     x 1.02010       0.000 NO     DARK 

     SM_TOP created.


================================================================
     PROCESSING FILM < SP_TOP >
     TO FILE < C:/DATA/GIT/CADENCE/MODULES/ZW_FLASH/allegro/SP_TOP.art > ...
================================================================

  FILM PARAMETERS :
  ---------------------------------------------------------
  Undefined line width                0.0000
  Mirror code                         NONE
  Rotate angle                        NONE
  Offset x:                           0.0000
  Offset y:                           0.0000
  Plot negative                       NO
  Suppress unconnected internal pads  NO
  Draw holes only                     NO



  APERTURES USED:
  ---------------------------------------------------------
  TYPE       SIZE/NAME                   ROT   MIRROR MODE 
  ---------------------------------------------------------
  RECTANGLE  0.73990     x 1.02010       0.000 NO     DARK 

     SP_TOP created.


================================================================
     PROCESSING FILM < SM_BOT >
     TO FILE < C:/DATA/GIT/CADENCE/MODULES/ZW_FLASH/allegro/SM_BOT.art > ...
================================================================

  FILM PARAMETERS :
  ---------------------------------------------------------
  Undefined line width                0.0000
  Mirror code                         NONE
  Rotate angle                        NONE
  Offset x:                           0.0000
  Offset y:                           0.0000
  Plot negative                       NO
  Suppress unconnected internal pads  NO
  Draw holes only                     NO



  APERTURES USED:
  ---------------------------------------------------------
  TYPE       SIZE/NAME                   ROT   MIRROR MODE 
  ---------------------------------------------------------
  CIRCLE     1.40000                                  DARK 
  CIRCLE     1.89990                                  DARK 
  SQUARE     1.40000                     0.000 NO     DARK 
  SQUARE     1.80010                     0.000 NO     DARK 

     SM_BOT created.


================================================================
     PROCESSING FILM < OUTLINE >
     TO FILE < C:/DATA/GIT/CADENCE/MODULES/ZW_FLASH/allegro/OUTLINE.art > ...
================================================================

  FILM PARAMETERS :
  ---------------------------------------------------------
  Undefined line width                0.0000
  Mirror code                         NONE
  Rotate angle                        NONE
  Offset x:                           0.0000
  Offset y:                           0.0000
  Plot negative                       NO
  Suppress unconnected internal pads  NO
  Draw holes only                     NO

    WARNING: rectangle or unfilled shape composed 0 width line found at (47.4000 80.4000)
           ... ignored.



  APERTURES USED:
  ---------------------------------------------------------
  TYPE       SIZE/NAME                   ROT   MIRROR MODE 
  ---------------------------------------------------------
  CIRCLE     0.15000                                  DARK 

     OUTLINE created with warnings


------------------------------------------------------
 SUMMARY:
        TOP created.
        BOTTOM created.
        SC_TOP created with warnings
        SM_TOP created.
        SP_TOP created.
        SM_BOT created.
        OUTLINE created with warnings

 ARTWORK had warnings
