Mon Jul 03 14:06:18 2017				Page     1


 
Update Symbols/Modules Logfile
	Mon Jul 03 14:06:18 2017

------ Module Refresh Messages ------

SUMMARY:    Updated 0 out of 0 modules

------ End Module Messages     ------



(---------------------------------------------------------------------)
(                                                                     )
(    Refresh Symbol                                                   )
(                                                                     )
(    Drawing          : Z_FLASH.brd                                   )
(    Software Version : 17.2P019                                      )
(    Date/Time        : Mon Jul 03 14:06:18 2017                      )
(                                                                     )
(---------------------------------------------------------------------)


Mon Jul 03 14:06:18 2017				Page     1


------ Symbol Refresh Directives ------

Input design  = 'C:/DATA/GIT/CADENCE/MODULES/ZW_FLASH/allegro/Z_FLASH.brd'
Output design = ''

Update mechanical symbols              = 'NO'
Update format symbols                  = 'NO'
Update package symbols                 = 'YES'
Update shape/flash symbols             = 'NO'
Update symbol padstacks                = 'NO'
Preserve padstacks replaced on pins    = 'NO'
Reset symbol text and size locations   = 'NO'
Reset Pin Escapes (fanouts)            = 'NO'
Ripup Etch                             = 'NO'
Reset custom drill data                = 'NO'


------ Library Paths ------
PSMPATH =  C:/DATA/git/hardware/Library/CadenceLib/layout/symbol_lib/ 
           . 
           symbols 
           .. 
           ../symbols 
           C:/Cadence/Cadence_SPB_17.2-2016/share/local/pcb/symbols 
           C:/Cadence/Cadence_SPB_17.2-2016/share/pcb/pcb_lib/symbols 
           C:/Cadence/Cadence_SPB_17.2-2016/share/pcb/allegrolib/symbols 

PADPATH =  C:/DATA/git/hardware/Library/CadenceLib/layout/symbol_lib/ 
           . 
           symbols 
           .. 
           ../symbols 
           C:/Cadence/Cadence_SPB_17.2-2016/share/local/pcb/padstacks 
           C:/Cadence/Cadence_SPB_17.2-2016/share/pcb/pcb_lib/symbols 
           C:/Cadence/Cadence_SPB_17.2-2016/share/pcb/allegrolib/symbols 


------ Symbol Refresh Messages ------

'CAP_SMD_0603'  symbol refreshed successfully.
'J1_6_254'  symbol refreshed successfully.
'J1_7_254'  symbol refreshed successfully.
'HEADER5X2X254'  symbol refreshed successfully.
'J2_20_200'  symbol refreshed successfully.


----- Symbol Update Summary ----

Updated symbols: 5 out 5
    Design updated.

