(---------------------------------------------------------------------)
(                                                                     )
(    NC DRILL Log                                                     )
(                                                                     )
(    Drawing          : ESP8266_SWITCH.brd                            )
(    Software Version : 17.2P019                                      )
(    Date/Time        : Mon Jul 17 17:51:26 2017                      )
(                                                                     )
(---------------------------------------------------------------------)



 Processing NC Parameters file 'nc_param.txt' ...

 NC PARAMETERS
 -------------

 FORMAT   		2.5
 MACHINE-OFFSET		x:0.00000	y:0.00000   (mm)
 FEEDRATE		1
 COORDINATES		ABSOLUTE
 OUTPUT-UNITS		METRIC
 TOOL-ORDER		INCREASING
 REPEAT-CODES		YES
 SUPPRESS-LEAD-ZEROES	NO
 SUPPRESS-TRAIL-ZEROES	NO
 SUPPRESS-EQUAL		NO
 TOOL-SELECT		NO
 HEADER			none
 LEADER			12
 CODE			ASCII
 SEPARATE		NO
 SEPARATE-ROUTING	NO
 OPTIMIZE_DRILLING	NO
 ENHANCED_EXCELLON	NO
 SCALE			1.000000



 Drill files being output to directory 'C:/DATA/git/Cadence/modules/Wifi_Switch2/production' ...



     'ESP8266_SWITCH-1-2-1-2.drl' created for holes connecting TOP and BOTTOM
     ------------------------------------------------------------------------

           Num     Size      +/- Tolerance     Plating   Quantity

            1.   0.5000    0.0000/  0.0000      PLATED        130
            2.   1.0000    0.0000/  0.0000      PLATED         10
            3.   1.4000    0.0000/  0.0000      PLATED          6
            4.   1.5000    0.0000/  0.0000      PLATED          5
            5.   3.3000    0.0000/  0.0000      PLATED          4

     ---- Total holes:                                        155

     ---- Total head travel:              3.99 feet (1.22 meters)

