Mon Aug 07 12:35:29 2017				Page     1


 
Update Symbols/Modules Logfile
	Mon Aug 07 12:35:29 2017

------ Module Refresh Messages ------

SUMMARY:    Updated 0 out of 0 modules

------ End Module Messages     ------



(---------------------------------------------------------------------)
(                                                                     )
(    Refresh Symbol                                                   )
(                                                                     )
(    Drawing          : ESP8266_SWITCH.brd                            )
(    Software Version : 17.2P019                                      )
(    Date/Time        : Mon Aug 07 12:35:30 2017                      )
(                                                                     )
(---------------------------------------------------------------------)


Mon Aug 07 12:35:30 2017				Page     1


------ Symbol Refresh Directives ------

Input design  = 'C:/DATA/GIT/CADENCE/MODULES/WIFI_SWITCH2/allegro/ESP8266_SWITCH.brd'
Output design = ''

Update mechanical symbols              = 'NO'
Update format symbols                  = 'NO'
Update package symbols                 = 'YES'
Update shape/flash symbols             = 'NO'
Update symbol padstacks                = 'NO'
Preserve padstacks replaced on pins    = 'NO'
Reset symbol text and size locations   = 'NO'
Reset Pin Escapes (fanouts)            = 'NO'
Ripup Etch                             = 'NO'
Reset custom drill data                = 'NO'


------ Library Paths ------
PSMPATH =  C:/DATA/git/hardware/Library/CadenceLib/layout/symbol_lib/ 
           . 
           symbols 
           .. 
           ../symbols 
           C:/Cadence/Cadence_SPB_17.2-2016/share/local/pcb/symbols 
           C:/Cadence/Cadence_SPB_17.2-2016/share/pcb/pcb_lib/symbols 
           C:/Cadence/Cadence_SPB_17.2-2016/share/pcb/allegrolib/symbols 

PADPATH =  C:/DATA/git/hardware/Library/CadenceLib/layout/symbol_lib/ 
           . 
           symbols 
           .. 
           ../symbols 
           C:/Cadence/Cadence_SPB_17.2-2016/share/local/pcb/padstacks 
           C:/Cadence/Cadence_SPB_17.2-2016/share/pcb/pcb_lib/symbols 
           C:/Cadence/Cadence_SPB_17.2-2016/share/pcb/allegrolib/symbols 


------ Symbol Refresh Messages ------

'J1_6_254'  symbol refreshed successfully.
'SONGLE_RELAY_5PINS'  symbol refreshed successfully.
'ESP8266_SMD'  symbol refreshed successfully.
'KF850_6P'  symbol refreshed successfully.
'AC2DC_CONVERTER'  symbol refreshed successfully.
'SOT223'  symbol refreshed successfully.
'SOT23'  symbol refreshed successfully.
'LED_SMD_0603'  symbol refreshed successfully.
'CAP_SMD_0603'  symbol refreshed successfully.
'RES_SMD_0603'  symbol refreshed successfully.
'1N4007_SMD'  symbol refreshed successfully.


----- Symbol Update Summary ----

Updated symbols: 11 out 11
    Design updated.

