
---------------------------------------------------------------------------
BOARD: C:/DATA/GIT/CADENCE/MODULES/WIFI_SWITCH/allegro/ESP8266_SWITCH.brd ROUTER: 17.2
DATE: Mon May 22 00:54:45 2017        HOST: QUANGTHANH-PC
---------------------------------------------------------------------------
Cnt St-ex Router      Att  Inv Miss Com% Drcs Vias   Etch  Cpu exec  Cpu Tot
--------- ------    ----- ---- ---- ---- ---- ---- ------  -------- --------
  Start    ----        51    0    0 100%    0    9    32.0  0:02:37  0:02:37

---------------------------------------------------------------------------
BOARD: C:/DATA/GIT/CADENCE/MODULES/WIFI_SWITCH/allegro/ESP8266_SWITCH.brd ROUTER: 17.2
DATE: Mon May 22 00:54:46 2017        HOST: QUANGTHANH-PC
---------------------------------------------------------------------------
Cnt St-ex Router      Att  Inv Miss Com% Drcs Vias   Etch  Cpu exec  Cpu Tot
--------- ------    ----- ---- ---- ---- ---- ---- ------  -------- --------
  Start    ----        51    0    0 100%    0    9    32.0  0:02:37  0:02:37

---------------------------------------------------------------------------
BOARD: C:/DATA/GIT/CADENCE/MODULES/WIFI_SWITCH/allegro/ESP8266_SWITCH.brd ROUTER: 17.2
DATE: Mon May 22 00:54:46 2017        HOST: QUANGTHANH-PC
---------------------------------------------------------------------------
Cnt St-ex Router      Att  Inv Miss Com% Drcs Vias   Etch  Cpu exec  Cpu Tot
--------- ------    ----- ---- ---- ---- ---- ---- ------  -------- --------
  Start    ----        51    0    0 100%    0    9    30.0  0:02:38  0:02:38
