
*********************************************************************
                         ROUTER-LOG
*********************************************************************

NEW ROUTE on C:/DATA/GIT/CADENCE/MODULES/WIFI_SWITCH/allegro/ESP8266_SWITCH.brd
Started on   Mon May 22 00:54:45 2017

---------------------------------------------------------------------
Statistics at the Start of the Route:
----------------------------

    Board Statistics:
    -----------------
        Components:  Placed 26  Unplaced 0  Total 26
        Nets:  W/Rats 18  No/Rats 0  Total 18
        Pins:  W/Rats 69  No/Rats 0  Unused 15  Unplaced 0  Total 84
        Equivalent ICs (1 pin = 1/14 EIC)  6
        Router Keepin (in) (0.0197,-0.0303) by (2.7362,1.5551)
        Board area (sq in)  4.3
        Board density (sq in/EIC) 0.718

    Connection Statistics:        W/Rats      No/Rats      Total
    ----------------------        ------      -------      -----
        Connections                 51           0           51
        Already Connected           51           0           51
        Missing Connections          0           0            0
        Connection Completion      100.00%       0.00%      100.00%
        Manh Distance (inches)      30.18
        Etch Length (inches)        32.01        0.00        32.01
        Number of vias		     9           0            9
        Vias per Connection          0.18        0.00         0.18
        Smd pins with attached clines                        52



---------------------------------------------------------------------
General Routing Parameters
--------------------------

    Checkpoint at:  Last step 1:  Last execution 1
    Overwrite router.log
    Auto Save ON
    Dynamic Control OFF
    Direct Path Router OFF
    Component Orientation  HORIZONTAL
    Order Connections Short First
    Max net priority 0
    Corner type: 45
    Side Entry ALLOWED
    DO NOT FORCE to Pin Escape
    Ripup/Cleanup Pin Escapes OFF
    Via Preference OFF


---------------------------------------------------------------------
Layers and Drc Rules
--------------------

    Subclass                          Spacing       Line Width
    Idx Name                Dir   ll    lv    vv    Def   Neck    Via    Max45
    --- ----                ---   --    --    --    ---   ----    ---    ---
     1  TOP                  H 0.1270 0.3000 0.3000  0.3000 0.3000  1.0000 0.6350
        X grids:     0.3000  Offset: 0.0000
        Y grids:     0.3000  Offset: 0.0000
    --- ----                ---   --    --    --    ---   ----    ---    ---
     2  BOTTOM               V 0.1270 0.3000 0.3000  0.3000 0.3000  1.0000 0.6350
        X grids:     0.3000  Offset: 0.0000
        Y grids:     0.3000  Offset: 0.0000

    ATTEMPTS: 0 this step: 0 skips:  
    count_invalid 0 in 0  0:0:0 hours
---------------------------------------------------------------------
Statistics at the End of the Route:
----------------------------


    Connection Statistics:        W/Rats      No/Rats      Total
    ----------------------        ------      -------      -----
        Connections                 51           0           51
        Already Connected           51           0           51
        Missing Connections          0           0            0
        Connection Completion      100.00%       0.00%      100.00%
        Etch Length (inches)        32.01        0.00        32.01
        Number of vias		     9           0            9
        Vias per Connection          0.18        0.00         0.18
        Smd pins with attached clines                        52



    Total cpu time - 0:2:37 hours
    Total elapsed time - -2180:-21:-8 hours
    Invalid Count Time: 0 0:0:0 hours
    Route ended on  Mon May 22 00:54:45 2017

*********************************************************************
                         ROUTER-LOG
*********************************************************************

NEW ROUTE on C:/DATA/GIT/CADENCE/MODULES/WIFI_SWITCH/allegro/ESP8266_SWITCH.brd
Started on   Mon May 22 00:54:46 2017

---------------------------------------------------------------------
Statistics at the Start of the Route:
----------------------------

    Board Statistics:
    -----------------
        Components:  Placed 26  Unplaced 0  Total 26
        Nets:  W/Rats 18  No/Rats 0  Total 18
        Pins:  W/Rats 69  No/Rats 0  Unused 15  Unplaced 0  Total 84
        Equivalent ICs (1 pin = 1/14 EIC)  6
        Router Keepin (in) (0.0197,-0.0303) by (2.7362,1.5551)
        Board area (sq in)  4.3
        Board density (sq in/EIC) 0.718

    Connection Statistics:        W/Rats      No/Rats      Total
    ----------------------        ------      -------      -----
        Connections                 51           0           51
        Already Connected           51           0           51
        Missing Connections          0           0            0
        Connection Completion      100.00%       0.00%      100.00%
        Manh Distance (inches)      30.18
        Etch Length (inches)        32.01        0.00        32.01
        Number of vias		     9           0            9
        Vias per Connection          0.18        0.00         0.18
        Smd pins with attached clines                        52



---------------------------------------------------------------------
General Routing Parameters
--------------------------

    Checkpoint at:  Last step 1:  Last execution 1
    Overwrite router.log
    Auto Save ON
    Dynamic Control OFF
    Direct Path Router OFF
    Component Orientation  HORIZONTAL
    Order Connections Short First
    Max net priority 0
    Corner type: 45
    Side Entry ALLOWED
    DO NOT FORCE to Pin Escape
    Ripup/Cleanup Pin Escapes OFF
    Via Preference OFF


---------------------------------------------------------------------
Layers and Drc Rules
--------------------

    Subclass                          Spacing       Line Width
    Idx Name                Dir   ll    lv    vv    Def   Neck    Via    Max45
    --- ----                ---   --    --    --    ---   ----    ---    ---
     1  TOP                  H 0.1270 0.3000 0.3000  0.3000 0.3000  1.0000 0.6350
        X grids:     0.3000  Offset: 0.0000
        Y grids:     0.3000  Offset: 0.0000
    --- ----                ---   --    --    --    ---   ----    ---    ---
     2  BOTTOM               V 0.1270 0.3000 0.3000  0.3000 0.3000  1.0000 0.6350
        X grids:     0.3000  Offset: 0.0000
        Y grids:     0.3000  Offset: 0.0000

    ATTEMPTS: 0 this step: 0 skips:  
    count_invalid 0 in 0  0:0:0 hours
---------------------------------------------------------------------
Statistics at the End of the Route:
----------------------------


    Connection Statistics:        W/Rats      No/Rats      Total
    ----------------------        ------      -------      -----
        Connections                 51           0           51
        Already Connected           51           0           51
        Missing Connections          0           0            0
        Connection Completion      100.00%       0.00%      100.00%
        Etch Length (inches)        32.01        0.00        32.01
        Number of vias		     9           0            9
        Vias per Connection          0.18        0.00         0.18
        Smd pins with attached clines                        52



    Total cpu time - 0:2:37 hours
    Total elapsed time - -2180:-21:-7 hours
    Invalid Count Time: 0 0:0:0 hours
    Route ended on  Mon May 22 00:54:46 2017

*********************************************************************
                         ROUTER-LOG
*********************************************************************

NEW ROUTE on C:/DATA/GIT/CADENCE/MODULES/WIFI_SWITCH/allegro/ESP8266_SWITCH.brd
Started on   Mon May 22 00:54:46 2017

---------------------------------------------------------------------
Statistics at the Start of the Route:
----------------------------

    Board Statistics:
    -----------------
        Components:  Placed 26  Unplaced 0  Total 26
        Nets:  W/Rats 18  No/Rats 0  Total 18
        Pins:  W/Rats 69  No/Rats 0  Unused 15  Unplaced 0  Total 84
        Equivalent ICs (1 pin = 1/14 EIC)  6
        Router Keepin (in) (0.0197,-0.0303) by (2.7362,1.5551)
        Board area (sq in)  4.3
        Board density (sq in/EIC) 0.718

    Connection Statistics:        W/Rats      No/Rats      Total
    ----------------------        ------      -------      -----
        Connections                 51           0           51
        Already Connected           51           0           51
        Missing Connections          0           0            0
        Connection Completion      100.00%       0.00%      100.00%
        Manh Distance (inches)      30.18
        Etch Length (inches)        30.38        0.00        30.38
        Number of vias		     9           0            9
        Vias per Connection          0.18        0.00         0.18
        Smd pins with attached clines                        52



---------------------------------------------------------------------
General Routing Parameters
--------------------------

    Checkpoint at:  Last step 1:  Last execution 1
    Overwrite router.log
    Auto Save ON
    Dynamic Control OFF
    Direct Path Router OFF
    Component Orientation  HORIZONTAL
    Order Connections Short First
    Max net priority 0
    Corner type: 45
    Side Entry ALLOWED
    DO NOT FORCE to Pin Escape
    Ripup/Cleanup Pin Escapes OFF
    Via Preference OFF


---------------------------------------------------------------------
Layers and Drc Rules
--------------------

    Subclass                          Spacing       Line Width
    Idx Name                Dir   ll    lv    vv    Def   Neck    Via    Max45
    --- ----                ---   --    --    --    ---   ----    ---    ---
     1  TOP                  H 0.1270 0.3000 0.3000  0.3000 0.3000  1.0000 0.6350
        X grids:     0.3000  Offset: 0.0000
        Y grids:     0.3000  Offset: 0.0000
    --- ----                ---   --    --    --    ---   ----    ---    ---
     2  BOTTOM               V 0.1270 0.3000 0.3000  0.3000 0.3000  1.0000 0.6350
        X grids:     0.3000  Offset: 0.0000
        Y grids:     0.3000  Offset: 0.0000

    ATTEMPTS: 0 this step: 0 skips:  
    count_invalid 0 in 0  0:0:0 hours
---------------------------------------------------------------------
Statistics at the End of the Route:
----------------------------


    Connection Statistics:        W/Rats      No/Rats      Total
    ----------------------        ------      -------      -----
        Connections                 51           0           51
        Already Connected           51           0           51
        Missing Connections          0           0            0
        Connection Completion      100.00%       0.00%      100.00%
        Etch Length (inches)        30.38        0.00        30.38
        Number of vias		     9           0            9
        Vias per Connection          0.18        0.00         0.18
        Smd pins with attached clines                        52



    Total cpu time - 0:2:38 hours
    Total elapsed time - -2180:-21:-7 hours
    Invalid Count Time: 0 0:0:0 hours
    Route ended on  Mon May 22 00:54:46 2017
